well_head_depth_pressure =  175.96349999999998
The string 'wbhp' is found as control!
Walltime = 0.0 Simulated time = 0.0
# 1 	T = 1e-05	DT = 1e-05	NI = 5	LI=7	DT_MULT=1.3	dX=[0.011 0.    0.   ]
TS = 1(0), NI = 5(0), LI = 7(0)
well_head_depth_pressure =  175.96349999999998
The string 'wbhp' is found as control!
Walltime = 0.0 Simulated time = 1e-05
# 1 	T = 2e-05	DT = 1e-05	NI = 1	LI=2	DT_MULT=1.3	dX=[0.011 0.    0.   ]
TS = 2(0), NI = 6(0), LI = 9(0)
well_head_depth_pressure =  175.96349999999998
The string 'wbhp' is found as control!
Walltime = 0.0 Simulated time = 2e-05
# 1 	T = 3e-05	DT = 1e-05	NI = 1	LI=1	DT_MULT=1.3	dX=[0.011 0.    0.   ]
TS = 3(0), NI = 7(0), LI = 10(0)
well_head_depth_pressure =  175.96349999999998
The string 'wbhp' is found as control!
Walltime = 0.0 Simulated time = 3.0000000000000004e-05
# 1 	T = 4e-05	DT = 1e-05	NI = 1	LI=1	DT_MULT=1.3	dX=[0.011 0.    0.   ]
TS = 4(0), NI = 8(0), LI = 11(0)
well_head_depth_pressure =  175.96349999999998
The string 'wbhp' is found as control!
Walltime = 0.0 Simulated time = 4e-05
# 1 	T = 5e-05	DT = 1e-05	NI = 1	LI=1	DT_MULT=1.3	dX=[0.011 0.    0.   ]
TS = 5(0), NI = 9(0), LI = 12(0)
