well_head_depth_pressure =  175.96349999999998
The string 'wbhp' is found as control!
Walltime = 0.0 Simulated time = 0.0
# 1 	T = 1e-05	DT = 1e-05	NI = 5	LI=7
Walltime = 2.54428768157959 Simulated time = 1e-05
# 2 	T = 2.3e-05	DT = 1.3e-05	NI = 1	LI=2
Walltime = 2.7219443321228027 Simulated time = 2.3000000000000003e-05
# 3 	T = 3.99e-05	DT = 1.69e-05	NI = 1	LI=2
Walltime = 2.8755574226379395 Simulated time = 3.990000000000001e-05
# 4 	T = 6.187e-05	DT = 2.197e-05	NI = 1	LI=2
Walltime = 2.9619193077087402 Simulated time = 6.187e-05
# 5 	T = 9.0431e-05	DT = 2.8561e-05	NI = 2	LI=3
Walltime = 3.1309916973114014 Simulated time = 9.0431e-05
# 6 	T = 0.00012756	DT = 3.71293e-05	NI = 2	LI=4
Walltime = 3.512798309326172 Simulated time = 0.0001275603
# 7 	T = 0.000175828	DT = 4.82681e-05	NI = 2	LI=4
Walltime = 3.9088337421417236 Simulated time = 0.00017582839
# 8 	T = 0.000238577	DT = 6.27485e-05	NI = 1	LI=2
Walltime = 3.9928245544433594 Simulated time = 0.000238576907
# 9 	T = 0.00032015	DT = 8.15731e-05	NI = 2	LI=4
Walltime = 4.4082112312316895 Simulated time = 0.0003201499791
# 10 	T = 0.000426195	DT = 0.000106045	NI = 2	LI=4
Walltime = 4.677698135375977 Simulated time = 0.00042619497283
# 11 	T = 0.000564053	DT = 0.000137858	NI = 2	LI=4
Walltime = 4.837656497955322 Simulated time = 0.000564053464679
# 12 	T = 0.00074327	DT = 0.000179216	NI = 2	LI=4
Walltime = 4.99970817565918 Simulated time = 0.0007432695040827001
# 13 	T = 0.00097625	DT = 0.000232981	NI = 2	LI=6
Walltime = 5.117794752120972 Simulated time = 0.0009762503553075102
# 14 	T = 0.00127913	DT = 0.000302875	NI = 2	LI=6
Walltime = 5.2131853103637695 Simulated time = 0.0012791254618997633
# 15 	T = 0.00167286	DT = 0.000393738	NI = 2	LI=4
Walltime = 5.3144919872283936 Simulated time = 0.0016728631004696924
# 16 	T = 0.00218472	DT = 0.000511859	NI = 2	LI=8
Walltime = 5.409688472747803 Simulated time = 0.0021847220306106
# 17 	T = 0.00285014	DT = 0.000665417	NI = 2	LI=6
Walltime = 5.5210771560668945 Simulated time = 0.0028501386397937803
# 18 	T = 0.00371518	DT = 0.000865042	NI = 2	LI=6
Walltime = 5.670420408248901 Simulated time = 0.0037151802317319147
# 19 	T = 0.00483973	DT = 0.00112455	NI = 2	LI=6
Walltime = 5.816392421722412 Simulated time = 0.004839734301251489
# 20 	T = 0.00630165	DT = 0.00146192	NI = 1	LI=3
Walltime = 5.924393177032471 Simulated time = 0.006301654591626936
# 21 	T = 0.00820215	DT = 0.0019005	NI = 1	LI=3
Walltime = 5.9849512577056885 Simulated time = 0.008202150969115017
# 22 	T = 0.0106728	DT = 0.00247065	NI = 1	LI=4
Walltime = 6.052727222442627 Simulated time = 0.010672796259849522
# 23 	T = 0.0138846	DT = 0.00321184	NI = 1	LI=4
Walltime = 6.113280296325684 Simulated time = 0.013884635137804378
# 24 	T = 0.01806	DT = 0.00417539	NI = 1	LI=3
Walltime = 6.200329303741455 Simulated time = 0.01806002567914569
# 25 	T = 0.023488	DT = 0.00542801	NI = 1	LI=3
Walltime = 6.2623326778411865 Simulated time = 0.0234880333828894
# 26 	T = 0.0305444	DT = 0.00705641	NI = 1	LI=3
Walltime = 6.32098388671875 Simulated time = 0.03054444339775622
Stationary point detected!
Cut timestep to 0.0070564100
Walltime = 6.866553544998169 Simulated time = 0.03054444339775622
Stationary point detected!
Cut timestep to 0.0054280077
Walltime = 7.25432825088501 Simulated time = 0.03054444339775622
# 27 	T = 0.0359725	DT = 0.00542801	NI = 7	LI=17
Walltime = 7.571706056594849 Simulated time = 0.03597245110149993
# 28 	T = 0.0430289	DT = 0.00705641	NI = 3	LI=8
Walltime = 7.729706287384033 Simulated time = 0.04302886111636675
Cut timestep to 0.0070564100
Walltime = 8.847053527832031 Simulated time = 0.04302886111636675
Cut timestep to 0.0054280077
Walltime = 9.952090978622437 Simulated time = 0.04302886111636675
Cut timestep to 0.0041753905
Walltime = 11.026276588439941 Simulated time = 0.04302886111636675
Cut timestep to 0.0032118389
Walltime = 12.01780652999878 Simulated time = 0.04302886111636675
Cut timestep to 0.0024706453
Walltime = 13.054575204849243 Simulated time = 0.04302886111636675
# 29 	T = 0.0454995	DT = 0.00247065	NI = 6	LI=20
Walltime = 13.34660530090332 Simulated time = 0.04549950640710126
Cut timestep to 0.0024706453
Walltime = 14.406685590744019 Simulated time = 0.04549950640710126
Cut timestep to 0.0019004964
Walltime = 15.42063856124878 Simulated time = 0.04549950640710126
Cut timestep to 0.0014619203
Walltime = 16.31081223487854 Simulated time = 0.04549950640710126
Cut timestep to 0.0011245541
Walltime = 17.17198896408081 Simulated time = 0.04549950640710126
Cut timestep to 0.0008650416
Walltime = 18.040173530578613 Simulated time = 0.04549950640710126
Cut timestep to 0.0006654166
Walltime = 18.887500762939453 Simulated time = 0.04549950640710126
Stationary point detected!
Cut timestep to 0.0005118589
Walltime = 19.567113876342773 Simulated time = 0.04549950640710126
Stationary point detected!
Cut timestep to 0.0003937376
Walltime = 20.139034271240234 Simulated time = 0.04549950640710126
Stationary point detected!
Cut timestep to 0.0003028751
Walltime = 20.57822299003601 Simulated time = 0.04549950640710126
Stationary point detected!
Cut timestep to 0.0002329809
Walltime = 21.03713059425354 Simulated time = 0.04549950640710126
Stationary point detected!
Cut timestep to 0.0001792160
Walltime = 21.429277658462524 Simulated time = 0.04549950640710126
Stationary point detected!
Cut timestep to 0.0001378585
Walltime = 21.75136637687683 Simulated time = 0.04549950640710126
Stationary point detected!
Cut timestep to 0.0001060450
Walltime = 22.042171478271484 Simulated time = 0.04549950640710126
Stationary point detected!
Cut timestep to 0.0000815731
Walltime = 22.350566148757935 Simulated time = 0.04549950640710126
Stationary point detected!
Cut timestep to 0.0000627485
Walltime = 22.69020986557007 Simulated time = 0.04549950640710126
Stationary point detected!
Cut timestep to 0.0000482681
Walltime = 23.06114387512207 Simulated time = 0.04549950640710126
# 30 	T = 0.0455478	DT = 4.82681e-05	NI = 2	LI=3
Walltime = 23.144344806671143 Simulated time = 0.045547774497101255
# 31 	T = 0.0456105	DT = 6.27485e-05	NI = 1	LI=1
Walltime = 23.19015336036682 Simulated time = 0.045610523014101255
Stationary point detected!
Cut timestep to 0.0000627485
Walltime = 23.672616481781006 Simulated time = 0.045610523014101255
Stationary point detected!
Cut timestep to 0.0000482681
Walltime = 24.175400972366333 Simulated time = 0.045610523014101255
# 32 	T = 0.0456588	DT = 4.82681e-05	NI = 1	LI=1
Walltime = 24.22247338294983 Simulated time = 0.04565879110410125
# 33 	T = 0.0457215	DT = 6.27485e-05	NI = 1	LI=1
Walltime = 24.268975973129272 Simulated time = 0.04572153962110125
Stationary point detected!
Cut timestep to 0.0000627485
Walltime = 24.755971431732178 Simulated time = 0.04572153962110125
Stationary point detected!
Cut timestep to 0.0000482681
Walltime = 25.33389377593994 Simulated time = 0.04572153962110125
# 34 	T = 0.0457698	DT = 4.82681e-05	NI = 1	LI=1
Walltime = 25.387895822525024 Simulated time = 0.04576980771110125
# 35 	T = 0.0458326	DT = 6.27485e-05	NI = 1	LI=1
Walltime = 25.447170972824097 Simulated time = 0.04583255622810125
Stationary point detected!
Cut timestep to 0.0000627485
Walltime = 26.04211449623108 Simulated time = 0.04583255622810125
Stationary point detected!
Cut timestep to 0.0000482681
Walltime = 26.639355659484863 Simulated time = 0.04583255622810125
# 36 	T = 0.0458808	DT = 4.82681e-05	NI = 1	LI=1
Walltime = 26.69152021408081 Simulated time = 0.04588082431810125
# 37 	T = 0.0459436	DT = 6.27485e-05	NI = 1	LI=1
Walltime = 26.74261164665222 Simulated time = 0.04594357283510125
Stationary point detected!
Cut timestep to 0.0000627485
Walltime = 27.266427516937256 Simulated time = 0.04594357283510125
Stationary point detected!
Cut timestep to 0.0000482681
Walltime = 27.736290216445923 Simulated time = 0.04594357283510125
# 38 	T = 0.0459918	DT = 4.82681e-05	NI = 2	LI=3
Walltime = 27.816001653671265 Simulated time = 0.045991840925101245
# 39 	T = 0.0460546	DT = 6.27485e-05	NI = 1	LI=1
Walltime = 27.86600136756897 Simulated time = 0.046054589442101244
# 40 	T = 0.0461362	DT = 8.15731e-05	NI = 1	LI=1
Walltime = 27.91347861289978 Simulated time = 0.046136162514201245
# 41 	T = 0.0462422	DT = 0.000106045	NI = 1	LI=1
Walltime = 27.971484899520874 Simulated time = 0.046242207507931246
# 42 	T = 0.0463801	DT = 0.000137858	NI = 1	LI=2
Walltime = 28.04689598083496 Simulated time = 0.04638006599978024
# 43 	T = 0.0465593	DT = 0.000179216	NI = 1	LI=1
Walltime = 28.096417903900146 Simulated time = 0.04655928203918394
# 44 	T = 0.0467923	DT = 0.000232981	NI = 1	LI=2
Walltime = 28.151418209075928 Simulated time = 0.04679226289040875
# 45 	T = 0.0470951	DT = 0.000302875	NI = 1	LI=2
Walltime = 28.23956871032715 Simulated time = 0.047095137997001
# 46 	T = 0.0474889	DT = 0.000393738	NI = 1	LI=2
Walltime = 28.305567741394043 Simulated time = 0.04748887563557093
# 47 	T = 0.0480007	DT = 0.000511859	NI = 1	LI=3
Walltime = 28.378973722457886 Simulated time = 0.048000734565711835
# 48 	T = 0.0486662	DT = 0.000665417	NI = 1	LI=2
Walltime = 28.432257413864136 Simulated time = 0.04866615117489501
# 49 	T = 0.0495312	DT = 0.000865042	NI = 1	LI=3
Walltime = 28.51925754547119 Simulated time = 0.04953119276683315
# 50 	T = 0.0506557	DT = 0.00112455	NI = 2	LI=6
Walltime = 28.619356870651245 Simulated time = 0.050655746836352725
# 51 	T = 0.0521177	DT = 0.00146192	NI = 2	LI=4
Walltime = 28.7236807346344 Simulated time = 0.05211766712672817
# 52 	T = 0.0540182	DT = 0.0019005	NI = 2	LI=4
Walltime = 28.82789134979248 Simulated time = 0.05401816350421625
# 53 	T = 0.0564888	DT = 0.00247065	NI = 2	LI=6
Walltime = 28.950334787368774 Simulated time = 0.05648880879495076
# 54 	T = 0.0597006	DT = 0.00321184	NI = 2	LI=7
Walltime = 29.067306995391846 Simulated time = 0.059700647672905616
# 55 	T = 0.063876	DT = 0.00417539	NI = 2	LI=6
Walltime = 29.191304206848145 Simulated time = 0.06387603821424694
# 56 	T = 0.069304	DT = 0.00542801	NI = 3	LI=9
Walltime = 29.334963083267212 Simulated time = 0.06930404591799065
# 57 	T = 0.0763605	DT = 0.00705641	NI = 3	LI=9
Walltime = 29.49423837661743 Simulated time = 0.07636045593285747
# 58 	T = 0.0855338	DT = 0.00917333	NI = 3	LI=9
Walltime = 29.641711235046387 Simulated time = 0.08553378895218433
# 59 	T = 0.0974591	DT = 0.0119253	NI = 4	LI=15
Walltime = 29.85927152633667 Simulated time = 0.09745912187730926
# 60 	T = 0.1	DT = 0.00254088	NI = 3	LI=10
TS = 60(31), NI = 110(445), LI = 270(1211)
