well_head_depth_pressure =  175.96349999999998
The string 'wbhp' is found as control!
Walltime = 0.0 Simulated time = 0.0
# 1 	T = 1e-05	DT = 1e-05	NI = 5	LI=7
Walltime = 1.3822104930877686 Simulated time = 1e-05
# 2 	T = 2.3e-05	DT = 1.3e-05	NI = 1	LI=2
Walltime = 1.8079593181610107 Simulated time = 2.3000000000000003e-05
# 3 	T = 3.99e-05	DT = 1.69e-05	NI = 1	LI=2
Walltime = 2.3102662563323975 Simulated time = 3.990000000000001e-05
# 4 	T = 6.187e-05	DT = 2.197e-05	NI = 1	LI=2
Walltime = 2.6701083183288574 Simulated time = 6.187e-05
# 5 	T = 9.0431e-05	DT = 2.8561e-05	NI = 2	LI=3
Walltime = 2.8062942028045654 Simulated time = 9.0431e-05
# 6 	T = 0.00012756	DT = 3.71293e-05	NI = 2	LI=4
Walltime = 3.0412940979003906 Simulated time = 0.0001275603
# 7 	T = 0.000175828	DT = 4.82681e-05	NI = 2	LI=4
Walltime = 3.309140682220459 Simulated time = 0.00017582839
# 8 	T = 0.000238577	DT = 6.27485e-05	NI = 1	LI=2
Walltime = 3.451486825942993 Simulated time = 0.000238576907
# 9 	T = 0.00032015	DT = 8.15731e-05	NI = 2	LI=4
Walltime = 3.5811874866485596 Simulated time = 0.0003201499791
# 10 	T = 0.000426195	DT = 0.000106045	NI = 2	LI=4
Walltime = 3.826540231704712 Simulated time = 0.00042619497283
# 11 	T = 0.000564053	DT = 0.000137858	NI = 2	LI=4
Walltime = 4.021832466125488 Simulated time = 0.000564053464679
# 12 	T = 0.00074327	DT = 0.000179216	NI = 2	LI=4
Walltime = 4.433454751968384 Simulated time = 0.0007432695040827001
# 13 	T = 0.00097625	DT = 0.000232981	NI = 2	LI=6
Walltime = 5.202123641967773 Simulated time = 0.0009762503553075102
# 14 	T = 0.00127913	DT = 0.000302875	NI = 2	LI=6
Walltime = 5.8273231983184814 Simulated time = 0.0012791254618997633
# 15 	T = 0.00167286	DT = 0.000393738	NI = 2	LI=4
Walltime = 6.342867851257324 Simulated time = 0.0016728631004696924
# 16 	T = 0.00218472	DT = 0.000511859	NI = 2	LI=8
Walltime = 6.579258918762207 Simulated time = 0.0021847220306106
# 17 	T = 0.00285014	DT = 0.000665417	NI = 2	LI=6
Walltime = 6.81903600692749 Simulated time = 0.0028501386397937803
# 18 	T = 0.00371518	DT = 0.000865042	NI = 2	LI=6
Walltime = 7.684741497039795 Simulated time = 0.0037151802317319147
# 19 	T = 0.00483973	DT = 0.00112455	NI = 2	LI=6
Walltime = 7.815061807632446 Simulated time = 0.004839734301251489
# 20 	T = 0.00630165	DT = 0.00146192	NI = 1	LI=3
Walltime = 7.872133255004883 Simulated time = 0.006301654591626936
# 21 	T = 0.00820215	DT = 0.0019005	NI = 1	LI=3
Walltime = 7.9762022495269775 Simulated time = 0.008202150969115017
# 22 	T = 0.0106728	DT = 0.00247065	NI = 1	LI=4
Walltime = 8.04097580909729 Simulated time = 0.010672796259849522
# 23 	T = 0.0138846	DT = 0.00321184	NI = 1	LI=4
Walltime = 8.100974321365356 Simulated time = 0.013884635137804378
# 24 	T = 0.01806	DT = 0.00417539	NI = 1	LI=3
Walltime = 8.160542964935303 Simulated time = 0.01806002567914569
# 25 	T = 0.023488	DT = 0.00542801	NI = 1	LI=3
Walltime = 8.257122278213501 Simulated time = 0.0234880333828894
# 26 	T = 0.0305444	DT = 0.00705641	NI = 1	LI=3
Walltime = 8.368874549865723 Simulated time = 0.03054444339775622
Stationary point detected!
Cut timestep to 0.0070564100
Walltime = 9.029870986938477 Simulated time = 0.03054444339775622
Stationary point detected!
Cut timestep to 0.0054280077
Walltime = 9.651741027832031 Simulated time = 0.03054444339775622
# 27 	T = 0.0359725	DT = 0.00542801	NI = 7	LI=17
Walltime = 10.0479097366333 Simulated time = 0.03597245110149993
# 28 	T = 0.0430289	DT = 0.00705641	NI = 3	LI=8
Walltime = 10.192250728607178 Simulated time = 0.04302886111636675
Cut timestep to 0.0070564100
Walltime = 11.97573709487915 Simulated time = 0.04302886111636675
Cut timestep to 0.0054280077
Walltime = 13.413307428359985 Simulated time = 0.04302886111636675
Cut timestep to 0.0041753905
Walltime = 14.764974355697632 Simulated time = 0.04302886111636675
Cut timestep to 0.0032118389
Walltime = 16.023410081863403 Simulated time = 0.04302886111636675
Cut timestep to 0.0024706453
Walltime = 17.16927695274353 Simulated time = 0.04302886111636675
# 29 	T = 0.0454995	DT = 0.00247065	NI = 6	LI=20
Walltime = 17.446033000946045 Simulated time = 0.04549950640710126
Cut timestep to 0.0024706453
Walltime = 18.497511863708496 Simulated time = 0.04549950640710126
Cut timestep to 0.0019004964
Walltime = 19.48078489303589 Simulated time = 0.04549950640710126
Cut timestep to 0.0014619203
Walltime = 20.38147473335266 Simulated time = 0.04549950640710126
Cut timestep to 0.0011245541
Walltime = 21.300214290618896 Simulated time = 0.04549950640710126
Cut timestep to 0.0008650416
Walltime = 22.25970768928528 Simulated time = 0.04549950640710126
Cut timestep to 0.0006654166
Walltime = 24.388080596923828 Simulated time = 0.04549950640710126
Stationary point detected!
Cut timestep to 0.0005118589
Walltime = 25.180729150772095 Simulated time = 0.04549950640710126
Stationary point detected!
Cut timestep to 0.0003937376
Walltime = 25.89146137237549 Simulated time = 0.04549950640710126
Stationary point detected!
Cut timestep to 0.0003028751
Walltime = 26.3826265335083 Simulated time = 0.04549950640710126
Stationary point detected!
Cut timestep to 0.0002329809
Walltime = 26.86488127708435 Simulated time = 0.04549950640710126
Stationary point detected!
Cut timestep to 0.0001792160
Walltime = 27.275806427001953 Simulated time = 0.04549950640710126
Stationary point detected!
Cut timestep to 0.0001378585
Walltime = 27.590343713760376 Simulated time = 0.04549950640710126
Stationary point detected!
Cut timestep to 0.0001060450
Walltime = 27.866841554641724 Simulated time = 0.04549950640710126
Stationary point detected!
Cut timestep to 0.0000815731
Walltime = 28.16703486442566 Simulated time = 0.04549950640710126
Stationary point detected!
Cut timestep to 0.0000627485
Walltime = 28.49774146080017 Simulated time = 0.04549950640710126
Stationary point detected!
Cut timestep to 0.0000482681
Walltime = 28.855651378631592 Simulated time = 0.04549950640710126
# 30 	T = 0.0455478	DT = 4.82681e-05	NI = 2	LI=3
Walltime = 28.93786382675171 Simulated time = 0.045547774497101255
# 31 	T = 0.0456105	DT = 6.27485e-05	NI = 1	LI=1
Walltime = 28.983139991760254 Simulated time = 0.045610523014101255
Stationary point detected!
Cut timestep to 0.0000627485
Walltime = 29.43880844116211 Simulated time = 0.045610523014101255
Stationary point detected!
Cut timestep to 0.0000482681
Walltime = 29.92672348022461 Simulated time = 0.045610523014101255
# 32 	T = 0.0456588	DT = 4.82681e-05	NI = 1	LI=1
Walltime = 29.97278618812561 Simulated time = 0.04565879110410125
# 33 	T = 0.0457215	DT = 6.27485e-05	NI = 1	LI=1
Walltime = 30.027405738830566 Simulated time = 0.04572153962110125
Stationary point detected!
Cut timestep to 0.0000627485
Walltime = 30.486618280410767 Simulated time = 0.04572153962110125
Stationary point detected!
Cut timestep to 0.0000482681
Walltime = 30.94295072555542 Simulated time = 0.04572153962110125
# 34 	T = 0.0457698	DT = 4.82681e-05	NI = 1	LI=1
Walltime = 30.988301753997803 Simulated time = 0.04576980771110125
# 35 	T = 0.0458326	DT = 6.27485e-05	NI = 1	LI=1
Walltime = 31.039711952209473 Simulated time = 0.04583255622810125
Stationary point detected!
Cut timestep to 0.0000627485
Walltime = 31.500084400177002 Simulated time = 0.04583255622810125
Stationary point detected!
Cut timestep to 0.0000482681
Walltime = 31.972452402114868 Simulated time = 0.04583255622810125
# 36 	T = 0.0458808	DT = 4.82681e-05	NI = 1	LI=1
Walltime = 32.018529653549194 Simulated time = 0.04588082431810125
# 37 	T = 0.0459436	DT = 6.27485e-05	NI = 1	LI=1
Walltime = 32.063602685928345 Simulated time = 0.04594357283510125
Stationary point detected!
Cut timestep to 0.0000627485
Walltime = 32.52578616142273 Simulated time = 0.04594357283510125
Stationary point detected!
Cut timestep to 0.0000482681
Walltime = 32.97570514678955 Simulated time = 0.04594357283510125
# 38 	T = 0.0459918	DT = 4.82681e-05	NI = 2	LI=3
Walltime = 33.05276942253113 Simulated time = 0.045991840925101245
# 39 	T = 0.0460546	DT = 6.27485e-05	NI = 1	LI=1
Walltime = 33.10076665878296 Simulated time = 0.046054589442101244
# 40 	T = 0.0461362	DT = 8.15731e-05	NI = 1	LI=1
Walltime = 33.14623141288757 Simulated time = 0.046136162514201245
# 41 	T = 0.0462422	DT = 0.000106045	NI = 1	LI=1
Walltime = 33.20239210128784 Simulated time = 0.046242207507931246
# 42 	T = 0.0463801	DT = 0.000137858	NI = 1	LI=2
Walltime = 33.25246500968933 Simulated time = 0.04638006599978024
# 43 	T = 0.0465593	DT = 0.000179216	NI = 1	LI=1
Walltime = 33.3046338558197 Simulated time = 0.04655928203918394
# 44 	T = 0.0467923	DT = 0.000232981	NI = 1	LI=2
Walltime = 33.36371088027954 Simulated time = 0.04679226289040875
# 45 	T = 0.0470951	DT = 0.000302875	NI = 1	LI=2
Walltime = 33.420711040496826 Simulated time = 0.047095137997001
# 46 	T = 0.0474889	DT = 0.000393738	NI = 1	LI=2
Walltime = 33.481001138687134 Simulated time = 0.04748887563557093
# 47 	T = 0.0480007	DT = 0.000511859	NI = 1	LI=3
Walltime = 33.54920554161072 Simulated time = 0.048000734565711835
# 48 	T = 0.0486662	DT = 0.000665417	NI = 1	LI=2
Walltime = 33.61828684806824 Simulated time = 0.04866615117489501
# 49 	T = 0.0495312	DT = 0.000865042	NI = 1	LI=3
Walltime = 33.687581062316895 Simulated time = 0.04953119276683315
# 50 	T = 0.0506557	DT = 0.00112455	NI = 2	LI=6
Walltime = 33.79377269744873 Simulated time = 0.050655746836352725
# 51 	T = 0.0521177	DT = 0.00146192	NI = 2	LI=4
Walltime = 33.92624521255493 Simulated time = 0.05211766712672817
# 52 	T = 0.0540182	DT = 0.0019005	NI = 2	LI=4
Walltime = 34.073407888412476 Simulated time = 0.05401816350421625
# 53 	T = 0.0564888	DT = 0.00247065	NI = 2	LI=6
Walltime = 34.236512184143066 Simulated time = 0.05648880879495076
# 54 	T = 0.0597006	DT = 0.00321184	NI = 2	LI=7
Walltime = 34.41492772102356 Simulated time = 0.059700647672905616
# 55 	T = 0.063876	DT = 0.00417539	NI = 2	LI=6
Walltime = 34.58840227127075 Simulated time = 0.06387603821424694
# 56 	T = 0.069304	DT = 0.00542801	NI = 3	LI=9
Walltime = 34.81246876716614 Simulated time = 0.06930404591799065
# 57 	T = 0.0763605	DT = 0.00705641	NI = 3	LI=9
Walltime = 35.03015160560608 Simulated time = 0.07636045593285747
# 58 	T = 0.0855338	DT = 0.00917333	NI = 3	LI=9
Walltime = 35.19033718109131 Simulated time = 0.08553378895218433
# 59 	T = 0.0974591	DT = 0.0119253	NI = 4	LI=15
Walltime = 35.40388321876526 Simulated time = 0.09745912187730926
Cut timestep to 0.0119253329
Walltime = 36.43075966835022 Simulated time = 0.09745912187730926
Cut timestep to 0.0091733330
Walltime = 37.47233867645264 Simulated time = 0.09745912187730926
Cut timestep to 0.0070564100
Walltime = 38.540247678756714 Simulated time = 0.09745912187730926
Stationary point detected!
Cut timestep to 0.0054280077
Walltime = 38.751463651657104 Simulated time = 0.09745912187730926
# 60 	T = 0.102887	DT = 0.00542801	NI = 3	LI=10
Walltime = 38.897088289260864 Simulated time = 0.10288712958105298
Cut timestep to 0.0054280077
Walltime = 39.994542360305786 Simulated time = 0.10288712958105298
