darts-linear-solvers built on vr 21-02-2025 13:26:34 by SRV554$@SRV554 from 9c7e762-dirty
darts-engines built on May  9 2025 14:18:48 by SRV554$@SRV554 from a44e934fd1650ca5baf30d1971a73abf3c937318
darts-discretizer built on May  9 2025 14:18:48 by SRV554$@SRV554 from a44e934fd1650ca5baf30d1971a73abf3c937318
num_of_elements: 22677
num_of_cells:    25000
active_cells:    18038
number_of_faces: 58351
bnd_faces_num:   4639
53712 connections:
Adjacency matrix:	9	[ms]
Find TPFA trans:	116	[ms]
Processing mesh: 18038 reservoir blocks, 32 well blocks, 53774 connections
Linear solver type is CPU_GMRES_CPR_AMG
2-phase 2-component non-isothermal flow with kinetic reaction and diffusion CPU engine
Sim params: 
	First ts: 	1e-05
	Max ts: 	10
	Mult ts: 	1.3
	Max i newton: 	20
	Max i linear: 	50
	Tol newton: 	0.001
	Tol linear: 	1e-05
	OpenMP threads: 	6

START SIMULATION
-------------------------------------------------------------------------------------------------------------
Well INJ initialized with BHP-control
	 #1 (1.0816e-09, 8.0090e+04): lin 2 (6.3e-12)
Composition correction applied in 15 block(s)
OBL axis correction: block 18069 variable 2 shoots over axis limit of 373.15 to 399.482
OBL axis correction applied 1 time(s) 
	 #2 (5.5083e-10, 2.4589e+04): lin 1 (7.8e-06)
	 #3 (1.4701e-12, 3.5152e+03): lin 1 (1.4e-06)
	 #4 (1.6234e-13, 2.1415e+02): lin 1 (6.5e-06)
	 #5 (3.2121e-15, 5.2632e+00): lin 2 (5.9e-13)
-------------------------------------------------------------------------------------------------------------
 T = 1e-05, DT = 1e-05, NI = 5, LI = 7, RES = 8.2e-16 (8.3e-03), CFL=0.000 (ELAPSED 00:00:01 )
-------------------------------------------------------------------------------------------------------------
	 #1 (1.9305e-09, 4.4841e+01): lin 2 (3.1e-13)
-------------------------------------------------------------------------------------------------------------
 T = 2.3e-05, DT = 1.3e-05, NI = 1, LI = 2, RES = 1.4e-15 (3.6e-02), CFL=0.000 (ELAPSED 00:00:01 )
-------------------------------------------------------------------------------------------------------------
	 #1 (2.5090e-09, 1.2259e+00): lin 2 (6.1e-13)
-------------------------------------------------------------------------------------------------------------
 T = 3.99e-05, DT = 1.69e-05, NI = 1, LI = 2, RES = 1.9e-15 (4.1e-02), CFL=0.000 (ELAPSED 00:00:02 )
-------------------------------------------------------------------------------------------------------------
	 #1 (3.2548e-09, 1.3398e+00): lin 2 (3.9e-12)
-------------------------------------------------------------------------------------------------------------
 T = 6.187e-05, DT = 2.197e-05, NI = 1, LI = 2, RES = 2.9e-15 (7.6e-02), CFL=0.000 (ELAPSED 00:00:02 )
-------------------------------------------------------------------------------------------------------------
	 #1 (4.2196e-09, 1.5289e+00): lin 2 (1.8e-11)
	 #2 (4.5687e-15, 1.0906e-01): lin 1 (6.2e-06)
-------------------------------------------------------------------------------------------------------------
 T = 9.0431e-05, DT = 2.8561e-05, NI = 2, LI = 3, RES = 1.0e-15 (6.8e-08), CFL=0.000 (ELAPSED 00:00:02 )
-------------------------------------------------------------------------------------------------------------
	 #1 (5.4656e-09, 1.7063e+00): lin 2 (3.8e-11)
	 #2 (7.3423e-15, 1.7406e-01): lin 2 (4.9e-12)
-------------------------------------------------------------------------------------------------------------
 T = 0.00012756, DT = 3.71293e-05, NI = 2, LI = 4, RES = 1.1e-15 (8.4e-08), CFL=0.000 (ELAPSED 00:00:02 )
-------------------------------------------------------------------------------------------------------------
	 #1 (7.0718e-09, 1.8745e+00): lin 2 (1.1e-10)
	 #2 (1.2059e-14, 1.7123e-01): lin 2 (5.2e-11)
-------------------------------------------------------------------------------------------------------------
 T = 0.000175828, DT = 4.82681e-05, NI = 2, LI = 4, RES = 1.2e-15 (1.1e-07), CFL=0.000 (ELAPSED 00:00:03 )
-------------------------------------------------------------------------------------------------------------
	 #1 (9.1369e-09, 2.0185e+00): lin 2 (8.5e-11)
-------------------------------------------------------------------------------------------------------------
 T = 0.000238577, DT = 6.27485e-05, NI = 1, LI = 2, RES = 1.9e-14 (7.6e-02), CFL=0.000 (ELAPSED 00:00:03 )
-------------------------------------------------------------------------------------------------------------
	 #1 (1.1784e-08, 2.1355e+00): lin 2 (2.6e-10)
	 #2 (3.2276e-14, 5.3644e-01): lin 2 (2.6e-10)
-------------------------------------------------------------------------------------------------------------
 T = 0.00032015, DT = 8.15731e-05, NI = 2, LI = 4, RES = 1.2e-15 (1.8e-07), CFL=0.000 (ELAPSED 00:00:03 )
-------------------------------------------------------------------------------------------------------------
	 #1 (1.5161e-08, 2.1974e+00): lin 2 (1.0e-09)
	 #2 (5.2027e-14, 5.5922e-01): lin 2 (1.1e-09)
-------------------------------------------------------------------------------------------------------------
 T = 0.000426195, DT = 0.000106045, NI = 2, LI = 4, RES = 1.2e-15 (3.0e-07), CFL=0.000 (ELAPSED 00:00:03 )
-------------------------------------------------------------------------------------------------------------
	 #1 (1.9450e-08, 2.2207e+00): lin 2 (5.4e-09)
	 #2 (8.3865e-14, 9.2906e-01): lin 2 (8.4e-09)
-------------------------------------------------------------------------------------------------------------
 T = 0.000564053, DT = 0.000137858, NI = 2, LI = 4, RES = 1.3e-15 (3.8e-07), CFL=0.000 (ELAPSED 00:00:03 )
-------------------------------------------------------------------------------------------------------------
	 #1 (2.4860e-08, 2.1957e+00): lin 2 (2.7e-08)
	 #2 (1.3337e-13, 9.9990e-01): lin 2 (1.2e-08)
-------------------------------------------------------------------------------------------------------------
 T = 0.00074327, DT = 0.000179216, NI = 2, LI = 4, RES = 1.3e-15 (4.9e-07), CFL=0.000 (ELAPSED 00:00:04 )
-------------------------------------------------------------------------------------------------------------
	 #1 (3.1626e-08, 2.1244e+00): lin 3 (1.1e-08)
	 #2 (2.0912e-13, 1.8124e+00): lin 3 (2.9e-10)
-------------------------------------------------------------------------------------------------------------
 T = 0.00097625, DT = 0.000232981, NI = 2, LI = 6, RES = 1.4e-15 (5.0e-07), CFL=0.000 (ELAPSED 00:00:05 )
-------------------------------------------------------------------------------------------------------------
	 #1 (4.0003e-08, 2.0100e+00): lin 3 (7.9e-08)
	 #2 (3.2131e-13, 2.0524e+00): lin 3 (4.4e-09)
-------------------------------------------------------------------------------------------------------------
 T = 0.00127913, DT = 0.000302875, NI = 2, LI = 6, RES = 1.4e-15 (7.6e-07), CFL=0.000 (ELAPSED 00:00:05 )
-------------------------------------------------------------------------------------------------------------
	 #1 (5.0249e-08, 1.8579e+00): lin 2 (7.8e-07)
	 #2 (4.7534e-13, 2.1629e+00): lin 2 (1.6e-07)
-------------------------------------------------------------------------------------------------------------
 T = 0.00167286, DT = 0.000393738, NI = 2, LI = 4, RES = 1.6e-15 (8.7e-07), CFL=0.000 (ELAPSED 00:00:06 )
-------------------------------------------------------------------------------------------------------------
	 #1 (6.2601e-08, 1.6756e+00): lin 4 (8.8e-07)
	 #2 (6.9761e-13, 2.9150e+00): lin 4 (7.9e-08)
-------------------------------------------------------------------------------------------------------------
 T = 0.00218472, DT = 0.000511859, NI = 2, LI = 8, RES = 1.9e-15 (1.2e-06), CFL=0.000 (ELAPSED 00:00:06 )
-------------------------------------------------------------------------------------------------------------
	 #1 (7.7255e-08, 1.4746e+00): lin 3 (7.7e-07)
	 #2 (9.5496e-13, 1.3356e+00): lin 3 (6.9e-08)
-------------------------------------------------------------------------------------------------------------
 T = 0.00285014, DT = 0.000665417, NI = 2, LI = 6, RES = 2.2e-15 (2.0e-06), CFL=0.000 (ELAPSED 00:00:06 )
-------------------------------------------------------------------------------------------------------------
	 #1 (9.4359e-08, 1.2694e+00): lin 3 (3.8e-06)
	 #2 (1.3003e-12, 2.7809e+00): lin 3 (7.1e-07)
-------------------------------------------------------------------------------------------------------------
 T = 0.00371518, DT = 0.000865042, NI = 2, LI = 6, RES = 2.7e-15 (3.1e-06), CFL=0.000 (ELAPSED 00:00:07 )
-------------------------------------------------------------------------------------------------------------
	 #1 (1.1405e-07, 1.0667e+00): lin 3 (4.9e-06)
	 #2 (1.7789e-12, 4.8467e+00): lin 3 (1.9e-06)
-------------------------------------------------------------------------------------------------------------
 T = 0.00483973, DT = 0.00112455, NI = 2, LI = 6, RES = 3.4e-15 (6.2e-06), CFL=0.000 (ELAPSED 00:00:07 )
-------------------------------------------------------------------------------------------------------------
	 #1 (1.3656e-07, 8.6377e-01): lin 3 (2.9e-08)
-------------------------------------------------------------------------------------------------------------
 T = 0.00630165, DT = 0.00146192, NI = 1, LI = 3, RES = 2.0e-12 (9.3e-02), CFL=0.000 (ELAPSED 00:00:07 )
-------------------------------------------------------------------------------------------------------------
	 #1 (1.6241e-07, 6.7024e-01): lin 3 (2.6e-08)
-------------------------------------------------------------------------------------------------------------
 T = 0.00820215, DT = 0.0019005, NI = 1, LI = 3, RES = 2.2e-12 (1.2e-02), CFL=0.000 (ELAPSED 00:00:07 )
-------------------------------------------------------------------------------------------------------------
	 #1 (1.9272e-07, 4.4956e-01): lin 4 (3.2e-08)
-------------------------------------------------------------------------------------------------------------
 T = 0.0106728, DT = 0.00247065, NI = 1, LI = 4, RES = 2.4e-12 (1.0e-02), CFL=0.000 (ELAPSED 00:00:07 )
-------------------------------------------------------------------------------------------------------------
	 #1 (2.2945e-07, 3.1292e-01): lin 4 (6.5e-08)
-------------------------------------------------------------------------------------------------------------
 T = 0.0138846, DT = 0.00321184, NI = 1, LI = 4, RES = 2.3e-12 (7.5e-03), CFL=0.000 (ELAPSED 00:00:07 )
-------------------------------------------------------------------------------------------------------------
	 #1 (2.7554e-07, 2.1136e-01): lin 3 (6.4e-07)
-------------------------------------------------------------------------------------------------------------
 T = 0.01806, DT = 0.00417539, NI = 1, LI = 3, RES = 2.0e-12 (3.5e-02), CFL=0.000 (ELAPSED 00:00:07 )
-------------------------------------------------------------------------------------------------------------
	 #1 (3.3479e-07, 1.4934e-01): lin 3 (5.7e-07)
-------------------------------------------------------------------------------------------------------------
 T = 0.023488, DT = 0.00542801, NI = 1, LI = 3, RES = 1.7e-12 (2.2e-02), CFL=0.000 (ELAPSED 00:00:07 )
-------------------------------------------------------------------------------------------------------------
	 #1 (4.1163e-07, 9.2918e-02): lin 3 (1.1e-06)
-------------------------------------------------------------------------------------------------------------
 T = 0.0305444, DT = 0.00705641, NI = 1, LI = 3, RES = 1.2e-12 (7.9e-02), CFL=0.000 (ELAPSED 00:00:08 )
-------------------------------------------------------------------------------------------------------------
	 #1 (5.1099e-07, 1.2110e-01): lin 3 (4.7e-06)
	 #2 (2.2597e-11, 8.6186e+05): lin 2 (1.1e-06)
Local chop applied in 1 block(s)
	 #3 (1.8785e-10, 5.8492e+04): lin 2 (9.5e-07)
	 #4 (3.5316e-14, 1.1482e+03): lin 3 (3.0e-06)
	 #5 (1.8798e-12, 3.6492e+04): lin 2 (4.8e-07)
	 #6 (3.1470e-14, 4.3644e+02): lin 3 (4.3e-06)
	 #7 (5.6469e-13, 1.5145e+04): lin 2 (2.7e-07)
	 #8 (3.0847e-14, 6.9709e+01): lin 3 (2.7e-06)
	 #9 (3.2933e-14, 1.7499e+02): lin 2 (2.1e-06)
	 #10 (3.0850e-14, 2.6810e+00): lin 3 (6.8e-06)
	 #11 (3.0852e-14, 2.3241e+00): lin 2 (5.5e-07)
FAILED TO CONVERGE WITH DT = 0.009 (newton residual wells) 
	 #1 (3.9307e-07, 9.3152e-02): lin 3 (1.2e-06)
	 #2 (1.2017e-11, 4.6353e+05): lin 2 (7.0e-07)
Local chop applied in 1 block(s)
	 #3 (6.6813e-11, 2.2940e+04): lin 2 (4.4e-07)
	 #4 (2.5431e-14, 1.5714e+02): lin 4 (2.4e-06)
	 #5 (1.9849e-12, 3.5684e+04): lin 2 (1.0e-07)
	 #6 (2.3630e-14, 1.5308e+02): lin 3 (3.1e-07)
	 #7 (2.5270e-14, 1.7376e+02): lin 2 (2.5e-06)
	 #8 (2.3638e-14, 4.7829e-01): lin 3 (1.9e-06)
	 #9 (2.3632e-14, 1.0700e-01): lin 2 (7.8e-08)
FAILED TO CONVERGE WITH DT = 0.007 (newton residual wells) 
	 #1 (3.0236e-07, 7.1655e-02): lin 3 (4.4e-07)
	 #2 (5.8546e-12, 2.2143e+05): lin 2 (4.6e-07)
	 #3 (3.8181e-12, 8.0339e+03): lin 2 (3.4e-06)
	 #4 (5.5752e-14, 9.3252e+02): lin 3 (3.2e-07)
	 #5 (2.7680e-13, 5.1380e+03): lin 2 (1.6e-06)
	 #6 (1.8524e-14, 1.1074e+02): lin 3 (6.3e-07)
	 #7 (2.9416e-14, 4.8527e+02): lin 2 (1.4e-06)
-------------------------------------------------------------------------------------------------------------
 T = 0.0359725, DT = 0.00542801, NI = 7, LI = 17, RES = 1.8e-14 (2.3e-03), CFL=0.000 (ELAPSED 00:00:09 )
-------------------------------------------------------------------------------------------------------------
	 #1 (3.8273e-07, 6.1897e+00): lin 3 (9.7e-07)
Local chop applied in 1 block(s)
	 #2 (3.7613e-10, 7.0648e+01): lin 3 (2.8e-06)
	 #3 (2.3960e-14, 2.8801e+01): lin 2 (1.7e-06)
-------------------------------------------------------------------------------------------------------------
 T = 0.0430289, DT = 0.00705641, NI = 3, LI = 8, RES = 2.4e-14 (7.8e-02), CFL=0.000 (ELAPSED 00:00:09 )
-------------------------------------------------------------------------------------------------------------
	 #1 (4.8474e-07, 5.1978e+01): lin 3 (2.6e-06)
Local chop applied in 1 block(s)
	 #2 (5.7430e-13, 1.8701e+02): lin 4 (2.3e-07)
	 #3 (5.3869e-10, 1.2397e+06): lin 2 (3.3e-06)
Composition correction applied in 1 block(s)
Local chop applied in 1 block(s)
	 #4 (3.6631e-10, 4.9539e+05): lin 3 (8.3e-06)
	 #5 (2.4528e-10, 1.1697e+06): lin 2 (1.7e-06)
Composition correction applied in 1 block(s)
	 #6 (2.4834e-10, 4.0678e+05): lin 4 (1.7e-07)
	 #7 (2.9264e-11, 5.8769e+04): lin 4 (2.7e-07)
Composition correction applied in 1 block(s)
Local chop applied in 1 block(s)
	 #8 (2.6329e-10, 3.2207e+05): lin 3 (6.2e-06)
Composition correction applied in 1 block(s)
Local chop applied in 1 block(s)
	 #9 (6.8179e-10, 1.0679e+06): lin 2 (2.4e-06)
Composition correction applied in 2 block(s)
	 #10 (3.1214e-10, 5.5481e+05): lin 4 (1.2e-07)
	 #11 (1.5775e-12, 8.3499e+04): lin 4 (7.7e-07)
Composition correction applied in 1 block(s)
OBL axis correction: block 18069 variable 2 shoots over axis limit of 373.15 to 375.53
OBL axis correction applied 1 time(s) 
	 #12 (2.6485e-10, 2.3882e+06): lin 2 (1.1e-06)
Composition correction applied in 1 block(s)
	 #13 (1.0091e-09, 2.9032e+06): lin 3 (3.3e-06)
	 #14 (1.3960e-11, 2.6435e+05): lin 4 (3.9e-07)
Composition correction applied in 2 block(s)
OBL axis correction: block 18069 variable 2 shoots over axis limit of 373.15 to 387.16
OBL axis correction applied 1 time(s) 
	 #15 (9.9560e-11, 6.2545e+06): lin 2 (6.8e-07)
Composition correction applied in 2 block(s)
	 #16 (1.3700e-10, 4.9206e+05): lin 3 (6.3e-07)
Composition correction applied in 2 block(s)
	 #17 (3.3382e-13, 1.2816e+04): lin 4 (1.9e-07)
Composition correction applied in 1 block(s)
	 #18 (1.4364e-10, 1.2567e+06): lin 2 (2.0e-06)
Composition correction applied in 2 block(s)
	 #19 (4.9177e-11, 4.5061e+05): lin 4 (1.7e-07)
	 #20 (1.6621e-11, 3.3030e+05): lin 4 (4.6e-08)
Composition correction applied in 1 block(s)
Local chop applied in 1 block(s)
FAILED TO CONVERGE WITH DT = 0.009 (newton residual wells) 
	 #1 (3.7288e-07, 3.9983e+01): lin 3 (8.9e-07)
Local chop applied in 1 block(s)
	 #2 (2.9621e-13, 1.7903e+02): lin 4 (1.1e-07)
	 #3 (3.3835e-10, 8.1550e+05): lin 2 (2.6e-06)
Composition correction applied in 1 block(s)
Local chop applied in 1 block(s)
	 #4 (2.6538e-10, 3.3718e+05): lin 3 (5.9e-06)
	 #5 (1.3507e-11, 2.3960e+04): lin 4 (4.6e-08)
Composition correction applied in 1 block(s)
	 #6 (7.4590e-11, 3.2981e+05): lin 3 (1.1e-07)
Composition correction applied in 1 block(s)
Local chop applied in 1 block(s)
	 #7 (1.8659e-10, 4.3236e+05): lin 3 (4.4e-06)
	 #8 (8.8936e-13, 3.0908e+04): lin 4 (9.7e-08)
Composition correction applied in 1 block(s)
	 #9 (1.6947e-10, 1.1392e+06): lin 2 (7.9e-06)
Composition correction applied in 2 block(s)
	 #10 (5.8391e-10, 3.1773e+05): lin 3 (5.6e-06)
	 #11 (6.1634e-13, 1.5652e+04): lin 4 (1.1e-07)
Composition correction applied in 2 block(s)
OBL axis correction: block 18069 variable 2 shoots over axis limit of 373.15 to 373.647
OBL axis correction applied 1 time(s) 
	 #12 (9.4155e-11, 9.1604e+05): lin 2 (1.5e-06)
Composition correction applied in 3 block(s)
Local chop applied in 1 block(s)
	 #13 (3.1846e-10, 3.3971e+05): lin 3 (6.7e-06)
Composition correction applied in 1 block(s)
	 #14 (1.4486e-11, 8.3859e+04): lin 4 (3.5e-08)
Composition correction applied in 1 block(s)
Local chop applied in 1 block(s)
	 #15 (1.3912e-10, 2.6210e+05): lin 3 (8.5e-07)
Composition correction applied in 2 block(s)
Local chop applied in 1 block(s)
OBL axis correction: block 18069 variable 2 shoots over axis limit of 373.15 to 383.49
OBL axis correction applied 1 time(s) 
	 #16 (3.7409e-10, 2.0469e+06): lin 2 (9.5e-06)
Composition correction applied in 2 block(s)
	 #17 (2.3453e-10, 5.6994e+05): lin 3 (2.8e-06)
	 #18 (8.9156e-13, 8.1287e+03): lin 4 (1.8e-07)
Composition correction applied in 1 block(s)
	 #19 (4.6354e-11, 7.9847e+05): lin 2 (1.8e-06)
Composition correction applied in 2 block(s)
	 #20 (3.1644e-10, 4.3842e+05): lin 3 (5.7e-06)
FAILED TO CONVERGE WITH DT = 0.007 (newton residual wells) 
	 #1 (2.8683e-07, 3.0756e+01): lin 3 (3.2e-07)
Local chop applied in 1 block(s)
	 #2 (1.8272e-13, 1.4828e+02): lin 4 (8.1e-08)
	 #3 (1.7022e-10, 4.9645e+05): lin 2 (2.0e-06)
Composition correction applied in 1 block(s)
	 #4 (2.0309e-10, 2.4034e+05): lin 3 (3.6e-06)
	 #5 (7.8615e-12, 1.6109e+04): lin 4 (3.3e-08)
Composition correction applied in 1 block(s)
	 #6 (2.0119e-10, 4.1536e+05): lin 2 (2.2e-06)
Composition correction applied in 2 block(s)
	 #7 (1.0549e-10, 2.7526e+05): lin 3 (2.8e-06)
	 #8 (4.8710e-12, 1.1968e+04): lin 4 (1.2e-07)
Composition correction applied in 1 block(s)
	 #9 (5.1820e-11, 2.0083e+05): lin 3 (4.9e-08)
Composition correction applied in 2 block(s)
	 #10 (1.1345e-10, 3.6265e+05): lin 3 (1.3e-06)
	 #11 (6.9707e-12, 7.3172e+03): lin 4 (9.6e-08)
Composition correction applied in 1 block(s)
	 #12 (4.5015e-11, 3.5331e+05): lin 2 (2.3e-06)
Composition correction applied in 3 block(s)
	 #13 (2.1201e-10, 2.4544e+05): lin 3 (3.1e-06)
	 #14 (1.0361e-11, 9.6361e+03): lin 4 (8.6e-08)
Composition correction applied in 1 block(s)
	 #15 (1.8686e-10, 4.9766e+05): lin 2 (2.0e-06)
Composition correction applied in 3 block(s)
	 #16 (1.4437e-10, 2.8419e+05): lin 3 (2.5e-06)
	 #17 (2.8287e-12, 5.6338e+04): lin 3 (7.5e-06)
Composition correction applied in 1 block(s)
	 #18 (5.3763e-11, 2.0056e+05): lin 3 (2.1e-07)
Composition correction applied in 1 block(s)
	 #19 (1.8533e-10, 3.9073e+05): lin 2 (4.4e-06)
Composition correction applied in 2 block(s)
	 #20 (6.7150e-11, 1.1474e+06): lin 2 (8.6e-06)
FAILED TO CONVERGE WITH DT = 0.005 (newton residual wells) 
	 #1 (2.2064e-07, 2.3659e+01): lin 3 (1.2e-07)
	 #2 (1.2944e-13, 9.8880e+01): lin 4 (2.2e-08)
	 #3 (1.8758e-11, 2.3458e+05): lin 2 (2.3e-06)
Composition correction applied in 1 block(s)
	 #4 (1.6749e-10, 1.8017e+05): lin 3 (2.0e-06)
	 #5 (4.7894e-12, 1.9853e+04): lin 3 (3.3e-06)
	 #6 (1.3256e-12, 1.3140e+04): lin 3 (1.7e-06)
Composition correction applied in 1 block(s)
	 #7 (2.6884e-11, 2.0946e+05): lin 2 (2.5e-06)
Composition correction applied in 1 block(s)
	 #8 (1.5047e-11, 1.9204e+05): lin 3 (1.9e-06)
	 #9 (4.8645e-12, 2.0862e+04): lin 3 (2.5e-06)
	 #10 (7.2471e-13, 5.9576e+03): lin 3 (6.0e-06)
Composition correction applied in 1 block(s)
	 #11 (4.1500e-11, 3.8304e+05): lin 2 (1.2e-06)
Composition correction applied in 2 block(s)
	 #12 (1.5393e-11, 1.9598e+05): lin 3 (1.7e-06)
	 #13 (5.3879e-12, 1.9774e+04): lin 3 (1.7e-07)
	 #14 (5.5559e-13, 1.5045e+04): lin 3 (6.7e-07)
Composition correction applied in 1 block(s)
	 #15 (2.6539e-11, 1.7035e+05): lin 2 (3.4e-06)
Composition correction applied in 2 block(s)
	 #16 (1.5386e-11, 1.9479e+05): lin 3 (1.8e-06)
	 #17 (4.3665e-12, 2.0319e+04): lin 3 (2.9e-06)
	 #18 (4.8658e-13, 3.3733e+03): lin 3 (8.7e-06)
	 #19 (6.3471e-12, 1.4466e+05): lin 2 (1.9e-06)
Composition correction applied in 2 block(s)
	 #20 (1.4772e-11, 1.9349e+05): lin 3 (1.7e-06)
FAILED TO CONVERGE WITH DT = 0.004 (newton residual wells) 
	 #1 (1.6972e-07, 1.8199e+01): lin 4 (2.3e-08)
	 #2 (9.1910e-14, 2.9410e+01): lin 4 (8.1e-08)
	 #3 (3.6856e-12, 4.3832e+04): lin 3 (1.1e-06)
Composition correction applied in 1 block(s)
	 #4 (9.3144e-12, 1.3944e+05): lin 3 (5.2e-06)
	 #5 (1.8724e-12, 7.9796e+03): lin 4 (1.1e-08)
	 #6 (6.5811e-13, 5.1135e+03): lin 4 (5.1e-09)
	 #7 (1.4375e-13, 7.5659e+03): lin 4 (2.8e-08)
Composition correction applied in 1 block(s)
	 #8 (1.6767e-11, 8.5485e+04): lin 3 (7.0e-06)
	 #9 (2.2412e-13, 2.6811e+04): lin 3 (1.2e-06)
Composition correction applied in 1 block(s)
	 #10 (8.4505e-12, 1.4214e+05): lin 3 (4.7e-06)
	 #11 (1.5977e-12, 7.3076e+03): lin 4 (1.1e-08)
	 #12 (3.1384e-13, 2.5246e+03): lin 4 (2.5e-08)
	 #13 (9.8335e-13, 2.7682e+04): lin 3 (2.0e-06)
Composition correction applied in 1 block(s)
	 #14 (9.5855e-12, 1.4378e+05): lin 3 (4.6e-06)
	 #15 (1.6388e-12, 7.2043e+03): lin 4 (1.1e-08)
	 #16 (2.1127e-13, 2.2810e+03): lin 4 (8.5e-09)
	 #17 (1.1418e-12, 3.1307e+04): lin 3 (1.8e-06)
Composition correction applied in 1 block(s)
	 #18 (9.7221e-12, 1.4347e+05): lin 3 (4.7e-06)
	 #19 (1.6261e-12, 7.1355e+03): lin 3 (9.0e-06)
	 #20 (2.3923e-13, 2.5633e+03): lin 4 (7.1e-09)
FAILED TO CONVERGE WITH DT = 0.003 (newton residual wells) 
	 #1 (1.3055e-07, 1.3999e+01): lin 3 (6.3e-06)
	 #2 (4.6999e-13, 4.6579e+00): lin 4 (4.4e-08)
	 #3 (1.1125e-12, 8.1796e+03): lin 3 (1.4e-06)
	 #4 (3.2043e-14, 2.0650e+02): lin 4 (1.7e-08)
	 #5 (1.3247e-14, 8.8390e+01): lin 3 (2.6e-06)
	 #6 (8.4932e-15, 2.4473e+00): lin 3 (3.2e-06)
-------------------------------------------------------------------------------------------------------------
 T = 0.0454995, DT = 0.00247065, NI = 6, LI = 20, RES = 8.5e-15 (9.0e-05), CFL=0.000 (ELAPSED 00:00:17 )
-------------------------------------------------------------------------------------------------------------
	 #1 (1.6831e-07, 3.2471e+01): lin 4 (2.3e-07)
	 #2 (9.1539e-11, 4.0085e+05): lin 3 (5.4e-07)
Composition correction applied in 1 block(s)
	 #3 (1.4799e-10, 7.5381e+04): lin 3 (2.3e-08)
	 #4 (1.0788e-12, 2.9972e+04): lin 4 (7.8e-08)
	 #5 (1.0462e-11, 4.2254e+04): lin 4 (1.0e-08)
Composition correction applied in 1 block(s)
	 #6 (3.0584e-11, 9.8790e+04): lin 2 (3.8e-06)
Composition correction applied in 1 block(s)
	 #7 (3.7415e-11, 1.2666e+05): lin 4 (3.7e-08)
	 #8 (1.9242e-12, 2.7590e+04): lin 4 (2.9e-08)
Composition correction applied in 1 block(s)
	 #9 (6.3400e-11, 1.6671e+05): lin 4 (5.1e-08)
Composition correction applied in 1 block(s)
	 #10 (2.6258e-10, 2.7492e+05): lin 3 (2.1e-06)
Composition correction applied in 2 block(s)
	 #11 (7.9083e-11, 1.3583e+05): lin 3 (1.1e-06)
Composition correction applied in 1 block(s)
	 #12 (7.7509e-12, 4.3583e+04): lin 4 (3.3e-08)
	 #13 (3.3258e-11, 1.3657e+05): lin 3 (3.5e-06)
	 #14 (1.1243e-10, 4.0093e+05): lin 3 (6.0e-07)
Composition correction applied in 1 block(s)
	 #15 (1.3505e-10, 8.2003e+04): lin 3 (5.9e-07)
	 #16 (1.5855e-12, 4.7866e+04): lin 4 (6.1e-08)
	 #17 (1.2574e-11, 4.8729e+04): lin 4 (2.5e-08)
Composition correction applied in 1 block(s)
	 #18 (8.7699e-11, 1.0084e+05): lin 4 (8.9e-09)
Composition correction applied in 1 block(s)
	 #19 (2.0665e-10, 4.3723e+05): lin 3 (8.6e-07)
Composition correction applied in 2 block(s)
	 #20 (6.4980e-11, 6.0157e+04): lin 3 (2.9e-06)
FAILED TO CONVERGE WITH DT = 0.003 (newton residual wells) 
	 #1 (1.2947e-07, 2.4978e+01): lin 4 (7.1e-08)
	 #2 (5.3553e-11, 2.6954e+05): lin 3 (3.2e-07)
Composition correction applied in 1 block(s)
	 #3 (1.1301e-10, 4.7444e+04): lin 3 (1.7e-07)
	 #4 (3.6723e-13, 1.1753e+04): lin 4 (5.6e-08)
	 #5 (7.3075e-12, 9.9475e+03): lin 4 (9.0e-09)
Composition correction applied in 1 block(s)
	 #6 (2.1011e-11, 1.3388e+05): lin 3 (1.8e-07)
Composition correction applied in 1 block(s)
	 #7 (5.9689e-12, 2.0428e+04): lin 3 (3.9e-06)
	 #8 (4.0608e-12, 1.0617e+04): lin 4 (4.6e-08)
	 #9 (6.8094e-11, 2.6373e+05): lin 2 (7.9e-06)
Composition correction applied in 1 block(s)
	 #10 (1.0678e-10, 5.9868e+04): lin 3 (2.5e-07)
	 #11 (5.5124e-13, 1.6613e+04): lin 4 (4.9e-08)
	 #12 (6.1400e-12, 2.0082e+04): lin 4 (6.6e-09)
Composition correction applied in 1 block(s)
	 #13 (2.1357e-11, 8.4304e+04): lin 3 (1.8e-06)
Composition correction applied in 1 block(s)
	 #14 (1.6154e-11, 1.2000e+05): lin 3 (8.4e-06)
	 #15 (2.6215e-12, 9.0689e+03): lin 4 (2.2e-08)
Composition correction applied in 1 block(s)
	 #16 (1.4693e-10, 1.1984e+05): lin 4 (2.2e-08)
Composition correction applied in 1 block(s)
	 #17 (1.3930e-10, 2.1154e+05): lin 3 (1.6e-06)
Composition correction applied in 2 block(s)
	 #18 (7.9083e-11, 4.8962e+04): lin 3 (1.3e-06)
Composition correction applied in 1 block(s)
	 #19 (4.9410e-12, 2.4566e+04): lin 3 (6.7e-06)
	 #20 (8.7977e-12, 1.7889e+04): lin 4 (5.5e-08)
FAILED TO CONVERGE WITH DT = 0.002 (newton residual wells) 
	 #1 (9.9590e-08, 1.9214e+01): lin 3 (3.1e-08)
	 #2 (2.6585e-11, 1.7765e+05): lin 2 (2.0e-07)
Composition correction applied in 1 block(s)
	 #3 (8.6694e-11, 2.9224e+04): lin 2 (2.8e-07)
	 #4 (6.7705e-14, 3.6293e+03): lin 3 (1.7e-07)
	 #5 (4.9521e-12, 4.0200e+04): lin 2 (1.6e-06)
Composition correction applied in 1 block(s)
	 #6 (6.8143e-12, 2.9526e+04): lin 3 (5.4e-08)
	 #7 (2.5225e-11, 1.7733e+05): lin 2 (1.7e-07)
Composition correction applied in 1 block(s)
	 #8 (7.6419e-11, 2.4039e+04): lin 3 (6.5e-08)
	 #9 (2.3981e-11, 1.7052e+05): lin 2 (1.7e-07)
Composition correction applied in 1 block(s)
	 #10 (6.8392e-11, 1.9782e+04): lin 2 (8.3e-07)
	 #11 (3.6079e-13, 2.2922e+03): lin 3 (2.0e-07)
Composition correction applied in 1 block(s)
	 #12 (9.3185e-12, 1.5532e+05): lin 2 (4.5e-07)
Composition correction applied in 1 block(s)
	 #13 (4.5764e-12, 2.1360e+04): lin 3 (7.1e-08)
	 #14 (2.2566e-11, 1.7133e+05): lin 2 (1.7e-07)
Composition correction applied in 1 block(s)
	 #15 (7.2430e-11, 2.1356e+04): lin 2 (9.9e-07)
	 #16 (1.1198e-12, 2.7202e+04): lin 2 (1.1e-07)
Composition correction applied in 1 block(s)
	 #17 (1.9245e-12, 1.1414e+04): lin 3 (1.4e-07)
	 #18 (8.4016e-12, 1.5611e+05): lin 2 (3.0e-07)
Composition correction applied in 1 block(s)
	 #19 (7.6601e-11, 1.9702e+04): lin 3 (7.6e-08)
	 #20 (2.2243e-11, 1.6958e+05): lin 2 (1.7e-07)
Composition correction applied in 1 block(s)
FAILED TO CONVERGE WITH DT = 0.002 (newton residual wells) 
	 #1 (7.6608e-08, 1.4780e+01): lin 2 (4.6e-06)
	 #2 (8.5483e-12, 1.1429e+05): lin 2 (1.7e-07)
Composition correction applied in 1 block(s)
	 #3 (6.6523e-11, 1.7659e+04): lin 2 (1.3e-07)
	 #4 (6.8398e-14, 3.2504e+02): lin 3 (1.4e-07)
	 #5 (3.6101e-12, 9.7842e+04): lin 2 (1.0e-07)
Composition correction applied in 1 block(s)
	 #6 (3.6581e-12, 1.5918e+04): lin 3 (2.5e-08)
	 #7 (5.6938e-12, 1.1208e+05): lin 2 (1.7e-07)
Composition correction applied in 1 block(s)
	 #8 (6.3020e-11, 1.5223e+04): lin 2 (7.4e-07)
	 #9 (1.4285e-13, 5.5317e+02): lin 3 (2.4e-08)
	 #10 (1.8566e-12, 6.2711e+03): lin 3 (4.7e-08)
	 #11 (5.7054e-12, 1.0658e+05): lin 2 (1.7e-07)
Composition correction applied in 1 block(s)
	 #12 (6.1023e-11, 1.5637e+04): lin 2 (2.7e-07)
	 #13 (9.3215e-14, 3.5388e+02): lin 3 (2.4e-08)
	 #14 (1.5974e-12, 5.4599e+03): lin 3 (5.1e-08)
	 #15 (5.0481e-12, 1.0647e+05): lin 2 (1.7e-07)
Composition correction applied in 1 block(s)
	 #16 (6.2468e-11, 1.6105e+04): lin 2 (1.8e-07)
	 #17 (8.0824e-14, 1.4503e+03): lin 3 (8.9e-08)
	 #18 (2.2996e-12, 6.1664e+04): lin 2 (2.0e-07)
Composition correction applied in 1 block(s)
	 #19 (3.9962e-12, 1.7295e+04): lin 2 (6.3e-07)
	 #20 (7.0904e-14, 2.5391e+02): lin 2 (5.1e-06)
FAILED TO CONVERGE WITH DT = 0.001 (newton residual wells) 
	 #1 (5.8929e-08, 1.1369e+01): lin 3 (4.7e-07)
	 #2 (1.0816e-12, 7.1499e+04): lin 3 (4.5e-08)
Composition correction applied in 1 block(s)
	 #3 (2.6363e-12, 1.1081e+04): lin 3 (5.4e-06)
	 #4 (1.7130e-12, 6.9918e+04): lin 3 (3.8e-08)
Composition correction applied in 1 block(s)
	 #5 (2.0115e-12, 9.3004e+03): lin 3 (5.8e-07)
	 #6 (2.5695e-13, 1.0221e+03): lin 3 (3.1e-06)
	 #7 (5.9854e-13, 1.9301e+03): lin 4 (1.4e-08)
	 #8 (1.6910e-12, 6.8244e+04): lin 3 (4.2e-08)
Composition correction applied in 1 block(s)
	 #9 (2.2050e-12, 9.9512e+03): lin 3 (1.5e-07)
	 #10 (1.4758e-13, 3.7505e+02): lin 4 (1.8e-08)
	 #11 (1.9747e-12, 6.4297e+04): lin 3 (4.1e-08)
Composition correction applied in 1 block(s)
	 #12 (2.1112e-12, 9.6941e+03): lin 3 (6.5e-06)
	 #13 (1.6857e-12, 6.9875e+04): lin 3 (3.7e-08)
Composition correction applied in 1 block(s)
	 #14 (2.0819e-12, 9.5359e+03): lin 3 (3.9e-07)
	 #15 (2.0685e-13, 7.9136e+02): lin 3 (3.2e-06)
	 #16 (6.8212e-13, 2.2030e+03): lin 4 (1.4e-08)
	 #17 (1.5423e-12, 6.7954e+04): lin 3 (4.3e-08)
Composition correction applied in 1 block(s)
	 #18 (2.2258e-12, 1.0004e+04): lin 3 (1.4e-07)
	 #19 (1.4407e-13, 3.6178e+02): lin 4 (1.9e-08)
	 #20 (1.8834e-12, 6.4611e+04): lin 3 (4.1e-08)
Composition correction applied in 1 block(s)
FAILED TO CONVERGE WITH DT = 0.001 (newton residual wells) 
	 #1 (4.5330e-08, 8.7454e+00): lin 3 (2.4e-07)
	 #2 (7.9505e-13, 4.3329e+04): lin 3 (2.6e-08)
Composition correction applied in 1 block(s)
	 #3 (1.4957e-12, 6.6856e+03): lin 3 (3.1e-06)
	 #4 (1.1250e-12, 4.2174e+04): lin 3 (2.4e-08)
Composition correction applied in 1 block(s)
	 #5 (1.2174e-12, 5.9357e+03): lin 3 (2.4e-07)
	 #6 (3.0660e-13, 1.0665e+03): lin 4 (4.4e-09)
	 #7 (1.0595e-12, 4.0797e+04): lin 3 (2.5e-08)
Composition correction applied in 1 block(s)
	 #8 (1.2723e-12, 6.1267e+03): lin 3 (2.8e-07)
	 #9 (4.0352e-13, 1.0826e+04): lin 3 (2.9e-08)
Composition correction applied in 1 block(s)
	 #10 (8.0904e-13, 5.0625e+03): lin 3 (7.7e-06)
	 #11 (1.2301e-12, 3.8139e+04): lin 3 (2.4e-08)
Composition correction applied in 1 block(s)
	 #12 (1.2543e-12, 6.1497e+03): lin 3 (3.6e-06)
	 #13 (1.1152e-12, 4.0635e+04): lin 3 (2.4e-08)
Composition correction applied in 1 block(s)
	 #14 (1.1982e-12, 5.9074e+03): lin 3 (3.2e-07)
	 #15 (5.0717e-13, 1.3605e+04): lin 3 (2.6e-08)
Composition correction applied in 1 block(s)
	 #16 (8.1778e-13, 5.0687e+03): lin 3 (8.1e-06)
	 #17 (1.2833e-12, 3.8999e+04): lin 3 (2.4e-08)
Composition correction applied in 1 block(s)
	 #18 (1.2791e-12, 6.1758e+03): lin 3 (3.6e-06)
	 #19 (1.1041e-12, 4.0359e+04): lin 3 (2.4e-08)
Composition correction applied in 1 block(s)
	 #20 (1.1700e-12, 5.8253e+03): lin 3 (3.4e-07)
FAILED TO CONVERGE WITH DT = 0.001 (newton residual wells) 
	 #1 (3.4869e-08, 6.7273e+00): lin 2 (6.4e-06)
	 #2 (5.4357e-13, 2.5344e+04): lin 3 (2.0e-09)
Composition correction applied in 1 block(s)
	 #3 (8.3319e-13, 4.1667e+03): lin 3 (2.5e-07)
	 #4 (6.9772e-13, 2.3468e+04): lin 3 (1.8e-09)
Composition correction applied in 1 block(s)
	 #5 (7.1576e-13, 3.9100e+03): lin 3 (3.7e-07)
	 #6 (7.4202e-13, 2.2623e+04): lin 3 (1.8e-09)
Composition correction applied in 1 block(s)
	 #7 (7.2006e-13, 3.9323e+03): lin 3 (3.3e-07)
	 #8 (7.2064e-13, 2.2890e+04): lin 3 (1.8e-09)
Composition correction applied in 1 block(s)
	 #9 (7.1674e-13, 3.9318e+03): lin 3 (3.3e-07)
	 #10 (7.2115e-13, 2.2886e+04): lin 3 (1.8e-09)
Composition correction applied in 1 block(s)
	 #11 (7.1445e-13, 3.9278e+03): lin 3 (3.3e-07)
	 #12 (7.1174e-13, 2.2891e+04): lin 3 (1.8e-09)
Composition correction applied in 1 block(s)
	 #13 (7.1333e-13, 3.9258e+03): lin 3 (3.3e-07)
	 #14 (7.1180e-13, 2.2893e+04): lin 3 (1.8e-09)
Composition correction applied in 1 block(s)
	 #15 (7.1292e-13, 3.9251e+03): lin 3 (3.3e-07)
	 #16 (7.1182e-13, 2.2894e+04): lin 3 (1.8e-09)
Composition correction applied in 1 block(s)
	 #17 (7.1275e-13, 3.9248e+03): lin 3 (3.3e-07)
FAILED TO CONVERGE WITH DT = 0.001 (newton residual wells) 
	 #1 (2.6823e-08, 5.1748e+00): lin 3 (1.6e-06)
	 #2 (3.3946e-13, 1.4252e+04): lin 3 (1.1e-07)
Composition correction applied in 1 block(s)
	 #3 (4.6374e-13, 2.7421e+03): lin 4 (9.3e-09)
	 #4 (4.1876e-13, 1.2899e+04): lin 3 (1.1e-07)
Composition correction applied in 1 block(s)
	 #5 (4.4230e-13, 2.7303e+03): lin 4 (7.5e-09)
Composition correction applied in 1 block(s)
	 #6 (5.4499e-13, 1.5268e+04): lin 3 (1.1e-07)
Composition correction applied in 1 block(s)
	 #7 (4.2356e-13, 2.6590e+03): lin 4 (9.0e-09)
Composition correction applied in 1 block(s)
	 #8 (5.2990e-13, 1.4599e+04): lin 3 (1.1e-07)
Composition correction applied in 1 block(s)
	 #9 (4.2470e-13, 2.6547e+03): lin 4 (9.0e-09)
Composition correction applied in 1 block(s)
	 #10 (5.3564e-13, 1.4641e+04): lin 3 (1.1e-07)
Composition correction applied in 1 block(s)
	 #11 (4.2479e-13, 2.6549e+03): lin 4 (9.0e-09)
Composition correction applied in 1 block(s)
	 #12 (5.3608e-13, 1.4644e+04): lin 3 (1.1e-07)
Composition correction applied in 1 block(s)
	 #13 (4.2480e-13, 2.6550e+03): lin 4 (9.0e-09)
Composition correction applied in 1 block(s)
	 #14 (5.3612e-13, 1.4644e+04): lin 3 (1.1e-07)
Composition correction applied in 1 block(s)
FAILED TO CONVERGE WITH DT = 0.001 (newton residual wells) 
	 #1 (2.0633e-08, 3.9806e+00): lin 2 (3.0e-08)
	 #2 (1.9255e-13, 7.6619e+03): lin 2 (1.1e-08)
Composition correction applied in 1 block(s)
	 #3 (2.6306e-13, 1.8966e+03): lin 2 (3.9e-07)
	 #4 (1.8763e-13, 6.2011e+03): lin 2 (1.3e-08)
Composition correction applied in 1 block(s)
	 #5 (2.4981e-13, 1.8808e+03): lin 2 (4.0e-07)
	 #6 (1.8078e-13, 5.9208e+03): lin 2 (1.4e-08)
Composition correction applied in 1 block(s)
	 #7 (2.5067e-13, 1.8818e+03): lin 2 (4.0e-07)
	 #8 (1.8102e-13, 5.9297e+03): lin 2 (1.4e-08)
Composition correction applied in 1 block(s)
	 #9 (2.5063e-13, 1.8818e+03): lin 2 (4.0e-07)
	 #10 (1.8101e-13, 5.9294e+03): lin 2 (1.4e-08)
Composition correction applied in 1 block(s)
	 #11 (2.5063e-13, 1.8818e+03): lin 2 (4.0e-07)
	 #12 (1.8101e-13, 5.9294e+03): lin 2 (1.4e-08)
Composition correction applied in 1 block(s)
FAILED TO CONVERGE WITH DT = 0.000 (newton residual wells) 
	 #1 (1.5871e-08, 3.0620e+00): lin 2 (4.2e-06)
	 #2 (1.0496e-13, 3.8981e+03): lin 3 (7.0e-10)
Composition correction applied in 1 block(s)
	 #3 (1.5465e-13, 1.3678e+03): lin 3 (1.2e-08)
	 #4 (8.7637e-14, 2.9229e+03): lin 3 (1.0e-09)
Composition correction applied in 1 block(s)
	 #5 (1.5246e-13, 1.3641e+03): lin 3 (1.2e-08)
	 #6 (8.7775e-14, 2.9042e+03): lin 3 (1.0e-09)
Composition correction applied in 1 block(s)
	 #7 (1.5263e-13, 1.3697e+03): lin 3 (1.2e-08)
	 #8 (8.7199e-14, 2.8849e+03): lin 3 (1.0e-09)
Composition correction applied in 1 block(s)
	 #9 (1.5265e-13, 1.3697e+03): lin 3 (1.2e-08)
	 #10 (8.7205e-14, 2.8852e+03): lin 3 (1.0e-09)
Composition correction applied in 1 block(s)
	 #11 (1.5265e-13, 1.3697e+03): lin 3 (1.2e-08)
	 #12 (8.7204e-14, 2.8852e+03): lin 3 (1.0e-09)
Composition correction applied in 1 block(s)
FAILED TO CONVERGE WITH DT = 0.000 (newton residual wells) 
	 #1 (1.2209e-08, 2.3554e+00): lin 2 (1.1e-06)
	 #2 (4.9992e-14, 1.8364e+03): lin 3 (1.4e-10)
Composition correction applied in 1 block(s)
	 #3 (9.4807e-14, 1.0107e+03): lin 3 (1.0e-09)
	 #4 (3.9194e-14, 1.3247e+03): lin 3 (1.9e-10)
Composition correction applied in 1 block(s)
	 #5 (9.5463e-14, 1.0108e+03): lin 3 (9.8e-10)
	 #6 (3.9272e-14, 1.3275e+03): lin 3 (1.9e-10)
Composition correction applied in 1 block(s)
	 #7 (9.5464e-14, 1.0108e+03): lin 3 (9.7e-10)
	 #8 (3.9277e-14, 1.3277e+03): lin 3 (1.9e-10)
Composition correction applied in 1 block(s)
	 #9 (9.5464e-14, 1.0108e+03): lin 3 (9.7e-10)
	 #10 (3.9277e-14, 1.3277e+03): lin 3 (1.9e-10)
Composition correction applied in 1 block(s)
FAILED TO CONVERGE WITH DT = 0.000 (newton residual wells) 
	 #1 (9.3913e-09, 1.8118e+00): lin 2 (4.5e-10)
	 #2 (2.0569e-14, 7.5717e+02): lin 2 (2.0e-09)
Composition correction applied in 1 block(s)
	 #3 (6.0291e-14, 7.6079e+02): lin 2 (3.6e-09)
	 #4 (1.6408e-14, 5.5499e+02): lin 2 (2.9e-09)
Composition correction applied in 1 block(s)
	 #5 (6.0443e-14, 7.6071e+02): lin 2 (3.5e-09)
	 #6 (1.6419e-14, 5.5545e+02): lin 2 (2.9e-09)
Composition correction applied in 1 block(s)
	 #7 (6.0447e-14, 7.6072e+02): lin 2 (3.5e-09)
	 #8 (1.6419e-14, 5.5546e+02): lin 2 (2.9e-09)
Composition correction applied in 1 block(s)
	 #9 (6.0448e-14, 7.6072e+02): lin 2 (3.5e-09)
FAILED TO CONVERGE WITH DT = 0.000 (newton residual wells) 
	 #1 (7.2241e-09, 1.3937e+00): lin 2 (9.7e-08)
	 #2 (5.7467e-15, 2.2261e+02): lin 2 (6.2e-06)
Composition correction applied in 1 block(s)
	 #3 (3.9132e-14, 5.7636e+02): lin 2 (3.5e-06)
	 #4 (5.3656e-15, 1.8369e+02): lin 2 (7.9e-06)
Composition correction applied in 1 block(s)
	 #5 (3.9107e-14, 5.7614e+02): lin 2 (3.5e-06)
	 #6 (5.3723e-15, 1.8380e+02): lin 2 (7.8e-06)
Composition correction applied in 1 block(s)
	 #7 (3.9105e-14, 5.7613e+02): lin 2 (3.5e-06)
	 #8 (5.3712e-15, 1.8380e+02): lin 2 (7.8e-06)
Composition correction applied in 1 block(s)
FAILED TO CONVERGE WITH DT = 0.000 (newton residual wells) 
	 #1 (5.5570e-09, 1.0721e+00): lin 1 (4.0e-06)
	 #2 (1.3655e-14, 6.9455e+01): lin 2 (2.2e-09)
Composition correction applied in 1 block(s)
	 #3 (2.1167e-14, 1.0679e+02): lin 2 (1.4e-09)
	 #4 (2.2001e-15, 7.2982e+01): lin 2 (2.1e-09)
Composition correction applied in 1 block(s)
	 #5 (2.1400e-14, 1.0797e+02): lin 2 (1.4e-09)
	 #6 (2.2006e-15, 7.2994e+01): lin 2 (2.1e-09)
Composition correction applied in 1 block(s)
	 #7 (2.1400e-14, 1.0797e+02): lin 2 (1.4e-09)
	 #8 (2.1982e-15, 7.2994e+01): lin 2 (2.1e-09)
Composition correction applied in 1 block(s)
	 #9 (2.1400e-14, 1.0797e+02): lin 2 (1.4e-09)
FAILED TO CONVERGE WITH DT = 0.000 (newton residual wells) 
	 #1 (4.2746e-09, 8.2469e-01): lin 1 (2.2e-06)
	 #2 (5.8890e-15, 2.9038e+01): lin 2 (1.5e-09)
Composition correction applied in 1 block(s)
	 #3 (1.1312e-14, 5.7901e+01): lin 2 (3.4e-10)
	 #4 (1.4703e-15, 3.1699e+01): lin 2 (1.4e-09)
Composition correction applied in 1 block(s)
	 #5 (1.1428e-14, 5.8515e+01): lin 2 (3.4e-10)
	 #6 (1.4697e-15, 3.1703e+01): lin 2 (1.4e-09)
Composition correction applied in 1 block(s)
	 #7 (1.1428e-14, 5.8515e+01): lin 2 (3.4e-10)
	 #8 (1.4742e-15, 3.1703e+01): lin 2 (1.4e-09)
Composition correction applied in 1 block(s)
	 #9 (1.1428e-14, 5.8515e+01): lin 2 (3.4e-10)
	 #10 (1.4738e-15, 3.1703e+01): lin 2 (1.4e-09)
Composition correction applied in 1 block(s)
FAILED TO CONVERGE WITH DT = 0.000 (newton residual wells) 
	 #1 (3.2882e-09, 6.3438e-01): lin 1 (1.2e-06)
	 #2 (2.4655e-15, 1.0443e+01): lin 2 (5.3e-10)
	 #3 (1.3392e-15, 2.2130e+01): lin 2 (2.1e-10)
Composition correction applied in 1 block(s)
	 #4 (6.7091e-15, 3.5924e+01): lin 2 (8.0e-11)
	 #5 (1.3599e-15, 2.3787e+01): lin 2 (2.0e-10)
Composition correction applied in 1 block(s)
	 #6 (6.6527e-15, 3.5656e+01): lin 2 (8.2e-11)
	 #7 (1.3544e-15, 2.3775e+01): lin 2 (2.0e-10)
Composition correction applied in 1 block(s)
	 #8 (6.6541e-15, 3.5658e+01): lin 2 (8.2e-11)
	 #9 (1.3639e-15, 2.3775e+01): lin 2 (2.0e-10)
Composition correction applied in 1 block(s)
	 #10 (6.6533e-15, 3.5658e+01): lin 2 (8.2e-11)
	 #11 (1.3574e-15, 2.3775e+01): lin 2 (2.0e-10)
Composition correction applied in 1 block(s)
FAILED TO CONVERGE WITH DT = 0.000 (newton residual wells) 
	 #1 (2.5294e-09, 4.8798e-01): lin 1 (6.7e-07)
	 #2 (1.3921e-15, 2.1307e+00): lin 2 (2.9e-10)
-------------------------------------------------------------------------------------------------------------
 T = 0.0455478, DT = 4.82681e-05, NI = 2, LI = 3, RES = 1.2e-15 (1.8e-02), CFL=0.000 (ELAPSED 00:00:28 )
-------------------------------------------------------------------------------------------------------------
	 #1 (3.2876e-09, 8.3064e-01): lin 1 (3.0e-07)
-------------------------------------------------------------------------------------------------------------
 T = 0.0456105, DT = 6.27485e-05, NI = 1, LI = 1, RES = 1.9e-15 (6.3e-02), CFL=0.000 (ELAPSED 00:00:28 )
-------------------------------------------------------------------------------------------------------------
	 #1 (4.2730e-09, 4.8141e-01): lin 1 (1.1e-06)
	 #2 (5.1190e-15, 3.9679e+00): lin 2 (1.5e-09)
	 #3 (6.0901e-15, 2.1269e+02): lin 2 (1.7e-10)
Composition correction applied in 1 block(s)
	 #4 (1.4370e-14, 2.2434e+02): lin 2 (8.6e-11)
Composition correction applied in 1 block(s)
	 #5 (1.0650e-14, 5.2605e+01): lin 2 (2.7e-10)
	 #6 (1.2740e-15, 4.1676e+00): lin 2 (1.5e-09)
	 #7 (6.0922e-15, 2.1266e+02): lin 2 (1.7e-10)
Composition correction applied in 1 block(s)
	 #8 (1.4370e-14, 2.2434e+02): lin 2 (8.6e-11)
Composition correction applied in 1 block(s)
	 #9 (1.0650e-14, 5.2605e+01): lin 2 (2.7e-10)
	 #10 (1.2717e-15, 4.1676e+00): lin 2 (1.5e-09)
	 #11 (6.0912e-15, 2.1266e+02): lin 2 (1.7e-10)
Composition correction applied in 1 block(s)
	 #12 (1.4371e-14, 2.2434e+02): lin 2 (8.6e-11)
Composition correction applied in 1 block(s)
	 #13 (1.0650e-14, 5.2605e+01): lin 2 (2.7e-10)
	 #14 (1.2674e-15, 4.1676e+00): lin 2 (1.5e-09)
FAILED TO CONVERGE WITH DT = 0.000 (newton residual wells) 
	 #1 (3.2869e-09, 3.7031e-01): lin 1 (5.6e-07)
	 #2 (2.1475e-15, 1.0973e+00): lin 2 (3.4e-10)
	 #3 (2.2861e-15, 7.2344e+01): lin 2 (1.1e-10)
Composition correction applied in 1 block(s)
	 #4 (9.5429e-15, 1.7125e+02): lin 2 (3.7e-11)
Composition correction applied in 1 block(s)
	 #5 (6.4421e-15, 3.1462e+01): lin 2 (1.5e-10)
	 #6 (1.2175e-15, 1.1923e+00): lin 2 (3.4e-10)
	 #7 (2.2874e-15, 7.2338e+01): lin 2 (1.1e-10)
Composition correction applied in 1 block(s)
	 #8 (9.5429e-15, 1.7125e+02): lin 2 (3.7e-11)
Composition correction applied in 1 block(s)
	 #9 (6.4423e-15, 3.1462e+01): lin 2 (1.5e-10)
	 #10 (1.2192e-15, 1.1923e+00): lin 2 (3.4e-10)
	 #11 (2.2872e-15, 7.2338e+01): lin 2 (1.1e-10)
Composition correction applied in 1 block(s)
	 #12 (9.5428e-15, 1.7125e+02): lin 2 (3.7e-11)
Composition correction applied in 1 block(s)
	 #13 (6.4423e-15, 3.1462e+01): lin 2 (1.5e-10)
	 #14 (1.2197e-15, 1.1923e+00): lin 2 (3.4e-10)
	 #15 (2.2850e-15, 7.2338e+01): lin 2 (1.1e-10)
Composition correction applied in 1 block(s)
FAILED TO CONVERGE WITH DT = 0.000 (newton residual wells) 
	 #1 (2.5284e-09, 2.8486e-01): lin 1 (2.3e-07)
-------------------------------------------------------------------------------------------------------------
 T = 0.0456588, DT = 4.82681e-05, NI = 1, LI = 1, RES = 1.3e-15 (6.2e-02), CFL=0.000 (ELAPSED 00:00:29 )
-------------------------------------------------------------------------------------------------------------
	 #1 (3.2864e-09, 4.4954e-01): lin 1 (3.1e-07)
-------------------------------------------------------------------------------------------------------------
 T = 0.0457215, DT = 6.27485e-05, NI = 1, LI = 1, RES = 1.5e-15 (7.3e-02), CFL=0.000 (ELAPSED 00:00:29 )
-------------------------------------------------------------------------------------------------------------
	 #1 (4.2714e-09, 4.9598e-01): lin 1 (1.1e-06)
	 #2 (5.0811e-15, 3.6310e+00): lin 2 (2.3e-09)
	 #3 (1.4007e-14, 4.9683e+02): lin 2 (1.4e-10)
Composition correction applied in 1 block(s)
	 #4 (1.3762e-14, 2.1961e+02): lin 2 (1.7e-11)
Composition correction applied in 1 block(s)
	 #5 (1.0600e-14, 5.2511e+01): lin 2 (3.1e-10)
	 #6 (1.2257e-15, 3.9043e+00): lin 2 (2.3e-09)
	 #7 (1.4008e-14, 4.9677e+02): lin 2 (1.4e-10)
Composition correction applied in 1 block(s)
	 #8 (1.3762e-14, 2.1961e+02): lin 2 (1.7e-11)
Composition correction applied in 1 block(s)
	 #9 (1.0600e-14, 5.2511e+01): lin 2 (3.1e-10)
	 #10 (1.2268e-15, 3.9042e+00): lin 2 (2.3e-09)
	 #11 (1.4008e-14, 4.9677e+02): lin 2 (1.4e-10)
Composition correction applied in 1 block(s)
	 #12 (1.3762e-14, 2.1961e+02): lin 2 (1.7e-11)
Composition correction applied in 1 block(s)
	 #13 (1.0599e-14, 5.2511e+01): lin 2 (3.1e-10)
	 #14 (1.2333e-15, 3.9042e+00): lin 2 (2.3e-09)
FAILED TO CONVERGE WITH DT = 0.000 (newton residual wells) 
	 #1 (3.2857e-09, 3.8153e-01): lin 1 (5.5e-07)
	 #2 (2.1387e-15, 8.3993e-01): lin 2 (4.1e-10)
	 #3 (7.5587e-15, 2.6331e+02): lin 2 (5.8e-11)
Composition correction applied in 1 block(s)
	 #4 (9.2716e-15, 1.6918e+02): lin 2 (1.9e-11)
Composition correction applied in 1 block(s)
	 #5 (6.4206e-15, 3.1423e+01): lin 2 (1.6e-10)
	 #6 (1.2309e-15, 9.4246e-01): lin 2 (4.1e-10)
	 #7 (7.5591e-15, 2.6330e+02): lin 2 (5.8e-11)
Composition correction applied in 1 block(s)
	 #8 (9.2719e-15, 1.6918e+02): lin 2 (1.9e-11)
Composition correction applied in 1 block(s)
	 #9 (6.4202e-15, 3.1423e+01): lin 2 (1.6e-10)
	 #10 (1.2302e-15, 9.4246e-01): lin 2 (4.1e-10)
	 #11 (7.5597e-15, 2.6330e+02): lin 2 (5.8e-11)
Composition correction applied in 1 block(s)
	 #12 (9.2713e-15, 1.6918e+02): lin 2 (1.9e-11)
Composition correction applied in 1 block(s)
	 #13 (6.4208e-15, 3.1423e+01): lin 2 (1.6e-10)
	 #14 (1.2321e-15, 9.4246e-01): lin 2 (4.1e-10)
FAILED TO CONVERGE WITH DT = 0.000 (newton residual wells) 
	 #1 (2.5275e-09, 2.9348e-01): lin 1 (2.3e-07)
-------------------------------------------------------------------------------------------------------------
 T = 0.0457698, DT = 4.82681e-05, NI = 1, LI = 1, RES = 1.3e-15 (7.2e-02), CFL=0.000 (ELAPSED 00:00:30 )
-------------------------------------------------------------------------------------------------------------
	 #1 (3.2852e-09, 4.5724e-01): lin 1 (6.3e-07)
-------------------------------------------------------------------------------------------------------------
 T = 0.0458326, DT = 6.27485e-05, NI = 1, LI = 1, RES = 1.2e-15 (6.6e-02), CFL=0.000 (ELAPSED 00:00:30 )
-------------------------------------------------------------------------------------------------------------
	 #1 (4.2698e-09, 4.8969e-01): lin 1 (1.1e-06)
	 #2 (5.0645e-15, 3.5776e+00): lin 2 (3.0e-09)
	 #3 (2.2677e-14, 8.2609e+02): lin 2 (1.4e-10)
Composition correction applied in 1 block(s)
	 #4 (1.3220e-14, 2.1556e+02): lin 2 (1.9e-10)
Composition correction applied in 1 block(s)
	 #5 (1.0771e-14, 5.3065e+01): lin 2 (3.9e-10)
	 #6 (1.2516e-15, 3.9417e+00): lin 2 (3.0e-09)
	 #7 (2.2680e-14, 8.2600e+02): lin 2 (1.4e-10)
Composition correction applied in 1 block(s)
	 #8 (1.3220e-14, 2.1556e+02): lin 2 (1.9e-10)
Composition correction applied in 1 block(s)
	 #9 (1.0772e-14, 5.3066e+01): lin 2 (3.9e-10)
	 #10 (1.2497e-15, 3.9416e+00): lin 2 (3.0e-09)
	 #11 (2.2680e-14, 8.2600e+02): lin 2 (1.4e-10)
Composition correction applied in 1 block(s)
	 #12 (1.3220e-14, 2.1556e+02): lin 2 (1.9e-10)
Composition correction applied in 1 block(s)
	 #13 (1.0771e-14, 5.3066e+01): lin 2 (3.9e-10)
	 #14 (1.2546e-15, 3.9416e+00): lin 2 (3.0e-09)
FAILED TO CONVERGE WITH DT = 0.000 (newton residual wells) 
	 #1 (3.2845e-09, 3.7668e-01): lin 1 (5.5e-07)
	 #2 (2.1279e-15, 8.0469e-01): lin 2 (5.8e-10)
	 #3 (1.3371e-14, 4.7630e+02): lin 2 (5.7e-11)
Composition correction applied in 1 block(s)
	 #4 (8.8324e-15, 1.6669e+02): lin 2 (3.3e-11)
Composition correction applied in 1 block(s)
	 #5 (6.4191e-15, 3.1477e+01): lin 2 (1.9e-10)
	 #6 (1.2274e-15, 9.2581e-01): lin 2 (5.8e-10)
	 #7 (1.3372e-14, 4.7628e+02): lin 2 (5.7e-11)
Composition correction applied in 1 block(s)
	 #8 (8.8318e-15, 1.6669e+02): lin 2 (3.3e-11)
Composition correction applied in 1 block(s)
	 #9 (6.4189e-15, 3.1477e+01): lin 2 (1.9e-10)
	 #10 (1.2271e-15, 9.2580e-01): lin 2 (5.8e-10)
	 #11 (1.3371e-14, 4.7628e+02): lin 2 (5.7e-11)
Composition correction applied in 1 block(s)
	 #12 (8.8325e-15, 1.6669e+02): lin 2 (3.3e-11)
Composition correction applied in 1 block(s)
	 #13 (6.4181e-15, 3.1477e+01): lin 2 (1.9e-10)
	 #14 (1.2218e-15, 9.2580e-01): lin 2 (5.8e-10)
FAILED TO CONVERGE WITH DT = 0.000 (newton residual wells) 
	 #1 (2.5265e-09, 2.8975e-01): lin 1 (2.3e-07)
-------------------------------------------------------------------------------------------------------------
 T = 0.0458808, DT = 4.82681e-05, NI = 1, LI = 1, RES = 1.3e-15 (8.7e-02), CFL=0.000 (ELAPSED 00:00:31 )
-------------------------------------------------------------------------------------------------------------
	 #1 (3.2840e-09, 4.6803e-01): lin 1 (1.2e-06)
-------------------------------------------------------------------------------------------------------------
 T = 0.0459436, DT = 6.27485e-05, NI = 1, LI = 1, RES = 1.5e-15 (6.3e-02), CFL=0.000 (ELAPSED 00:00:31 )
-------------------------------------------------------------------------------------------------------------
	 #1 (4.2682e-09, 4.8761e-01): lin 1 (1.1e-06)
	 #2 (5.0332e-15, 3.6588e+00): lin 2 (3.4e-09)
	 #3 (3.2349e-14, 1.2254e+03): lin 2 (1.5e-10)
Composition correction applied in 1 block(s)
	 #4 (1.3013e-14, 2.0964e+02): lin 2 (4.7e-10)
Composition correction applied in 1 block(s)
	 #5 (1.1742e-14, 5.6024e+01): lin 2 (4.6e-10)
	 #6 (1.2252e-15, 3.8433e+00): lin 2 (3.4e-09)
	 #7 (3.2360e-14, 1.2252e+03): lin 2 (1.5e-10)
Composition correction applied in 1 block(s)
	 #8 (1.3012e-14, 2.0964e+02): lin 2 (4.7e-10)
Composition correction applied in 1 block(s)
	 #9 (1.1742e-14, 5.6024e+01): lin 2 (4.6e-10)
	 #10 (1.2266e-15, 3.8431e+00): lin 2 (3.4e-09)
	 #11 (3.2360e-14, 1.2252e+03): lin 2 (1.5e-10)
Composition correction applied in 1 block(s)
	 #12 (1.3013e-14, 2.0964e+02): lin 2 (4.7e-10)
Composition correction applied in 1 block(s)
	 #13 (1.1741e-14, 5.6024e+01): lin 2 (4.6e-10)
	 #14 (1.2210e-15, 3.8431e+00): lin 2 (3.4e-09)
FAILED TO CONVERGE WITH DT = 0.000 (newton residual wells) 
	 #1 (3.2833e-09, 3.7508e-01): lin 1 (5.5e-07)
	 #2 (2.1270e-15, 8.7495e-01): lin 2 (7.6e-10)
	 #3 (1.9494e-14, 7.1466e+02): lin 2 (5.9e-11)
Composition correction applied in 1 block(s)
	 #4 (8.2978e-15, 1.6280e+02): lin 2 (1.2e-10)
Composition correction applied in 1 block(s)
	 #5 (6.5568e-15, 3.1877e+01): lin 2 (2.2e-10)
	 #6 (1.2309e-15, 1.0552e+00): lin 2 (7.6e-10)
	 #7 (1.9496e-14, 7.1463e+02): lin 2 (5.9e-11)
Composition correction applied in 1 block(s)
	 #8 (8.2971e-15, 1.6280e+02): lin 2 (1.2e-10)
Composition correction applied in 1 block(s)
	 #9 (6.5577e-15, 3.1877e+01): lin 2 (2.2e-10)
	 #10 (1.2336e-15, 1.0551e+00): lin 2 (7.6e-10)
	 #11 (1.9495e-14, 7.1463e+02): lin 2 (5.9e-11)
Composition correction applied in 1 block(s)
	 #12 (8.2977e-15, 1.6280e+02): lin 2 (1.2e-10)
Composition correction applied in 1 block(s)
	 #13 (6.5570e-15, 3.1877e+01): lin 2 (2.2e-10)
	 #14 (1.2315e-15, 1.0551e+00): lin 2 (7.6e-10)
FAILED TO CONVERGE WITH DT = 0.000 (newton residual wells) 
	 #1 (2.5256e-09, 2.8852e-01): lin 1 (2.3e-07)
	 #2 (1.3146e-15, 1.0763e-01): lin 2 (2.2e-10)
-------------------------------------------------------------------------------------------------------------
 T = 0.0459918, DT = 4.82681e-05, NI = 2, LI = 3, RES = 1.2e-15 (3.8e-02), CFL=0.000 (ELAPSED 00:00:32 )
-------------------------------------------------------------------------------------------------------------
	 #1 (3.2827e-09, 3.6167e-01): lin 1 (4.4e-07)
-------------------------------------------------------------------------------------------------------------
 T = 0.0460546, DT = 6.27485e-05, NI = 1, LI = 1, RES = 2.1e-15 (3.3e-04), CFL=0.000 (ELAPSED 00:00:32 )
-------------------------------------------------------------------------------------------------------------
	 #1 (4.2667e-09, 4.2160e-01): lin 1 (9.6e-07)
-------------------------------------------------------------------------------------------------------------
 T = 0.0461362, DT = 8.15731e-05, NI = 1, LI = 1, RES = 5.1e-15 (5.7e-04), CFL=0.000 (ELAPSED 00:00:32 )
-------------------------------------------------------------------------------------------------------------
	 #1 (5.5452e-09, 5.5016e-01): lin 1 (1.8e-06)
-------------------------------------------------------------------------------------------------------------
 T = 0.0462422, DT = 0.000106045, NI = 1, LI = 1, RES = 1.2e-14 (1.5e-03), CFL=0.000 (ELAPSED 00:00:32 )
-------------------------------------------------------------------------------------------------------------
	 #1 (7.2062e-09, 7.1838e-01): lin 2 (1.6e-08)
-------------------------------------------------------------------------------------------------------------
 T = 0.0463801, DT = 0.000137858, NI = 1, LI = 2, RES = 1.3e-15 (2.0e-03), CFL=0.000 (ELAPSED 00:00:32 )
-------------------------------------------------------------------------------------------------------------
	 #1 (9.3638e-09, 9.3923e-01): lin 1 (7.5e-06)
-------------------------------------------------------------------------------------------------------------
 T = 0.0465593, DT = 0.000179216, NI = 1, LI = 1, RES = 8.4e-14 (4.1e-03), CFL=0.000 (ELAPSED 00:00:32 )
-------------------------------------------------------------------------------------------------------------
	 #1 (1.2166e-08, 1.2300e+00): lin 2 (3.2e-07)
-------------------------------------------------------------------------------------------------------------
 T = 0.0467923, DT = 0.000232981, NI = 1, LI = 2, RES = 1.8e-15 (6.9e-03), CFL=0.000 (ELAPSED 00:00:32 )
-------------------------------------------------------------------------------------------------------------
	 #1 (1.5804e-08, 1.6140e+00): lin 2 (1.6e-06)
-------------------------------------------------------------------------------------------------------------
 T = 0.0470951, DT = 0.000302875, NI = 1, LI = 2, RES = 3.6e-15 (1.4e-02), CFL=0.000 (ELAPSED 00:00:32 )
-------------------------------------------------------------------------------------------------------------
	 #1 (2.0525e-08, 2.1232e+00): lin 2 (4.6e-09)
-------------------------------------------------------------------------------------------------------------
 T = 0.0474889, DT = 0.000393738, NI = 1, LI = 2, RES = 2.5e-15 (1.9e-02), CFL=0.000 (ELAPSED 00:00:33 )
-------------------------------------------------------------------------------------------------------------
	 #1 (2.6650e-08, 2.8018e+00): lin 3 (6.7e-06)
-------------------------------------------------------------------------------------------------------------
 T = 0.0480007, DT = 0.000511859, NI = 1, LI = 3, RES = 2.0e-13 (7.7e-02), CFL=0.000 (ELAPSED 00:00:33 )
-------------------------------------------------------------------------------------------------------------
	 #1 (3.4590e-08, 3.7123e+00): lin 2 (5.3e-06)
-------------------------------------------------------------------------------------------------------------
 T = 0.0486662, DT = 0.000665417, NI = 1, LI = 2, RES = 8.9e-14 (8.9e-02), CFL=0.000 (ELAPSED 00:00:33 )
-------------------------------------------------------------------------------------------------------------
	 #1 (4.4876e-08, 4.9389e+00): lin 3 (5.1e-08)
-------------------------------------------------------------------------------------------------------------
 T = 0.0495312, DT = 0.000865042, NI = 1, LI = 3, RES = 7.9e-15 (9.4e-02), CFL=0.000 (ELAPSED 00:00:33 )
-------------------------------------------------------------------------------------------------------------
	 #1 (5.8191e-08, 6.6053e+00): lin 3 (1.3e-07)
	 #2 (1.2595e-14, 4.0023e-01): lin 3 (6.1e-07)
-------------------------------------------------------------------------------------------------------------
 T = 0.0506557, DT = 0.00112455, NI = 2, LI = 6, RES = 4.1e-15 (6.7e-05), CFL=0.000 (ELAPSED 00:00:33 )
-------------------------------------------------------------------------------------------------------------
	 #1 (7.5409e-08, 8.9109e+00): lin 2 (1.4e-06)
	 #2 (7.3042e-15, 3.2749e-01): lin 2 (6.0e-06)
-------------------------------------------------------------------------------------------------------------
 T = 0.0521177, DT = 0.00146192, NI = 2, LI = 4, RES = 5.2e-15 (1.3e-04), CFL=0.000 (ELAPSED 00:00:33 )
-------------------------------------------------------------------------------------------------------------
	 #1 (9.7643e-08, 1.2086e+01): lin 2 (3.6e-06)
	 #2 (8.7415e-14, 5.7713e-01): lin 2 (1.7e-06)
-------------------------------------------------------------------------------------------------------------
 T = 0.0540182, DT = 0.0019005, NI = 2, LI = 4, RES = 6.7e-15 (1.2e-03), CFL=0.000 (ELAPSED 00:00:33 )
-------------------------------------------------------------------------------------------------------------
	 #1 (1.2632e-07, 1.6522e+01): lin 3 (5.5e-06)
	 #2 (4.2524e-13, 1.0973e+00): lin 3 (9.8e-06)
-------------------------------------------------------------------------------------------------------------
 T = 0.0564888, DT = 0.00247065, NI = 2, LI = 6, RES = 8.7e-15 (1.4e-03), CFL=0.000 (ELAPSED 00:00:33 )
-------------------------------------------------------------------------------------------------------------
	 #1 (1.6324e-07, 2.2776e+01): lin 4 (1.9e-08)
	 #2 (4.5512e-14, 6.9850e+00): lin 3 (3.1e-06)
-------------------------------------------------------------------------------------------------------------
 T = 0.0597006, DT = 0.00321184, NI = 2, LI = 7, RES = 1.1e-14 (2.3e-02), CFL=0.000 (ELAPSED 00:00:33 )
-------------------------------------------------------------------------------------------------------------
	 #1 (2.1068e-07, 3.1695e+01): lin 3 (1.7e-06)
	 #2 (4.2929e-13, 4.3540e+00): lin 3 (1.6e-06)
-------------------------------------------------------------------------------------------------------------
 T = 0.063876, DT = 0.00417539, NI = 2, LI = 6, RES = 1.5e-14 (2.3e-02), CFL=0.000 (ELAPSED 00:00:34 )
-------------------------------------------------------------------------------------------------------------
	 #1 (2.7155e-07, 4.4414e+01): lin 3 (2.4e-07)
	 #2 (7.7426e-14, 1.9048e+01): lin 3 (4.2e-08)
	 #3 (1.9331e-14, 2.3616e-01): lin 3 (3.7e-07)
-------------------------------------------------------------------------------------------------------------
 T = 0.069304, DT = 0.00542801, NI = 3, LI = 9, RES = 1.9e-14 (8.9e-05), CFL=0.000 (ELAPSED 00:00:34 )
-------------------------------------------------------------------------------------------------------------
	 #1 (3.4947e-07, 6.2770e+01): lin 3 (6.6e-07)
	 #2 (1.4169e-13, 2.6097e+01): lin 3 (1.6e-07)
	 #3 (2.5352e-14, 4.4456e-01): lin 3 (7.5e-07)
-------------------------------------------------------------------------------------------------------------
 T = 0.0763605, DT = 0.00705641, NI = 3, LI = 9, RES = 2.5e-14 (7.8e-04), CFL=0.000 (ELAPSED 00:00:34 )
-------------------------------------------------------------------------------------------------------------
	 #1 (4.4906e-07, 8.9328e+01): lin 3 (1.7e-06)
	 #2 (2.7160e-13, 5.6329e+01): lin 3 (1.5e-06)
	 #3 (3.3198e-14, 3.5444e+00): lin 3 (3.7e-06)
-------------------------------------------------------------------------------------------------------------
 T = 0.0855338, DT = 0.00917333, NI = 3, LI = 9, RES = 3.3e-14 (2.1e-02), CFL=0.001 (ELAPSED 00:00:34 )
-------------------------------------------------------------------------------------------------------------
	 #1 (5.7613e-07, 1.2779e+02): lin 3 (3.9e-06)
	 #2 (5.1927e-13, 1.8658e+02): lin 4 (2.3e-07)
	 #3 (4.3397e-14, 1.2759e+02): lin 4 (8.9e-07)
	 #4 (4.3399e-14, 3.7452e+00): lin 4 (7.3e-07)
-------------------------------------------------------------------------------------------------------------
 T = 0.0974591, DT = 0.0119253, NI = 4, LI = 15, RES = 4.3e-14 (5.2e-04), CFL=0.001 (ELAPSED 00:00:34 )
-------------------------------------------------------------------------------------------------------------
	 #1 (7.3803e-07, 1.8352e+02): lin 4 (1.2e-06)
Composition correction applied in 1 block(s)
	 #2 (4.0070e-10, 3.1625e+02): lin 3 (4.8e-07)
	 #3 (7.3418e-13, 7.4665e+03): lin 4 (1.7e-06)
	 #4 (5.8380e-13, 1.4950e+05): lin 4 (1.0e-06)
	 #5 (8.1714e-13, 1.2775e+04): lin 4 (3.7e-06)
	 #6 (2.2154e-12, 3.3620e+05): lin 3 (4.2e-06)
	 #7 (4.2304e-10, 1.3134e+07): lin 4 (5.4e-06)
Composition correction applied in 4 block(s)
OBL axis correction: block 18066 variable 2 shoots over axis limit of 373.15 to 509.906
OBL axis correction applied 1 time(s) 
	 #8 (4.6156e-07, 1.6642e+08): lin 4 (3.6e-07)
Composition correction applied in 3 block(s)
OBL axis correction: block 18066 variable 2 shoots over axis limit of 373.15 to 373.225
OBL axis correction applied 2 time(s) 
	 #9 (3.5151e-08, 2.5620e+08): lin 3 (5.7e-07)
Composition correction applied in 1 block(s)
	 #10 (4.6872e-09, 3.5583e+07): lin 4 (1.4e-06)
Composition correction applied in 2 block(s)
OBL axis correction: block 18069 variable 2 shoots over axis limit of 373.15 to 497.687
OBL axis correction applied 1 time(s) 
	 #11 (1.3768e-09, 1.7627e+07): lin 2 (2.4e-06)
OBL axis correction: block 18069 variable 2 shoots over axis limit of 373.15 to 481.795
OBL axis correction applied 1 time(s) 
	 #12 (3.0888e-13, 3.8569e+07): lin 3 (4.6e-07)
OBL axis correction: block 18069 variable 2 shoots over axis limit of 373.15 to 416.356
OBL axis correction applied 1 time(s) 
	 #13 (3.4575e-10, 1.5643e+07): lin 5 (6.9e-07)
Composition correction applied in 2 block(s)
OBL axis correction: block 18068 variable 2 shoots over axis limit of 373.15 to 714.782
OBL axis correction applied 1 time(s) 
	 #14 (4.3814e-09, 4.2213e+08): lin 3 (4.1e-07)
Composition correction applied in 2 block(s)
OBL axis correction: block 18068 variable 2 shoots over axis limit of 373.15 to 373.438
OBL axis correction applied 1 time(s) 
	 #15 (2.5634e-09, 1.0984e+05): lin 3 (8.4e-06)
Composition correction applied in 1 block(s)
	 #16 (1.8631e-13, 9.6181e+02): lin 5 (5.6e-07)
	 #17 (1.1914e-11, 2.4965e+06): lin 4 (1.4e-07)
Local chop applied in 1 block(s)
	 #18 (5.2124e-09, 3.2683e+07): lin 3 (9.1e-07)
Composition correction applied in 1 block(s)
OBL axis correction: block 18067 variable 2 shoots over axis limit of 373.15 to 374.273
OBL axis correction applied 2 time(s) 
	 #19 (8.9090e-10, 4.3860e+06): lin 3 (1.6e-07)
Composition correction applied in 1 block(s)
OBL axis correction: block 18069 variable 2 shoots over axis limit of 373.15 to 398.339
OBL axis correction applied 1 time(s) 
	 #20 (1.2116e-11, 7.1569e+06): lin 3 (4.4e-06)
Local chop applied in 2 block(s)
FAILED TO CONVERGE WITH DT = 0.016 (newton residual wells) 
	 #1 (5.6772e-07, 1.4117e+02): lin 3 (3.6e-06)
	 #2 (2.7703e-10, 1.4490e+03): lin 3 (1.1e-07)
	 #3 (9.3165e-14, 1.0832e+03): lin 4 (1.3e-07)
	 #4 (6.8171e-14, 8.1316e+04): lin 3 (3.3e-06)
	 #5 (1.9908e-12, 1.8197e+04): lin 3 (5.7e-06)
	 #6 (8.9564e-13, 2.1506e+05): lin 2 (3.9e-06)
	 #7 (1.8286e-10, 9.2773e+06): lin 4 (7.0e-07)
Composition correction applied in 2 block(s)
Local chop applied in 2 block(s)
	 #8 (2.5370e-07, 2.7372e+07): lin 2 (3.9e-06)
Composition correction applied in 1 block(s)
Local chop applied in 1 block(s)
OBL axis correction: block 18066 variable 2 shoots over axis limit of 373.15 to 401.448
OBL axis correction applied 1 time(s) 
	 #9 (3.9729e-08, 8.5637e+06): lin 4 (1.2e-07)
Composition correction applied in 1 block(s)
Local chop applied in 1 block(s)
	 #10 (9.2025e-10, 5.0908e+05): lin 3 (9.6e-06)
Composition correction applied in 2 block(s)
Local chop applied in 1 block(s)
OBL axis correction: block 18068 variable 2 shoots over axis limit of 373.15 to 413.822
OBL axis correction applied 1 time(s) 
	 #11 (1.3487e-09, 6.4063e+07): lin 4 (1.6e-07)
Composition correction applied in 2 block(s)
OBL axis correction: block 18068 variable 2 shoots over axis limit of 373.15 to 373.238
OBL axis correction applied 1 time(s) 
	 #12 (6.3773e-09, 3.8414e+07): lin 2 (1.6e-06)
	 #13 (4.1594e-10, 5.5094e+05): lin 3 (3.4e-06)
	 #14 (1.9193e-11, 8.5649e+05): lin 3 (9.6e-07)
	 #15 (3.2770e-12, 9.4780e+05): lin 3 (2.1e-06)
Local chop applied in 1 block(s)
	 #16 (6.9878e-10, 4.8236e+06): lin 4 (7.4e-07)
Composition correction applied in 2 block(s)
Local chop applied in 2 block(s)
	 #17 (9.4614e-08, 1.9378e+07): lin 3 (1.8e-06)
Composition correction applied in 2 block(s)
Local chop applied in 1 block(s)
	 #18 (1.4226e-08, 1.7150e+06): lin 4 (1.4e-07)
Composition correction applied in 1 block(s)
Local chop applied in 1 block(s)
	 #19 (1.5525e-10, 9.6646e+05): lin 4 (1.5e-06)
Composition correction applied in 1 block(s)
Local chop applied in 2 block(s)
	 #20 (1.4798e-08, 1.8434e+06): lin 4 (7.2e-08)
Composition correction applied in 3 block(s)
Local chop applied in 2 block(s)
OBL axis correction: block 18069 variable 2 shoots over axis limit of 373.15 to 377.554
OBL axis correction applied 1 time(s) 
FAILED TO CONVERGE WITH DT = 0.012 (newton residual wells) 
	 #1 (4.3671e-07, 1.0859e+02): lin 3 (1.4e-06)
	 #2 (1.9260e-10, 1.7823e+02): lin 4 (2.0e-06)
	 #3 (7.5129e-11, 1.6955e+06): lin 2 (1.4e-06)
	 #4 (6.5077e-11, 6.2173e+05): lin 3 (1.7e-06)
	 #5 (2.7746e-10, 6.9151e+06): lin 4 (4.0e-07)
Composition correction applied in 2 block(s)
Local chop applied in 2 block(s)
	 #6 (1.0079e-07, 1.3333e+07): lin 2 (3.8e-06)
Composition correction applied in 1 block(s)
	 #7 (5.8934e-09, 8.5762e+05): lin 3 (9.4e-08)
Composition correction applied in 1 block(s)
	 #8 (1.3568e-10, 3.5390e+05): lin 2 (3.9e-06)
	 #9 (8.5571e-11, 9.2183e+05): lin 4 (2.4e-07)
Composition correction applied in 1 block(s)
	 #10 (2.7185e-10, 7.1290e+05): lin 3 (5.5e-07)
Composition correction applied in 1 block(s)
	 #11 (5.0072e-10, 4.8022e+05): lin 2 (8.8e-06)
Composition correction applied in 2 block(s)
	 #12 (3.1328e-11, 2.4860e+05): lin 3 (8.4e-07)
	 #13 (2.9699e-11, 8.1812e+06): lin 4 (2.3e-07)
Composition correction applied in 3 block(s)
Local chop applied in 2 block(s)
OBL axis correction: block 18066 variable 2 shoots under axis limit of 273.15 to 267.51
OBL axis correction applied 1 time(s) 
	 #14 (2.5995e-07, 3.7097e+07): lin 2 (9.1e-06)
Composition correction applied in 2 block(s)
Local chop applied in 1 block(s)
OBL axis correction: block 18065 variable 2 shoots over axis limit of 373.15 to 429.142
OBL axis correction applied 2 time(s) 
	 #15 (1.0932e-08, 2.1777e+07): lin 3 (7.7e-07)
Composition correction applied in 1 block(s)
Local chop applied in 1 block(s)
OBL axis correction: block 18066 variable 2 shoots over axis limit of 373.15 to 388.012
OBL axis correction applied 1 time(s) 
	 #16 (6.3808e-09, 2.7985e+06): lin 3 (1.7e-07)
Composition correction applied in 2 block(s)
Local chop applied in 1 block(s)
OBL axis correction: block 18066 variable 2 shoots over axis limit of 373.15 to 373.209
OBL axis correction applied 1 time(s) 
	 #17 (2.3405e-09, 5.2955e+06): lin 2 (2.3e-06)
Composition correction applied in 1 block(s)
OBL axis correction: block 18068 variable 2 shoots over axis limit of 373.15 to 382.705
OBL axis correction applied 1 time(s) 
	 #18 (1.7718e-10, 7.5900e+06): lin 3 (7.9e-06)
Local chop applied in 1 block(s)
OBL axis correction: block 18068 variable 2 shoots under axis limit of 273.15 to 202.91
OBL axis correction applied 1 time(s) 
	 #19 (4.9728e-09, 2.0145e+07): lin 2 (1.7e-06)
Composition correction applied in 1 block(s)
Local chop applied in 1 block(s)
OBL axis correction: block 18069 variable 2 shoots over axis limit of 373.15 to 377.123
OBL axis correction applied 1 time(s) 
	 #20 (6.6833e-10, 2.8684e+06): lin 2 (1.7e-06)
OBL axis correction: block 18069 variable 2 shoots over axis limit of 373.15 to 395.668
OBL axis correction applied 1 time(s) 
FAILED TO CONVERGE WITH DT = 0.009 (newton residual wells) 
	 #1 (3.3593e-07, 8.3533e+01): lin 3 (5.1e-07)
	 #2 (1.3394e-10, 1.3193e+02): lin 4 (1.1e-07)
	 #3 (2.5808e-14, 8.6111e+03): lin 4 (3.1e-07)
	 #4 (2.5810e-14, 1.9526e+03): lin 4 (3.1e-07)
	 #5 (2.5809e-14, 3.0761e+02): lin 4 (2.9e-07)
FAILED TO CONVERGE WITH DT = 0.007 (newton residual wells) 
	 #1 (2.5841e-07, 6.4256e+01): lin 3 (1.8e-07)
	 #2 (8.8710e-11, 7.4155e+01): lin 3 (6.6e-06)
	 #3 (1.9849e-14, 2.3359e+01): lin 4 (1.4e-07)
-------------------------------------------------------------------------------------------------------------
 T = 0.102887, DT = 0.00542801, NI = 3, LI = 10, RES = 2.0e-14 (6.2e-02), CFL=0.000 (ELAPSED 00:00:38 )
-------------------------------------------------------------------------------------------------------------
	 #1 (3.3383e-07, 8.6896e+01): lin 3 (4.9e-07)
	 #2 (8.2674e-11, 1.3652e+02): lin 4 (1.4e-06)
	 #3 (8.0561e-12, 1.8480e+05): lin 3 (1.1e-07)
	 #4 (4.6406e-12, 2.5073e+05): lin 2 (3.4e-06)
	 #5 (2.7915e-10, 6.5413e+06): lin 3 (6.7e-07)
Composition correction applied in 1 block(s)
	 #6 (2.0864e-10, 6.9215e+05): lin 2 (1.4e-06)
Composition correction applied in 1 block(s)
	 #7 (1.6419e-11, 7.9414e+04): lin 2 (3.4e-06)
	 #8 (1.0637e-11, 4.2528e+05): lin 2 (6.7e-06)
	 #9 (1.3341e-10, 6.7258e+06): lin 4 (6.1e-08)
Composition correction applied in 2 block(s)
Local chop applied in 2 block(s)
	 #10 (1.5635e-07, 4.0346e+07): lin 2 (1.2e-06)
Composition correction applied in 1 block(s)
Local chop applied in 1 block(s)
OBL axis correction: block 18066 variable 2 shoots over axis limit of 373.15 to 398.169
OBL axis correction applied 1 time(s) 
	 #11 (2.3961e-08, 8.8921e+06): lin 2 (1.8e-06)
Composition correction applied in 1 block(s)
Local chop applied in 1 block(s)
	 #12 (6.0544e-10, 1.4831e+06): lin 2 (8.6e-07)
Local chop applied in 1 block(s)
	 #13 (3.0109e-10, 1.2943e+05): lin 3 (8.0e-06)
Composition correction applied in 1 block(s)
	 #14 (1.4220e-10, 4.4464e+05): lin 2 (2.9e-06)
	 #15 (4.5137e-11, 5.2020e+06): lin 3 (1.1e-06)
Composition correction applied in 2 block(s)
	 #16 (1.7626e-10, 6.6781e+05): lin 2 (1.1e-06)
Composition correction applied in 1 block(s)
	 #17 (1.4437e-11, 8.5411e+04): lin 2 (1.8e-06)
	 #18 (9.8107e-12, 4.4724e+05): lin 2 (6.5e-06)
	 #19 (1.3089e-10, 6.7284e+06): lin 3 (1.3e-06)
Composition correction applied in 2 block(s)
	 #20 (2.1948e-10, 7.9531e+05): lin 2 (1.3e-06)
Composition correction applied in 1 block(s)
FAILED TO CONVERGE WITH DT = 0.007 (newton residual wells) 
	 #1 (2.5679e-07, 6.6843e+01): lin 3 (1.7e-07)
	 #2 (4.0619e-11, 1.0240e+02): lin 4 (6.0e-07)
	 #3 (8.1414e-12, 1.8480e+05): lin 2 (9.1e-06)
	 #4 (4.9749e-12, 1.9826e+05): lin 2 (4.5e-06)
	 #5 (1.6854e-10, 5.0240e+06): lin 2 (1.2e-06)
Composition correction applied in 1 block(s)
	 #6 (1.3901e-10, 4.6919e+05): lin 2 (1.1e-06)
Composition correction applied in 1 block(s)
	 #7 (1.1377e-11, 5.2449e+04): lin 2 (5.0e-06)
