well_head_depth_pressure =  175.96349999999998
The string 'wbhp' is found as control!
Walltime = 0.0 Simulated time = 0.0
# 1 	T = 1e-05	DT = 1e-05	NI = 8	LI=16	DT_MULT=1.3	dX=[0.008 0.    0.   ]
Walltime = 1.985142707824707 Simulated time = 1e-05
# 2 	T = 2.3e-05	DT = 1.3e-05	NI = 1	LI=2	DT_MULT=1.3	dX=[0.011 0.    0.   ]
Walltime = 2.059683084487915 Simulated time = 2.3000000000000003e-05
# 3 	T = 3.99e-05	DT = 1.69e-05	NI = 1	LI=2	DT_MULT=1.3	dX=[0.014 0.    0.   ]
Walltime = 2.152684211730957 Simulated time = 3.990000000000001e-05
# 4 	T = 6.187e-05	DT = 2.197e-05	NI = 1	LI=2	DT_MULT=1.3	dX=[0.018 0.    0.   ]
Walltime = 2.275887966156006 Simulated time = 6.187e-05
# 5 	T = 9.0431e-05	DT = 2.8561e-05	NI = 1	LI=2	DT_MULT=1.3	dX=[0.023 0.    0.   ]
Walltime = 2.3608882427215576 Simulated time = 9.0431e-05
# 6 	T = 0.00012756	DT = 3.71293e-05	NI = 1	LI=2	DT_MULT=1.3	dX=[0.029 0.    0.   ]
Walltime = 2.468888521194458 Simulated time = 0.0001275603
# 7 	T = 0.000175828	DT = 4.82681e-05	NI = 2	LI=4	DT_MULT=1.3	dX=[0.038 0.    0.   ]
Walltime = 2.6458444595336914 Simulated time = 0.00017582839
# 8 	T = 0.000238577	DT = 6.27485e-05	NI = 2	LI=4	DT_MULT=1.3	dX=[0.048 0.    0.   ]
Walltime = 2.8210716247558594 Simulated time = 0.000238576907
# 9 	T = 0.00032015	DT = 8.15731e-05	NI = 2	LI=4	DT_MULT=1.3	dX=[0.062 0.    0.   ]
Walltime = 3.0489158630371094 Simulated time = 0.0003201499791
# 10 	T = 0.000426195	DT = 0.000106045	NI = 2	LI=4	DT_MULT=1.3	dX=[0.079 0.    0.   ]
Walltime = 3.236915111541748 Simulated time = 0.00042619497283
# 11 	T = 0.000564053	DT = 0.000137858	NI = 2	LI=4	DT_MULT=1.3	dX=[0.1 0.  0. ]
Walltime = 3.4151463508605957 Simulated time = 0.000564053464679
# 12 	T = 0.00074327	DT = 0.000179216	NI = 2	LI=4	DT_MULT=1.3	dX=[0.125 0.    0.   ]
Walltime = 3.7034685611724854 Simulated time = 0.0007432695040827001
# 13 	T = 0.00097625	DT = 0.000232981	NI = 2	LI=5	DT_MULT=1.3	dX=[0.155 0.    0.   ]
Walltime = 4.163928985595703 Simulated time = 0.0009762503553075102
# 14 	T = 0.00127913	DT = 0.000302875	NI = 2	LI=6	DT_MULT=1.3	dX=[0.19 0.   0.  ]
Walltime = 4.545300483703613 Simulated time = 0.0012791254618997633
# 15 	T = 0.00167286	DT = 0.000393738	NI = 2	LI=4	DT_MULT=1.3	dX=[0.229 0.    0.   ]
Walltime = 4.916346311569214 Simulated time = 0.0016728631004696924
# 16 	T = 0.00218472	DT = 0.000511859	NI = 2	LI=7	DT_MULT=1.3	dX=[0.271 0.    0.   ]
Walltime = 5.449936151504517 Simulated time = 0.0021847220306106
# 17 	T = 0.00285014	DT = 0.000665417	NI = 1	LI=3	DT_MULT=1.3	dX=[0.312 0.    0.   ]
Walltime = 5.703031063079834 Simulated time = 0.0028501386397937803
# 18 	T = 0.00371518	DT = 0.000865042	NI = 1	LI=3	DT_MULT=1.3	dX=[0.348 0.    0.   ]
Walltime = 5.9670960903167725 Simulated time = 0.0037151802317319147
# 19 	T = 0.00483973	DT = 0.00112455	NI = 1	LI=3	DT_MULT=1.3	dX=[0.374 0.    0.   ]
Walltime = 6.095518350601196 Simulated time = 0.004839734301251489
# 20 	T = 0.00630165	DT = 0.00146192	NI = 1	LI=3	DT_MULT=1.3	dX=[0.385 0.    0.   ]
Walltime = 6.280843496322632 Simulated time = 0.006301654591626936
# 21 	T = 0.00820215	DT = 0.0019005	NI = 1	LI=3	DT_MULT=1.3	dX=[0.376 0.    0.   ]
Walltime = 6.472927570343018 Simulated time = 0.008202150969115017
# 22 	T = 0.0106728	DT = 0.00247065	NI = 2	LI=8	DT_MULT=1.3	dX=[0.348 0.    0.001]
Walltime = 7.985602378845215 Simulated time = 0.010672796259849522
# 23 	T = 0.0138846	DT = 0.00321184	NI = 1	LI=4	DT_MULT=1.3	dX=[0.305 0.    0.001]
Walltime = 8.116186141967773 Simulated time = 0.013884635137804378
# 24 	T = 0.01806	DT = 0.00417539	NI = 1	LI=3	DT_MULT=1.3	dX=[0.254 0.    0.001]
Walltime = 8.399473905563354 Simulated time = 0.01806002567914569
# 25 	T = 0.023488	DT = 0.00542801	NI = 1	LI=3	DT_MULT=1.3	dX=[0.206 0.    0.001]
Walltime = 8.57072401046753 Simulated time = 0.0234880333828894
# 26 	T = 0.0305444	DT = 0.00705641	NI = 1	LI=3	DT_MULT=1.3	dX=[0.194 0.    0.001]
Walltime = 8.745239496231079 Simulated time = 0.03054444339775622
# 27 	T = 0.0397178	DT = 0.00917333	NI = 2	LI=6	DT_MULT=1.3	dX=[0.196 0.    0.002]
Walltime = 8.975691795349121 Simulated time = 0.03971777641708309
# 28 	T = 0.0516431	DT = 0.0119253	NI = 2	LI=7	DT_MULT=1.3	dX=[0.194 0.    0.002]
Walltime = 9.232837915420532 Simulated time = 0.05164310934220802
# 29 	T = 0.067146	DT = 0.0155029	NI = 1	LI=4	DT_MULT=1.3	dX=[0.189 0.    0.003]
Walltime = 9.401972532272339 Simulated time = 0.06714604214487042
# 30 	T = 0.0872999	DT = 0.0201538	NI = 2	LI=8	DT_MULT=1.3	dX=[0.183 0.    0.004]
Walltime = 9.668049812316895 Simulated time = 0.08729985478833155
# 31 	T = 0.1135	DT = 0.0262	NI = 2	LI=8	DT_MULT=1.3	dX=[0.181 0.    0.004]
Walltime = 9.944577693939209 Simulated time = 0.11349981122483102
# 32 	T = 0.14756	DT = 0.0340599	NI = 2	LI=8	DT_MULT=1.3	dX=[0.175 0.    0.005]
Walltime = 10.370868682861328 Simulated time = 0.14755975459228032
# 33 	T = 0.191838	DT = 0.0442779	NI = 1	LI=5	DT_MULT=1.3	dX=[0.167 0.    0.006]
Walltime = 10.576130151748657 Simulated time = 0.19183768096996445
# 34 	T = 0.249399	DT = 0.0575613	NI = 2	LI=10	DT_MULT=1.3	dX=[0.156 0.    0.006]
Walltime = 10.739790439605713 Simulated time = 0.2493989852609538
# 35 	T = 0.324229	DT = 0.0748297	NI = 2	LI=8	DT_MULT=1.3	dX=[0.146 0.    0.007]
Walltime = 11.037674188613892 Simulated time = 0.32422868083923995
# 36 	T = 0.421507	DT = 0.0972786	NI = 2	LI=9	DT_MULT=1.3	dX=[0.134 0.001 0.007]
Walltime = 11.222173929214478 Simulated time = 0.421507285091012
# 37 	T = 0.547969	DT = 0.126462	NI = 2	LI=9	DT_MULT=1.3	dX=[0.12  0.001 0.007]
Walltime = 11.43721866607666 Simulated time = 0.5479694706183156
# 38 	T = 0.71237	DT = 0.164401	NI = 2	LI=10	DT_MULT=1.3	dX=[0.102 0.001 0.009]
Walltime = 11.599365234375 Simulated time = 0.7123703118038103
# 39 	T = 0.926091	DT = 0.213721	NI = 2	LI=10	DT_MULT=1.3	dX=[0.081 0.001 0.012]
Walltime = 11.800508737564087 Simulated time = 0.9260914053449534
# 40 	T = 1.20393	DT = 0.277837	NI = 2	LI=10	DT_MULT=1.3	dX=[0.059 0.002 0.015]
Walltime = 12.029424905776978 Simulated time = 1.2039288269484394
# 41 	T = 1.56512	DT = 0.361189	NI = 2	LI=10	DT_MULT=1.3	dX=[0.038 0.002 0.019]
Walltime = 12.26439356803894 Simulated time = 1.5651174750329715
# 42 	T = 2.03466	DT = 0.469545	NI = 2	LI=8	DT_MULT=1.3	dX=[0.021 0.003 0.023]
Walltime = 12.516952753067017 Simulated time = 2.0346627175428633
# 43 	T = 2.64507	DT = 0.610409	NI = 3	LI=16	DT_MULT=1.3	dX=[0.014 0.003 0.029]
Walltime = 12.822813510894775 Simulated time = 2.6450715328057224
# 44 	T = 3.4386	DT = 0.793531	NI = 3	LI=16	DT_MULT=1.3	dX=[0.016 0.004 0.034]
Walltime = 13.131060600280762 Simulated time = 3.4386029926474393
# 45 	T = 4.47019	DT = 1.03159	NI = 3	LI=17	DT_MULT=1.3	dX=[0.701 0.005 0.057]
Walltime = 13.503184080123901 Simulated time = 4.470193890441671
# 46 	T = 5.81126	DT = 1.34107	NI = 3	LI=17	DT_MULT=1.3	dX=[0.821 0.004 0.081]
Walltime = 13.836357355117798 Simulated time = 5.811262057574172
# 47 	T = 7.55465	DT = 1.74339	NI = 3	LI=18	DT_MULT=1.3	dX=[0.034 0.005 0.104]
Walltime = 14.204183578491211 Simulated time = 7.554650674846425
# 48 	T = 9.82106	DT = 2.26641	NI = 3	LI=17	DT_MULT=1.3	dX=[0.061 0.007 0.132]
Walltime = 14.760046482086182 Simulated time = 9.821055877300353
# 49 	T = 12.7674	DT = 2.94633	NI = 3	LI=17	DT_MULT=1.3	dX=[0.083 0.009 0.168]
Walltime = 15.18866491317749 Simulated time = 12.76738264049046
# 50 	T = 16.5976	DT = 3.83022	NI = 3	LI=18	DT_MULT=1.3	dX=[0.074 0.012 0.226]
Walltime = 15.619005680084229 Simulated time = 16.5976074326376
# 51 	T = 21.5769	DT = 4.97929	NI = 3	LI=18	DT_MULT=1.3	dX=[0.129 0.016 0.321]
Walltime = 16.141605138778687 Simulated time = 21.57689966242888
# 52 	T = 28.05	DT = 6.47308	NI = 3	LI=18	DT_MULT=1.3	dX=[0.191 0.02  0.468]
Walltime = 17.111414909362793 Simulated time = 28.049979561157542
# 53 	T = 36.465	DT = 8.415	NI = 3	LI=19	DT_MULT=1.3	dX=[0.224 0.024 0.68 ]
Walltime = 17.745944023132324 Simulated time = 36.464983429504805
# 54 	T = 46.465	DT = 10	NI = 3	LI=19	DT_MULT=1.3	dX=[0.209 0.026 0.898]
Walltime = 18.430595874786377 Simulated time = 46.464983429504805
# 55 	T =  50	DT = 3.53502	NI = 3	LI=18	DT_MULT=1.3	dX=[0.349 0.009 0.328]
TS = 55(0), NI = 113(0), LI = 466(0)
well_head_depth_pressure =  175.96349999999998
The string 'wbhp' is found as control!
Walltime = 0.0 Simulated time = 50.0
# 1 	T =  60	DT = 10	NI = 4	LI=24	DT_MULT=1.3	dX=[0.817 0.021 0.901]
Walltime = 1.3373141288757324 Simulated time = 60.0
# 2 	T =  70	DT = 10	NI = 3	LI=18	DT_MULT=1.3	dX=[0.542 0.019 0.839]
Walltime = 2.5803680419921875 Simulated time = 70.0
# 3 	T =  80	DT = 10	NI = 3	LI=18	DT_MULT=1.3	dX=[0.128 0.018 0.83 ]
Walltime = 3.865652322769165 Simulated time = 80.0
# 4 	T =  90	DT = 10	NI = 3	LI=17	DT_MULT=1.3	dX=[0.079 0.017 0.827]
Walltime = 4.755872964859009 Simulated time = 90.0
# 5 	T = 100	DT = 10	NI = 3	LI=17	DT_MULT=1.3	dX=[0.059 0.016 0.83 ]
TS = 60(0), NI = 129(0), LI = 560(0)
well_head_depth_pressure =  175.96349999999998
The string 'wbhp' is found as control!
Walltime = 0.0 Simulated time = 100.0
# 1 	T = 110	DT = 10	NI = 3	LI=18	DT_MULT=1.3	dX=[0.073 0.016 0.839]
Walltime = 0.9240500926971436 Simulated time = 110.0
# 2 	T = 120	DT = 10	NI = 3	LI=18	DT_MULT=1.3	dX=[0.081 0.015 0.849]
Walltime = 1.8713066577911377 Simulated time = 120.0
# 3 	T = 130	DT = 10	NI = 3	LI=16	DT_MULT=1.3	dX=[0.166 0.015 0.857]
Walltime = 2.8064558506011963 Simulated time = 130.0
# 4 	T = 140	DT = 10	NI = 3	LI=16	DT_MULT=1.3	dX=[0.151 0.014 0.861]
Walltime = 3.7728099822998047 Simulated time = 140.0
# 5 	T = 150	DT = 10	NI = 3	LI=17	DT_MULT=1.3	dX=[0.082 0.013 0.863]
TS = 65(0), NI = 144(0), LI = 645(0)
well_head_depth_pressure =  175.96349999999998
The string 'wbhp' is found as control!
Walltime = 0.0 Simulated time = 150.0
# 1 	T = 160	DT = 10	NI = 3	LI=17	DT_MULT=1.3	dX=[0.123 0.013 0.862]
Walltime = 0.925445556640625 Simulated time = 160.0
# 2 	T = 170	DT = 10	NI = 3	LI=17	DT_MULT=1.3	dX=[0.21  0.013 0.853]
Walltime = 1.969783067703247 Simulated time = 170.0
# 3 	T = 180	DT = 10	NI = 3	LI=19	DT_MULT=1.3	dX=[0.293 0.013 0.832]
Walltime = 3.020719528198242 Simulated time = 180.0
# 4 	T = 190	DT = 10	NI = 3	LI=19	DT_MULT=1.3	dX=[0.293 0.012 0.805]
Walltime = 4.013090133666992 Simulated time = 190.0
# 5 	T = 200	DT = 10	NI = 3	LI=17	DT_MULT=1.3	dX=[0.229 0.012 0.78 ]
TS = 70(0), NI = 159(0), LI = 734(0)
well_head_depth_pressure =  175.96349999999998
The string 'wbhp' is found as control!
Walltime = 0.0 Simulated time = 200.0
# 1 	T = 210	DT = 10	NI = 3	LI=20	DT_MULT=1.3	dX=[0.184 0.012 0.758]
Walltime = 1.1869080066680908 Simulated time = 210.0
# 2 	T = 220	DT = 10	NI = 3	LI=18	DT_MULT=1.3	dX=[0.104 0.012 0.738]
Walltime = 2.2276856899261475 Simulated time = 220.0
# 3 	T = 230	DT = 10	NI = 3	LI=17	DT_MULT=1.3	dX=[0.149 0.011 0.72 ]
Walltime = 3.264753580093384 Simulated time = 230.0
# 4 	T = 240	DT = 10	NI = 2	LI=11	DT_MULT=1.3	dX=[0.138 0.011 0.703]
Walltime = 4.273116827011108 Simulated time = 240.0
# 5 	T = 250	DT = 10	NI = 2	LI=11	DT_MULT=1.3	dX=[0.112 0.011 0.687]
TS = 75(0), NI = 172(0), LI = 811(0)
