darts-linear-solvers built on vr 21-02-2025 13:26:34 by SRV554$@SRV554 from 9c7e762-dirty
darts-engines built on May  9 2025 14:18:48 by SRV554$@SRV554 from a44e934fd1650ca5baf30d1971a73abf3c937318
darts-discretizer built on May  9 2025 14:18:48 by SRV554$@SRV554 from a44e934fd1650ca5baf30d1971a73abf3c937318
num_of_elements: 22677
num_of_cells:    25000
active_cells:    18038
number_of_faces: 58351
bnd_faces_num:   4639
53712 connections:
Adjacency matrix:	5	[ms]
Find TPFA trans:	135	[ms]
Processing mesh: 18038 reservoir blocks, 32 well blocks, 53774 connections
Linear solver type is CPU_GMRES_CPR_AMG
2-phase 2-component non-isothermal flow with kinetic reaction and diffusion CPU engine
Sim params: 
	First ts: 	1e-05
	Max ts: 	10
	Mult ts: 	1.3
	Max i newton: 	20
	Max i linear: 	50
	Tol newton: 	0.001
	Tol linear: 	1e-05
	OpenMP threads: 	6

START SIMULATION
-------------------------------------------------------------------------------------------------------------
Well INJ initialized with BHP-control
	 #1 (8.2037e-10, 1.0465e+05): lin 2 (1.2e-12)
Composition correction applied in 15 block(s)
	 #2 (1.0649e-09, 1.0014e+04): lin 2 (3.6e-13)
OBL axis correction: block 18069 variable 2 shoots under axis limit of 273.15 to 196.408
OBL axis correction applied 1 time(s) 
	 #3 (1.4912e-10, 1.4070e+04): lin 2 (2.4e-12)
Composition correction applied in 1 block(s)
	 #4 (5.8945e-12, 1.1303e+03): lin 2 (4.4e-11)
	 #5 (5.2763e-12, 6.3008e+02): lin 2 (3.1e-11)
	 #6 (6.1847e-13, 1.5247e+02): lin 2 (1.5e-11)
	 #7 (3.7983e-14, 1.8316e+01): lin 2 (7.8e-13)
	 #8 (1.0142e-15, 1.9735e-01): lin 2 (1.2e-12)
-------------------------------------------------------------------------------------------------------------
 T = 1e-05, DT = 1e-05, NI = 8, LI = 16, RES = 8.3e-16 (2.0e-05), CFL=0.000 (ELAPSED 00:00:01 )
-------------------------------------------------------------------------------------------------------------
	 #1 (2.1091e-09, 3.6017e+01): lin 2 (1.1e-12)
-------------------------------------------------------------------------------------------------------------
 T = 2.3e-05, DT = 1.3e-05, NI = 1, LI = 2, RES = 1.2e-15 (2.2e-02), CFL=0.000 (ELAPSED 00:00:02 )
-------------------------------------------------------------------------------------------------------------
	 #1 (2.7420e-09, 1.3374e+00): lin 2 (1.2e-12)
-------------------------------------------------------------------------------------------------------------
 T = 3.99e-05, DT = 1.69e-05, NI = 1, LI = 2, RES = 1.2e-15 (1.1e-02), CFL=0.000 (ELAPSED 00:00:02 )
-------------------------------------------------------------------------------------------------------------
	 #1 (3.5586e-09, 1.5673e+00): lin 2 (2.0e-12)
-------------------------------------------------------------------------------------------------------------
 T = 6.187e-05, DT = 2.197e-05, NI = 1, LI = 2, RES = 1.7e-15 (1.0e-02), CFL=0.000 (ELAPSED 00:00:02 )
-------------------------------------------------------------------------------------------------------------
	 #1 (4.6159e-09, 1.8646e+00): lin 2 (1.7e-12)
-------------------------------------------------------------------------------------------------------------
 T = 9.0431e-05, DT = 2.8561e-05, NI = 1, LI = 2, RES = 2.7e-15 (3.4e-02), CFL=0.000 (ELAPSED 00:00:02 )
-------------------------------------------------------------------------------------------------------------
	 #1 (5.9835e-09, 2.1788e+00): lin 2 (3.8e-12)
-------------------------------------------------------------------------------------------------------------
 T = 0.00012756, DT = 3.71293e-05, NI = 1, LI = 2, RES = 4.9e-15 (5.6e-02), CFL=0.000 (ELAPSED 00:00:02 )
-------------------------------------------------------------------------------------------------------------
	 #1 (7.7498e-09, 2.4888e+00): lin 2 (9.7e-12)
	 #2 (9.3719e-15, 1.0226e-01): lin 2 (5.0e-11)
-------------------------------------------------------------------------------------------------------------
 T = 0.000175828, DT = 4.82681e-05, NI = 2, LI = 4, RES = 1.2e-15 (9.0e-05), CFL=0.000 (ELAPSED 00:00:02 )
-------------------------------------------------------------------------------------------------------------
	 #1 (1.0027e-08, 2.7593e+00): lin 2 (4.2e-11)
	 #2 (1.7706e-14, 1.2958e-01): lin 2 (6.7e-11)
-------------------------------------------------------------------------------------------------------------
 T = 0.000238577, DT = 6.27485e-05, NI = 2, LI = 4, RES = 1.2e-15 (2.1e-07), CFL=0.000 (ELAPSED 00:00:02 )
-------------------------------------------------------------------------------------------------------------
	 #1 (1.2955e-08, 2.9589e+00): lin 2 (1.8e-10)
	 #2 (3.1978e-14, 2.5061e-01): lin 2 (4.1e-10)
-------------------------------------------------------------------------------------------------------------
 T = 0.00032015, DT = 8.15731e-05, NI = 2, LI = 4, RES = 1.2e-15 (5.2e-07), CFL=0.000 (ELAPSED 00:00:02 )
-------------------------------------------------------------------------------------------------------------
	 #1 (1.6710e-08, 3.0469e+00): lin 2 (2.3e-07)
	 #2 (5.5136e-14, 3.4436e-01): lin 2 (1.2e-06)
-------------------------------------------------------------------------------------------------------------
 T = 0.000426195, DT = 0.000106045, NI = 2, LI = 4, RES = 1.2e-15 (1.2e-06), CFL=0.000 (ELAPSED 00:00:03 )
-------------------------------------------------------------------------------------------------------------
	 #1 (2.1505e-08, 2.9916e+00): lin 2 (2.5e-07)
	 #2 (9.1167e-14, 4.7271e-01): lin 2 (1.5e-07)
-------------------------------------------------------------------------------------------------------------
 T = 0.000564053, DT = 0.000137858, NI = 2, LI = 4, RES = 1.3e-15 (2.5e-06), CFL=0.000 (ELAPSED 00:00:03 )
-------------------------------------------------------------------------------------------------------------
	 #1 (2.7601e-08, 2.7830e+00): lin 2 (9.5e-09)
	 #2 (1.4294e-13, 7.1236e-01): lin 2 (4.0e-08)
-------------------------------------------------------------------------------------------------------------
 T = 0.00074327, DT = 0.000179216, NI = 2, LI = 4, RES = 1.3e-15 (4.2e-06), CFL=0.000 (ELAPSED 00:00:03 )
-------------------------------------------------------------------------------------------------------------
	 #1 (3.5303e-08, 2.4415e+00): lin 2 (4.5e-06)
	 #2 (2.1108e-13, 8.8840e-01): lin 3 (4.5e-10)
-------------------------------------------------------------------------------------------------------------
 T = 0.00097625, DT = 0.000232981, NI = 2, LI = 5, RES = 1.4e-15 (7.4e-06), CFL=0.000 (ELAPSED 00:00:03 )
-------------------------------------------------------------------------------------------------------------
	 #1 (4.4962e-08, 2.0109e+00): lin 3 (4.1e-09)
	 #2 (3.2746e-13, 9.4419e-01): lin 3 (2.1e-10)
-------------------------------------------------------------------------------------------------------------
 T = 0.00127913, DT = 0.000302875, NI = 2, LI = 6, RES = 1.4e-15 (8.8e-06), CFL=0.000 (ELAPSED 00:00:04 )
-------------------------------------------------------------------------------------------------------------
	 #1 (5.6964e-08, 1.5327e+00): lin 2 (2.5e-07)
	 #2 (4.8813e-13, 7.5922e-01): lin 2 (1.6e-07)
-------------------------------------------------------------------------------------------------------------
 T = 0.00167286, DT = 0.000393738, NI = 2, LI = 4, RES = 1.6e-15 (5.1e-06), CFL=0.000 (ELAPSED 00:00:04 )
-------------------------------------------------------------------------------------------------------------
	 #1 (7.1719e-08, 1.0501e+00): lin 4 (1.9e-09)
	 #2 (7.2582e-13, 1.8661e-01): lin 3 (2.5e-07)
-------------------------------------------------------------------------------------------------------------
 T = 0.00218472, DT = 0.000511859, NI = 2, LI = 7, RES = 1.8e-15 (1.6e-06), CFL=0.000 (ELAPSED 00:00:05 )
-------------------------------------------------------------------------------------------------------------
	 #1 (8.9643e-08, 6.2821e-01): lin 3 (5.5e-08)
-------------------------------------------------------------------------------------------------------------
 T = 0.00285014, DT = 0.000665417, NI = 1, LI = 3, RES = 1.1e-12 (3.4e-02), CFL=0.000 (ELAPSED 00:00:05 )
-------------------------------------------------------------------------------------------------------------
	 #1 (1.1114e-07, 2.7462e-01): lin 3 (4.8e-07)
-------------------------------------------------------------------------------------------------------------
 T = 0.00371518, DT = 0.000865042, NI = 1, LI = 3, RES = 1.5e-12 (2.5e-02), CFL=0.000 (ELAPSED 00:00:05 )
-------------------------------------------------------------------------------------------------------------
	 #1 (1.3664e-07, 1.2578e-01): lin 3 (9.4e-07)
-------------------------------------------------------------------------------------------------------------
 T = 0.00483973, DT = 0.00112455, NI = 1, LI = 3, RES = 2.0e-12 (1.9e-02), CFL=0.000 (ELAPSED 00:00:05 )
-------------------------------------------------------------------------------------------------------------
	 #1 (1.6663e-07, 6.9112e-02): lin 3 (1.2e-08)
-------------------------------------------------------------------------------------------------------------
 T = 0.00630165, DT = 0.00146192, NI = 1, LI = 3, RES = 2.5e-12 (2.2e-02), CFL=0.000 (ELAPSED 00:00:05 )
-------------------------------------------------------------------------------------------------------------
	 #1 (2.0187e-07, 5.1493e-02): lin 3 (9.9e-09)
-------------------------------------------------------------------------------------------------------------
 T = 0.00820215, DT = 0.0019005, NI = 1, LI = 3, RES = 3.0e-12 (2.7e-02), CFL=0.000 (ELAPSED 00:00:05 )
-------------------------------------------------------------------------------------------------------------
	 #1 (2.4364e-07, 4.8786e-02): lin 4 (2.5e-08)
	 #2 (3.4577e-12, 2.1931e+00): lin 4 (1.6e-08)
-------------------------------------------------------------------------------------------------------------
 T = 0.0106728, DT = 0.00247065, NI = 2, LI = 8, RES = 8.0e-15 (4.5e-06), CFL=0.000 (ELAPSED 00:00:07 )
-------------------------------------------------------------------------------------------------------------
	 #1 (2.9407e-07, 4.6645e-02): lin 4 (5.1e-08)
-------------------------------------------------------------------------------------------------------------
 T = 0.0138846, DT = 0.00321184, NI = 1, LI = 4, RES = 3.7e-12 (2.9e-02), CFL=0.000 (ELAPSED 00:00:07 )
-------------------------------------------------------------------------------------------------------------
	 #1 (3.5647e-07, 4.2981e-02): lin 3 (2.9e-07)
-------------------------------------------------------------------------------------------------------------
 T = 0.01806, DT = 0.00417539, NI = 1, LI = 3, RES = 3.7e-12 (2.7e-02), CFL=0.000 (ELAPSED 00:00:07 )
-------------------------------------------------------------------------------------------------------------
	 #1 (4.3538e-07, 3.8297e-02): lin 3 (3.9e-07)
-------------------------------------------------------------------------------------------------------------
 T = 0.023488, DT = 0.00542801, NI = 1, LI = 3, RES = 3.5e-12 (2.0e-02), CFL=0.000 (ELAPSED 00:00:07 )
-------------------------------------------------------------------------------------------------------------
	 #1 (5.3650e-07, 3.4160e-02): lin 3 (8.1e-07)
-------------------------------------------------------------------------------------------------------------
 T = 0.0305444, DT = 0.00705641, NI = 1, LI = 3, RES = 3.2e-12 (4.7e-02), CFL=0.000 (ELAPSED 00:00:08 )
-------------------------------------------------------------------------------------------------------------
	 #1 (6.6655e-07, 7.6718e-02): lin 3 (1.9e-06)
	 #2 (2.9476e-12, 2.2787e-01): lin 3 (2.9e-06)
-------------------------------------------------------------------------------------------------------------
 T = 0.0397178, DT = 0.00917333, NI = 2, LI = 6, RES = 3.6e-14 (1.8e-05), CFL=0.000 (ELAPSED 00:00:08 )
-------------------------------------------------------------------------------------------------------------
	 #1 (8.3335e-07, 1.7596e-02): lin 3 (4.4e-06)
	 #2 (2.4524e-12, 6.1287e-01): lin 4 (1.1e-07)
-------------------------------------------------------------------------------------------------------------
 T = 0.0516431, DT = 0.0119253, NI = 2, LI = 7, RES = 4.6e-14 (1.9e-05), CFL=0.000 (ELAPSED 00:00:08 )
-------------------------------------------------------------------------------------------------------------
	 #1 (1.0464e-06, 1.4850e-02): lin 4 (1.3e-06)
-------------------------------------------------------------------------------------------------------------
 T = 0.067146, DT = 0.0155029, NI = 1, LI = 4, RES = 2.4e-12 (1.0e-01), CFL=0.001 (ELAPSED 00:00:08 )
-------------------------------------------------------------------------------------------------------------
	 #1 (1.3174e-06, 1.1953e-01): lin 4 (2.7e-06)
	 #2 (3.8356e-12, 3.4034e-01): lin 4 (8.5e-06)
-------------------------------------------------------------------------------------------------------------
 T = 0.0872999, DT = 0.0201538, NI = 2, LI = 8, RES = 7.2e-14 (6.6e-05), CFL=0.001 (ELAPSED 00:00:08 )
-------------------------------------------------------------------------------------------------------------
	 #1 (1.6617e-06, 1.1680e-02): lin 4 (7.4e-07)
	 #2 (7.8735e-12, 2.1611e-01): lin 4 (3.0e-06)
-------------------------------------------------------------------------------------------------------------
 T = 0.1135, DT = 0.0262, NI = 2, LI = 8, RES = 9.4e-14 (5.8e-05), CFL=0.002 (ELAPSED 00:00:09 )
-------------------------------------------------------------------------------------------------------------
	 #1 (2.0992e-06, 1.0669e-02): lin 4 (6.8e-06)
	 #2 (1.1932e-09, 9.9598e-01): lin 4 (1.6e-06)
-------------------------------------------------------------------------------------------------------------
 T = 0.14756, DT = 0.0340599, NI = 2, LI = 8, RES = 1.2e-13 (1.8e-04), CFL=0.003 (ELAPSED 00:00:09 )
-------------------------------------------------------------------------------------------------------------
	 #1 (2.6554e-06, 9.5901e-03): lin 5 (4.9e-07)
-------------------------------------------------------------------------------------------------------------
 T = 0.191838, DT = 0.0442779, NI = 1, LI = 5, RES = 2.4e-09 (7.2e-02), CFL=0.004 (ELAPSED 00:00:09 )
-------------------------------------------------------------------------------------------------------------
	 #1 (3.3636e-06, 9.9240e-02): lin 5 (7.7e-07)
	 #2 (3.5050e-11, 1.1610e-01): lin 5 (6.1e-06)
-------------------------------------------------------------------------------------------------------------
 T = 0.249399, DT = 0.0575613, NI = 2, LI = 10, RES = 1.9e-13 (1.3e-04), CFL=0.007 (ELAPSED 00:00:09 )
-------------------------------------------------------------------------------------------------------------
	 #1 (4.2671e-06, 8.2330e-03): lin 4 (9.2e-06)
	 #2 (1.5674e-09, 1.8749e+00): lin 4 (4.7e-06)
-------------------------------------------------------------------------------------------------------------
 T = 0.324229, DT = 0.0748297, NI = 2, LI = 8, RES = 2.3e-13 (1.3e-03), CFL=0.011 (ELAPSED 00:00:10 )
-------------------------------------------------------------------------------------------------------------
	 #1 (5.4225e-06, 5.9132e-03): lin 5 (9.5e-07)
	 #2 (5.9135e-09, 4.9151e-01): lin 4 (4.6e-06)
-------------------------------------------------------------------------------------------------------------
 T = 0.421507, DT = 0.0972786, NI = 2, LI = 9, RES = 2.9e-13 (6.2e-03), CFL=0.018 (ELAPSED 00:00:10 )
-------------------------------------------------------------------------------------------------------------
	 #1 (6.9041e-06, 1.3759e-02): lin 5 (1.4e-06)
	 #2 (4.3892e-09, 9.5442e-01): lin 4 (9.3e-06)
-------------------------------------------------------------------------------------------------------------
 T = 0.547969, DT = 0.126462, NI = 2, LI = 9, RES = 3.3e-13 (5.7e-03), CFL=0.028 (ELAPSED 00:00:10 )
-------------------------------------------------------------------------------------------------------------
	 #1 (8.8101e-06, 3.7214e-03): lin 5 (3.4e-06)
	 #2 (7.0326e-09, 1.1042e+00): lin 5 (2.7e-06)
-------------------------------------------------------------------------------------------------------------
 T = 0.71237, DT = 0.164401, NI = 2, LI = 10, RES = 2.9e-13 (1.8e-03), CFL=0.044 (ELAPSED 00:00:10 )
-------------------------------------------------------------------------------------------------------------
	 #1 (1.1269e-05, 6.3618e-03): lin 5 (3.7e-06)
	 #2 (1.3849e-08, 1.1963e+00): lin 5 (2.4e-06)
-------------------------------------------------------------------------------------------------------------
 T = 0.926091, DT = 0.213721, NI = 2, LI = 10, RES = 2.8e-13 (2.7e-03), CFL=0.067 (ELAPSED 00:00:10 )
-------------------------------------------------------------------------------------------------------------
	 #1 (1.4447e-05, 6.5494e-03): lin 5 (3.7e-06)
	 #2 (2.1474e-08, 6.1115e+00): lin 5 (2.4e-06)
-------------------------------------------------------------------------------------------------------------
 T = 1.20393, DT = 0.277837, NI = 2, LI = 10, RES = 3.6e-13 (7.9e-03), CFL=0.100 (ELAPSED 00:00:11 )
-------------------------------------------------------------------------------------------------------------
	 #1 (1.8558e-05, 1.2643e-02): lin 5 (4.8e-06)
	 #2 (2.8498e-08, 1.4098e+01): lin 5 (2.4e-06)
-------------------------------------------------------------------------------------------------------------
 T = 1.56512, DT = 0.361189, NI = 2, LI = 10, RES = 6.0e-12 (1.1e-02), CFL=0.143 (ELAPSED 00:00:11 )
-------------------------------------------------------------------------------------------------------------
	 #1 (2.3866e-05, 1.5640e-02): lin 4 (7.5e-06)
	 #2 (5.3650e-08, 2.7513e+01): lin 4 (3.5e-06)
-------------------------------------------------------------------------------------------------------------
 T = 2.03466, DT = 0.469545, NI = 2, LI = 8, RES = 4.9e-13 (3.1e-02), CFL=0.193 (ELAPSED 00:00:11 )
-------------------------------------------------------------------------------------------------------------
	 #1 (3.0700e-05, 3.8755e-02): lin 5 (4.2e-06)
	 #2 (7.7339e-08, 1.8310e+01): lin 5 (8.6e-06)
	 #3 (3.0145e-12, 1.1430e-01): lin 6 (7.8e-06)
-------------------------------------------------------------------------------------------------------------
 T = 2.64507, DT = 0.610409, NI = 3, LI = 16, RES = 5.7e-13 (1.0e-03), CFL=0.245 (ELAPSED 00:00:11 )
-------------------------------------------------------------------------------------------------------------
	 #1 (3.9450e-05, 1.8875e-03): lin 5 (4.9e-06)
	 #2 (1.2797e-07, 1.6256e+01): lin 5 (9.6e-06)
	 #3 (2.4274e-11, 1.4247e-01): lin 6 (6.5e-06)
-------------------------------------------------------------------------------------------------------------
 T = 3.4386, DT = 0.793531, NI = 3, LI = 16, RES = 6.0e-13 (6.8e-04), CFL=0.293 (ELAPSED 00:00:12 )
-------------------------------------------------------------------------------------------------------------
	 #1 (5.0584e-05, 1.6223e-03): lin 5 (4.4e-06)
	 #2 (1.4033e-06, 8.3761e+03): lin 6 (1.6e-06)
	 #3 (2.7055e-08, 6.4310e+00): lin 6 (5.8e-06)
-------------------------------------------------------------------------------------------------------------
 T = 4.47019, DT = 1.03159, NI = 3, LI = 17, RES = 6.2e-13 (1.0e-02), CFL=0.335 (ELAPSED 00:00:12 )
-------------------------------------------------------------------------------------------------------------
	 #1 (5.5248e-05, 3.3324e-02): lin 7 (5.9e-06)
	 #2 (3.5938e-07, 5.4495e+01): lin 5 (8.0e-06)
	 #3 (3.0448e-10, 1.4436e-01): lin 5 (6.3e-06)
-------------------------------------------------------------------------------------------------------------
 T = 5.81126, DT = 1.34107, NI = 3, LI = 17, RES = 6.2e-13 (1.3e-03), CFL=0.355 (ELAPSED 00:00:12 )
-------------------------------------------------------------------------------------------------------------
	 #1 (4.3791e-05, 6.1964e-02): lin 5 (5.1e-06)
	 #2 (6.3262e-07, 2.3085e+01): lin 6 (2.2e-06)
	 #3 (9.3746e-13, 1.3354e-01): lin 7 (1.2e-06)
-------------------------------------------------------------------------------------------------------------
 T = 7.55465, DT = 1.74339, NI = 3, LI = 18, RES = 6.3e-13 (1.8e-03), CFL=0.330 (ELAPSED 00:00:13 )
-------------------------------------------------------------------------------------------------------------
	 #1 (5.5542e-05, 3.2054e-03): lin 6 (2.4e-06)
	 #2 (9.8634e-07, 8.3898e+00): lin 6 (2.6e-06)
	 #3 (9.1990e-10, 1.9780e-01): lin 5 (5.9e-06)
-------------------------------------------------------------------------------------------------------------
 T = 9.82106, DT = 2.26641, NI = 3, LI = 17, RES = 6.3e-13 (1.9e-03), CFL=0.316 (ELAPSED 00:00:13 )
-------------------------------------------------------------------------------------------------------------
	 #1 (7.0798e-05, 2.9336e-03): lin 6 (3.4e-06)
	 #2 (1.5411e-06, 1.5230e+01): lin 6 (2.8e-06)
	 #3 (2.1525e-09, 3.7581e-01): lin 5 (6.4e-06)
-------------------------------------------------------------------------------------------------------------
 T = 12.7674, DT = 2.94633, NI = 3, LI = 17, RES = 6.3e-13 (2.2e-03), CFL=0.309 (ELAPSED 00:00:14 )
-------------------------------------------------------------------------------------------------------------
	 #1 (8.9692e-05, 3.4060e-03): lin 6 (4.4e-06)
	 #2 (5.6138e-06, 1.8279e+01): lin 6 (7.5e-06)
	 #3 (6.8309e-09, 4.6371e-01): lin 6 (3.3e-06)
-------------------------------------------------------------------------------------------------------------
 T = 16.5976, DT = 3.83022, NI = 3, LI = 18, RES = 6.4e-13 (2.7e-03), CFL=0.482 (ELAPSED 00:00:14 )
-------------------------------------------------------------------------------------------------------------
	 #1 (1.1027e-04, 3.6384e-03): lin 6 (2.7e-06)
	 #2 (3.0968e-06, 1.9260e+01): lin 6 (1.0e-05)
	 #3 (1.5002e-08, 2.7609e+00): lin 6 (6.4e-06)
-------------------------------------------------------------------------------------------------------------
 T = 21.5769, DT = 4.97929, NI = 3, LI = 18, RES = 6.5e-13 (5.1e-03), CFL=0.580 (ELAPSED 00:00:15 )
-------------------------------------------------------------------------------------------------------------
	 #1 (1.3078e-04, 1.0884e-02): lin 5 (6.4e-06)
	 #2 (2.4873e-06, 5.2775e+01): lin 7 (2.0e-06)
	 #3 (3.0925e-08, 1.1304e+00): lin 6 (8.0e-06)
-------------------------------------------------------------------------------------------------------------
 T = 28.05, DT = 6.47308, NI = 3, LI = 18, RES = 7.4e-13 (1.5e-02), CFL=0.650 (ELAPSED 00:00:15 )
-------------------------------------------------------------------------------------------------------------
	 #1 (1.5606e-04, 2.5153e-02): lin 6 (2.7e-06)
	 #2 (6.9492e-06, 5.1766e+01): lin 7 (1.9e-06)
	 #3 (4.7629e-08, 1.2626e+00): lin 6 (8.6e-06)
-------------------------------------------------------------------------------------------------------------
 T = 36.465, DT = 8.415, NI = 3, LI = 19, RES = 9.0e-13 (2.8e-02), CFL=0.675 (ELAPSED 00:00:16 )
-------------------------------------------------------------------------------------------------------------
	 #1 (1.7905e-04, 3.7893e-02): lin 6 (4.3e-06)
	 #2 (1.0944e-05, 9.0653e+01): lin 7 (2.4e-06)
	 #3 (6.2023e-08, 1.6482e+00): lin 6 (8.1e-06)
-------------------------------------------------------------------------------------------------------------
 T = 46.465, DT = 10, NI = 3, LI = 19, RES = 1.3e-12 (2.3e-02), CFL=0.647 (ELAPSED 00:00:17 )
-------------------------------------------------------------------------------------------------------------
	 #1 (6.4346e-05, 9.3065e-03): lin 6 (2.3e-06)
	 #2 (1.2516e-06, 1.4300e+01): lin 6 (3.6e-06)
	 #3 (1.4060e-08, 2.8048e-01): lin 6 (2.6e-06)
-------------------------------------------------------------------------------------------------------------
 T = 50, DT = 3.53502, NI = 3, LI = 18, RES = 6.8e-13 (9.6e-03), CFL=0.219 (ELAPSED 00:00:17 )
-------------------------------------------------------------------------------------------------------------
	 #1 (1.8145e-04, 2.5558e-02): lin 6 (7.8e-06)
	 #2 (1.9868e-05, 1.1326e+02): lin 6 (9.1e-06)
	 #3 (5.4490e-07, 1.7969e+01): lin 6 (7.5e-06)
	 #4 (1.0735e-10, 1.9470e-01): lin 6 (8.4e-06)
-------------------------------------------------------------------------------------------------------------
 T = 60, DT = 10, NI = 4, LI = 24, RES = 6.3e-13 (2.4e-03), CFL=0.609 (ELAPSED 00:00:19 )
-------------------------------------------------------------------------------------------------------------
	 #1 (1.6001e-04, 3.0263e-03): lin 6 (8.4e-06)
	 #2 (8.0007e-06, 1.1203e+02): lin 6 (5.1e-06)
	 #3 (6.5462e-08, 3.4319e+00): lin 6 (6.2e-06)
-------------------------------------------------------------------------------------------------------------
 T = 70, DT = 10, NI = 3, LI = 18, RES = 4.8e-12 (8.3e-03), CFL=0.569 (ELAPSED 00:00:20 )
-------------------------------------------------------------------------------------------------------------
	 #1 (1.4660e-04, 7.0494e-03): lin 6 (2.3e-06)
	 #2 (1.0991e-05, 4.1016e+01): lin 6 (5.5e-06)
	 #3 (2.6245e-06, 1.8442e+00): lin 6 (3.7e-06)
-------------------------------------------------------------------------------------------------------------
 T = 80, DT = 10, NI = 3, LI = 18, RES = 1.8e-08 (1.3e-02), CFL=0.482 (ELAPSED 00:00:21 )
-------------------------------------------------------------------------------------------------------------
	 #1 (1.4621e-04, 1.3521e-02): lin 5 (6.0e-06)
	 #2 (1.4170e-05, 7.2906e+01): lin 7 (2.0e-06)
	 #3 (4.5164e-07, 2.0069e-01): lin 5 (5.5e-06)
-------------------------------------------------------------------------------------------------------------
 T = 90, DT = 10, NI = 3, LI = 17, RES = 3.9e-10 (2.8e-02), CFL=0.528 (ELAPSED 00:00:22 )
-------------------------------------------------------------------------------------------------------------
	 #1 (1.4545e-04, 2.8094e-02): lin 5 (4.4e-06)
	 #2 (9.8352e-06, 5.1556e+01): lin 7 (2.6e-06)
	 #3 (6.9855e-08, 1.2158e-01): lin 5 (2.2e-06)
-------------------------------------------------------------------------------------------------------------
 T = 100, DT = 10, NI = 3, LI = 17, RES = 6.2e-12 (1.3e-03), CFL=0.521 (ELAPSED 00:00:23 )
-------------------------------------------------------------------------------------------------------------
	 #1 (1.4294e-04, 1.1002e-03): lin 6 (2.1e-06)
	 #2 (4.1338e-06, 1.2203e+01): lin 6 (7.4e-06)
	 #3 (3.4661e-08, 1.0429e+00): lin 6 (5.2e-06)
-------------------------------------------------------------------------------------------------------------
 T = 110, DT = 10, NI = 3, LI = 18, RES = 2.2e-12 (2.2e-03), CFL=0.551 (ELAPSED 00:00:24 )
-------------------------------------------------------------------------------------------------------------
	 #1 (1.4051e-04, 2.6026e-03): lin 6 (2.4e-06)
	 #2 (2.8911e-06, 1.0649e+01): lin 6 (4.1e-06)
	 #3 (9.9569e-09, 4.2891e-01): lin 6 (5.4e-06)
-------------------------------------------------------------------------------------------------------------
 T = 120, DT = 10, NI = 3, LI = 18, RES = 7.3e-13 (1.4e-03), CFL=0.567 (ELAPSED 00:00:25 )
-------------------------------------------------------------------------------------------------------------
	 #1 (1.3950e-04, 1.8213e-03): lin 5 (9.1e-06)
	 #2 (3.0177e-06, 7.6847e+01): lin 6 (6.1e-06)
	 #3 (9.4820e-09, 1.7549e+00): lin 5 (7.5e-06)
-------------------------------------------------------------------------------------------------------------
 T = 130, DT = 10, NI = 3, LI = 16, RES = 6.7e-13 (3.0e-03), CFL=0.576 (ELAPSED 00:00:26 )
-------------------------------------------------------------------------------------------------------------
	 #1 (1.3923e-04, 2.6477e-03): lin 5 (3.9e-06)
	 #2 (2.3717e-06, 3.2170e+01): lin 6 (5.5e-06)
	 #3 (2.5111e-09, 9.2012e-01): lin 5 (3.2e-06)
-------------------------------------------------------------------------------------------------------------
 T = 140, DT = 10, NI = 3, LI = 16, RES = 6.4e-13 (1.3e-03), CFL=0.579 (ELAPSED 00:00:27 )
-------------------------------------------------------------------------------------------------------------
	 #1 (1.4021e-04, 1.1773e-03): lin 5 (5.7e-06)
	 #2 (2.2185e-06, 3.2274e+01): lin 6 (4.1e-06)
	 #3 (2.1171e-08, 2.9579e-01): lin 6 (2.7e-06)
-------------------------------------------------------------------------------------------------------------
 T = 150, DT = 10, NI = 3, LI = 17, RES = 9.9e-13 (9.0e-04), CFL=0.578 (ELAPSED 00:00:28 )
-------------------------------------------------------------------------------------------------------------
	 #1 (1.4225e-04, 8.9783e-04): lin 5 (5.1e-06)
	 #2 (3.7828e-06, 2.6272e+01): lin 6 (6.0e-06)
	 #3 (5.3552e-08, 6.4408e-01): lin 6 (2.1e-06)
-------------------------------------------------------------------------------------------------------------
 T = 160, DT = 10, NI = 3, LI = 17, RES = 3.1e-12 (2.5e-03), CFL=0.574 (ELAPSED 00:00:29 )
-------------------------------------------------------------------------------------------------------------
	 #1 (1.4384e-04, 2.2474e-03): lin 5 (6.9e-06)
	 #2 (5.9099e-06, 4.2234e+01): lin 6 (6.6e-06)
	 #3 (2.0308e-07, 4.4869e-01): lin 6 (2.4e-06)
-------------------------------------------------------------------------------------------------------------
 T = 170, DT = 10, NI = 3, LI = 17, RES = 3.7e-11 (5.2e-03), CFL=0.576 (ELAPSED 00:00:30 )
-------------------------------------------------------------------------------------------------------------
	 #1 (1.4406e-04, 5.2891e-03): lin 6 (2.5e-06)
	 #2 (8.4948e-06, 1.5942e+01): lin 7 (3.3e-06)
	 #3 (8.0267e-08, 1.2038e-01): lin 6 (7.3e-06)
-------------------------------------------------------------------------------------------------------------
 T = 180, DT = 10, NI = 3, LI = 19, RES = 5.9e-12 (2.6e-03), CFL=0.603 (ELAPSED 00:00:31 )
-------------------------------------------------------------------------------------------------------------
	 #1 (1.4366e-04, 2.7461e-03): lin 6 (5.8e-06)
	 #2 (5.7034e-06, 7.3891e+00): lin 7 (2.2e-06)
	 #3 (1.7039e-07, 1.3689e-01): lin 6 (7.2e-06)
-------------------------------------------------------------------------------------------------------------
 T = 190, DT = 10, NI = 3, LI = 19, RES = 2.4e-11 (3.8e-03), CFL=0.638 (ELAPSED 00:00:32 )
-------------------------------------------------------------------------------------------------------------
	 #1 (1.4415e-04, 3.7106e-03): lin 6 (3.6e-06)
	 #2 (5.0174e-06, 2.3251e+00): lin 6 (6.3e-06)
	 #3 (2.2938e-08, 8.7143e-01): lin 5 (9.3e-06)
-------------------------------------------------------------------------------------------------------------
 T = 200, DT = 10, NI = 3, LI = 17, RES = 7.6e-13 (9.4e-04), CFL=0.659 (ELAPSED 00:00:33 )
-------------------------------------------------------------------------------------------------------------
	 #1 (1.4558e-04, 9.6123e-04): lin 6 (2.0e-06)
	 #2 (4.2239e-06, 1.1502e+01): lin 7 (4.6e-06)
	 #3 (2.5482e-08, 1.7651e-01): lin 7 (1.5e-06)
-------------------------------------------------------------------------------------------------------------
 T = 210, DT = 10, NI = 3, LI = 20, RES = 1.8e-12 (6.4e-04), CFL=0.671 (ELAPSED 00:00:34 )
-------------------------------------------------------------------------------------------------------------
	 #1 (1.4735e-04, 6.3154e-04): lin 6 (7.2e-06)
	 #2 (3.4544e-06, 1.1109e+01): lin 6 (3.9e-06)
	 #3 (6.5049e-08, 1.7653e-01): lin 6 (2.2e-06)
-------------------------------------------------------------------------------------------------------------
 T = 220, DT = 10, NI = 3, LI = 18, RES = 3.0e-12 (8.6e-04), CFL=0.678 (ELAPSED 00:00:35 )
-------------------------------------------------------------------------------------------------------------
	 #1 (1.4912e-04, 8.5902e-04): lin 5 (8.9e-06)
	 #2 (2.7463e-06, 3.4485e+01): lin 6 (3.6e-06)
	 #3 (1.5809e-08, 1.9640e-01): lin 6 (3.4e-06)
-------------------------------------------------------------------------------------------------------------
 T = 230, DT = 10, NI = 3, LI = 17, RES = 7.2e-13 (7.0e-04), CFL=0.682 (ELAPSED 00:00:36 )
-------------------------------------------------------------------------------------------------------------
	 #1 (1.5034e-04, 6.9864e-04): lin 5 (9.4e-06)
	 #2 (4.8439e-06, 1.9591e+01): lin 6 (2.9e-06)
-------------------------------------------------------------------------------------------------------------
 T = 240, DT = 10, NI = 2, LI = 11, RES = 2.2e-08 (7.5e-02), CFL=0.683 (ELAPSED 00:00:37 )
-------------------------------------------------------------------------------------------------------------
	 #1 (1.5141e-04, 7.5109e-02): lin 5 (6.9e-06)
	 #2 (3.4481e-06, 2.3922e+01): lin 6 (2.6e-06)
-------------------------------------------------------------------------------------------------------------
 T = 250, DT = 10, NI = 2, LI = 11, RES = 6.0e-08 (6.0e-02), CFL=0.682 (ELAPSED 00:00:38 )
-------------------------------------------------------------------------------------------------------------
