Backend tkagg is interactive backend. Turning interactive mode on.
well_head_depth_pressure =  175.96349999999998
The string 'wbhp' is found as control!
Walltime = 0.0 Simulated time = 0.0
# 1 	T = 1e-05	DT = 1e-05	NI = 5	LI=7
Walltime = 0.42989611625671387 Simulated time = 1e-05
# 2 	T = 2.3e-05	DT = 1.3e-05	NI = 1	LI=2
Walltime = 0.5215530395507812 Simulated time = 2.3000000000000003e-05
# 3 	T = 3.99e-05	DT = 1.69e-05	NI = 1	LI=2
Walltime = 0.6139969825744629 Simulated time = 3.990000000000001e-05
# 4 	T = 6.187e-05	DT = 2.197e-05	NI = 1	LI=2
Walltime = 0.6932129859924316 Simulated time = 6.187e-05
# 5 	T = 9.0431e-05	DT = 2.8561e-05	NI = 2	LI=3
Walltime = 0.7713379859924316 Simulated time = 9.0431e-05
# 6 	T = 0.00012756	DT = 3.71293e-05	NI = 2	LI=4
Walltime = 0.8650829792022705 Simulated time = 0.0001275603
# 7 	T = 0.000175828	DT = 4.82681e-05	NI = 2	LI=4
Walltime = 0.958836555480957 Simulated time = 0.00017582839
# 8 	T = 0.000238577	DT = 6.27485e-05	NI = 1	LI=2
Walltime = 1.0057117938995361 Simulated time = 0.000238576907
# 9 	T = 0.00032015	DT = 8.15731e-05	NI = 2	LI=4
Walltime = 1.1150860786437988 Simulated time = 0.0003201499791
# 10 	T = 0.000426195	DT = 0.000106045	NI = 2	LI=4
Walltime = 1.2432503700256348 Simulated time = 0.00042619497283
# 11 	T = 0.000564053	DT = 0.000137858	NI = 2	LI=4
Walltime = 1.3213739395141602 Simulated time = 0.000564053464679
# 12 	T = 0.00074327	DT = 0.000179216	NI = 2	LI=4
Walltime = 1.3994975090026855 Simulated time = 0.0007432695040827001
# 13 	T = 0.00097625	DT = 0.000232981	NI = 2	LI=6
Walltime = 1.5375077724456787 Simulated time = 0.0009762503553075102
# 14 	T = 0.00127913	DT = 0.000302875	NI = 2	LI=6
Walltime = 1.6312544345855713 Simulated time = 0.0012791254618997633
# 15 	T = 0.00167286	DT = 0.000393738	NI = 2	LI=4
Walltime = 1.711472988128662 Simulated time = 0.0016728631004696924
# 16 	T = 0.00218472	DT = 0.000511859	NI = 2	LI=8
Walltime = 1.8052232265472412 Simulated time = 0.0021847220306106
# 17 	T = 0.00285014	DT = 0.000665417	NI = 2	LI=6
Walltime = 1.898970365524292 Simulated time = 0.0028501386397937803
# 18 	T = 0.00371518	DT = 0.000865042	NI = 2	LI=6
Walltime = 1.9932663440704346 Simulated time = 0.0037151802317319147
# 19 	T = 0.00483973	DT = 0.00112455	NI = 2	LI=6
Walltime = 2.1026370525360107 Simulated time = 0.004839734301251489
# 20 	T = 0.00630165	DT = 0.00146192	NI = 1	LI=3
Walltime = 2.1495139598846436 Simulated time = 0.006301654591626936
# 21 	T = 0.00820215	DT = 0.0019005	NI = 1	LI=3
Walltime = 2.212014675140381 Simulated time = 0.008202150969115017
# 22 	T = 0.0106728	DT = 0.00247065	NI = 1	LI=4
Walltime = 2.2745134830474854 Simulated time = 0.010672796259849522
# 23 	T = 0.0138846	DT = 0.00321184	NI = 1	LI=4
Walltime = 2.3370120525360107 Simulated time = 0.013884635137804378
# 24 	T = 0.01806	DT = 0.00417539	NI = 1	LI=3
Walltime = 2.399514675140381 Simulated time = 0.01806002567914569
# 25 	T = 0.023488	DT = 0.00542801	NI = 1	LI=3
Walltime = 2.4463894367218018 Simulated time = 0.0234880333828894
# 26 	T = 0.0305444	DT = 0.00705641	NI = 1	LI=3
Walltime = 2.5088868141174316 Simulated time = 0.03054444339775622
Stationary point detected!
Cut timestep to 0.0070564100
Walltime = 2.993265151977539 Simulated time = 0.03054444339775622
Stationary point detected!
Cut timestep to 0.0054280077
Walltime = 3.35263991355896 Simulated time = 0.03054444339775622
# 27 	T = 0.0359725	DT = 0.00542801	NI = 7	LI=17
Walltime = 3.6651368141174316 Simulated time = 0.03597245110149993
# 28 	T = 0.0430289	DT = 0.00705641	NI = 3	LI=8
Walltime = 3.805763006210327 Simulated time = 0.04302886111636675
Cut timestep to 0.0070564100
Walltime = 4.883885383605957 Simulated time = 0.04302886111636675
Cut timestep to 0.0054280077
Walltime = 6.2442402839660645 Simulated time = 0.04302886111636675
Cut timestep to 0.0041753905
Walltime = 7.294370174407959 Simulated time = 0.04302886111636675
Cut timestep to 0.0032118389
Walltime = 8.309991359710693 Simulated time = 0.04302886111636675
Cut timestep to 0.0024706453
Walltime = 9.325616121292114 Simulated time = 0.04302886111636675
# 29 	T = 0.0454995	DT = 0.00247065	NI = 6	LI=20
Walltime = 9.606866121292114 Simulated time = 0.04549950640710126
Cut timestep to 0.0024706453
Walltime = 10.640228033065796 Simulated time = 0.04549950640710126
Cut timestep to 0.0019004964
Walltime = 11.631873846054077 Simulated time = 0.04549950640710126
Cut timestep to 0.0014619203
Walltime = 12.506876230239868 Simulated time = 0.04549950640710126
Cut timestep to 0.0011245541
Walltime = 13.319370985031128 Simulated time = 0.04549950640710126
Cut timestep to 0.0008650416
Walltime = 14.152301549911499 Simulated time = 0.04549950640710126
Cut timestep to 0.0006654166
Walltime = 14.966883659362793 Simulated time = 0.04549950640710126
Stationary point detected!
Cut timestep to 0.0005118589
Walltime = 15.59187912940979 Simulated time = 0.04549950640710126
Stationary point detected!
Cut timestep to 0.0003937376
Walltime = 16.15646743774414 Simulated time = 0.04549950640710126
Stationary point detected!
Cut timestep to 0.0003028751
Walltime = 16.562719345092773 Simulated time = 0.04549950640710126
Stationary point detected!
Cut timestep to 0.0002329809
Walltime = 17.015843629837036 Simulated time = 0.04549950640710126
Stationary point detected!
Cut timestep to 0.0001792160
Walltime = 17.380582332611084 Simulated time = 0.04549950640710126
Stationary point detected!
Cut timestep to 0.0001378585
Walltime = 17.693082809448242 Simulated time = 0.04549950640710126
Stationary point detected!
Cut timestep to 0.0001060450
Walltime = 17.958709955215454 Simulated time = 0.04549950640710126
Stationary point detected!
Cut timestep to 0.0000815731
Walltime = 18.271203994750977 Simulated time = 0.04549950640710126
Stationary point detected!
Cut timestep to 0.0000627485
Walltime = 18.6149582862854 Simulated time = 0.04549950640710126
Stationary point detected!
Cut timestep to 0.0000482681
Walltime = 18.96081233024597 Simulated time = 0.04549950640710126
# 30 	T = 0.0455478	DT = 4.82681e-05	NI = 2	LI=3
Walltime = 19.054563283920288 Simulated time = 0.045547774497101255
# 31 	T = 0.0456105	DT = 6.27485e-05	NI = 1	LI=1
Walltime = 19.10144305229187 Simulated time = 0.045610523014101255
Stationary point detected!
Cut timestep to 0.0000627485
Walltime = 19.570188283920288 Simulated time = 0.045610523014101255
Stationary point detected!
Cut timestep to 0.0000482681
Walltime = 20.038941144943237 Simulated time = 0.045610523014101255
# 32 	T = 0.0456588	DT = 4.82681e-05	NI = 1	LI=1
Walltime = 20.085815906524658 Simulated time = 0.04565879110410125
# 33 	T = 0.0457215	DT = 6.27485e-05	NI = 1	LI=1
Walltime = 20.132691383361816 Simulated time = 0.04572153962110125
Stationary point detected!
Cut timestep to 0.0000627485
Walltime = 20.601442337036133 Simulated time = 0.04572153962110125
Stationary point detected!
Cut timestep to 0.0000482681
Walltime = 21.054566144943237 Simulated time = 0.04572153962110125
# 34 	T = 0.0457698	DT = 4.82681e-05	NI = 1	LI=1
Walltime = 21.10144019126892 Simulated time = 0.04576980771110125
# 35 	T = 0.0458326	DT = 6.27485e-05	NI = 1	LI=1
Walltime = 21.148316621780396 Simulated time = 0.04583255622810125
Stationary point detected!
Cut timestep to 0.0000627485
Walltime = 21.601441860198975 Simulated time = 0.04583255622810125
Stationary point detected!
Cut timestep to 0.0000482681
Walltime = 22.054563760757446 Simulated time = 0.04583255622810125
# 36 	T = 0.0458808	DT = 4.82681e-05	NI = 1	LI=1
Walltime = 22.101440906524658 Simulated time = 0.04588082431810125
# 37 	T = 0.0459436	DT = 6.27485e-05	NI = 1	LI=1
Walltime = 22.148313999176025 Simulated time = 0.04594357283510125
Stationary point detected!
Cut timestep to 0.0000627485
Walltime = 22.61706256866455 Simulated time = 0.04594357283510125
Stationary point detected!
Cut timestep to 0.0000482681
Walltime = 23.054564237594604 Simulated time = 0.04594357283510125
# 38 	T = 0.0459918	DT = 4.82681e-05	NI = 2	LI=3
Walltime = 23.132694721221924 Simulated time = 0.045991840925101245
# 39 	T = 0.0460546	DT = 6.27485e-05	NI = 1	LI=1
Walltime = 23.179561614990234 Simulated time = 0.046054589442101244
# 40 	T = 0.0461362	DT = 8.15731e-05	NI = 1	LI=1
Walltime = 23.226435661315918 Simulated time = 0.046136162514201245
# 41 	T = 0.0462422	DT = 0.000106045	NI = 1	LI=1
Walltime = 23.273312091827393 Simulated time = 0.046242207507931246
# 42 	T = 0.0463801	DT = 0.000137858	NI = 1	LI=2
Walltime = 23.32248878479004 Simulated time = 0.04638006599978024
# 43 	T = 0.0465593	DT = 0.000179216	NI = 1	LI=1
Walltime = 23.384986400604248 Simulated time = 0.04655928203918394
# 44 	T = 0.0467923	DT = 0.000232981	NI = 1	LI=2
Walltime = 23.431857347488403 Simulated time = 0.04679226289040875
# 45 	T = 0.0470951	DT = 0.000302875	NI = 1	LI=2
Walltime = 23.494359016418457 Simulated time = 0.047095137997001
# 46 	T = 0.0474889	DT = 0.000393738	NI = 1	LI=2
Walltime = 23.54123330116272 Simulated time = 0.04748887563557093
# 47 	T = 0.0480007	DT = 0.000511859	NI = 1	LI=3
Walltime = 23.634987354278564 Simulated time = 0.048000734565711835
# 48 	T = 0.0486662	DT = 0.000665417	NI = 1	LI=2
Walltime = 23.681857585906982 Simulated time = 0.04866615117489501
# 49 	T = 0.0495312	DT = 0.000865042	NI = 1	LI=3
Walltime = 23.728731393814087 Simulated time = 0.04953119276683315
# 50 	T = 0.0506557	DT = 0.00112455	NI = 2	LI=6
Walltime = 23.85373091697693 Simulated time = 0.050655746836352725
# 51 	T = 0.0521177	DT = 0.00146192	NI = 2	LI=4
Walltime = 23.947482347488403 Simulated time = 0.05211766712672817
# 52 	T = 0.0540182	DT = 0.0019005	NI = 2	LI=4
Walltime = 24.041232109069824 Simulated time = 0.05401816350421625
# 53 	T = 0.0564888	DT = 0.00247065	NI = 2	LI=6
Walltime = 24.166232347488403 Simulated time = 0.05648880879495076
# 54 	T = 0.0597006	DT = 0.00321184	NI = 2	LI=7
Walltime = 24.275607347488403 Simulated time = 0.059700647672905616
# 55 	T = 0.063876	DT = 0.00417539	NI = 2	LI=6
Walltime = 24.36935830116272 Simulated time = 0.06387603821424694
# 56 	T = 0.069304	DT = 0.00542801	NI = 3	LI=9
Walltime = 24.52560591697693 Simulated time = 0.06930404591799065
# 57 	T = 0.0763605	DT = 0.00705641	NI = 3	LI=9
Walltime = 24.681857109069824 Simulated time = 0.07636045593285747
# 58 	T = 0.0855338	DT = 0.00917333	NI = 3	LI=9
Walltime = 24.822484254837036 Simulated time = 0.08553378895218433
# 59 	T = 0.0974591	DT = 0.0119253	NI = 4	LI=15
Walltime = 25.025607109069824 Simulated time = 0.09745912187730926
# 60 	T = 0.1	DT = 0.00254088	NI = 3	LI=10
TS = 60(31), NI = 110(445), LI = 270(1211)
well_head_depth_pressure =  175.96349999999998
The string 'wbhp' is found as control!
Walltime = 0.0 Simulated time = 0.1
Cut timestep to 0.0119253329
Walltime = 1.117994785308838 Simulated time = 0.1
Cut timestep to 0.0091733330
Walltime = 2.336745262145996 Simulated time = 0.1
Cut timestep to 0.0070564100
Walltime = 3.4044291973114014 Simulated time = 0.1
Cut timestep to 0.0054280077
Walltime = 4.373594760894775 Simulated time = 0.1
Cut timestep to 0.0041753905
Walltime = 5.313209056854248 Simulated time = 0.1
# 1 	T = 0.104175	DT = 0.00417539	NI = 3	LI=11
Walltime = 5.50070858001709 Simulated time = 0.10417539054134133
Cut timestep to 0.0041753905
Walltime = 6.610082626342773 Simulated time = 0.10417539054134133
Cut timestep to 0.0032118389
Walltime = 7.531719446182251 Simulated time = 0.10417539054134133
Cut timestep to 0.0024706453
Walltime = 8.359844446182251 Simulated time = 0.10417539054134133
Cut timestep to 0.0019004964
Walltime = 9.225482702255249 Simulated time = 0.10417539054134133
Cut timestep to 0.0014619203
Walltime = 10.007080078125 Simulated time = 0.10417539054134133
Cut timestep to 0.0011245541
Walltime = 10.757078170776367 Simulated time = 0.10417539054134133
# 2 	T = 0.1053	DT = 0.00112455	NI = 4	LI=14
Walltime = 10.928954124450684 Simulated time = 0.1052999446108609
Cut timestep to 0.0011245541
Walltime = 11.725834131240845 Simulated time = 0.1052999446108609
Cut timestep to 0.0008650416
Walltime = 12.553953647613525 Simulated time = 0.1052999446108609
Cut timestep to 0.0006654166
Walltime = 13.381956100463867 Simulated time = 0.1052999446108609
Stationary point detected!
Cut timestep to 0.0005118589
Walltime = 14.165312051773071 Simulated time = 0.1052999446108609
Stationary point detected!
Cut timestep to 0.0003937376
Walltime = 14.774685382843018 Simulated time = 0.1052999446108609
Stationary point detected!
Cut timestep to 0.0003028751
Walltime = 15.290307998657227 Simulated time = 0.1052999446108609
Cut timestep to 0.0002329809
Walltime = 16.040307760238647 Simulated time = 0.1052999446108609
# 3 	T = 0.105533	DT = 0.000232981	NI = 3	LI=8
Walltime = 16.16530752182007 Simulated time = 0.1055329254620857
Stationary point detected!
Cut timestep to 0.0002329809
Walltime = 16.759060621261597 Simulated time = 0.1055329254620857
Cut timestep to 0.0001792160
Walltime = 17.463104486465454 Simulated time = 0.1055329254620857
# 4 	T = 0.105712	DT = 0.000179216	NI = 6	LI=9
Walltime = 17.650601387023926 Simulated time = 0.1057121415014894
# 5 	T = 0.105945	DT = 0.000232981	NI = 2	LI=5
Walltime = 17.744356393814087 Simulated time = 0.10594512235271421
# 6 	T = 0.106248	DT = 0.000302875	NI = 2	LI=5
Walltime = 17.83810591697693 Simulated time = 0.10624799745930646
# 7 	T = 0.106642	DT = 0.000393738	NI = 2	LI=4
Walltime = 17.91622543334961 Simulated time = 0.10664173509787639
# 8 	T = 0.107154	DT = 0.000511859	NI = 1	LI=3
Walltime = 17.97872567176819 Simulated time = 0.1071535940280173
# 9 	T = 0.107819	DT = 0.000665417	NI = 1	LI=2
Walltime = 18.025604009628296 Simulated time = 0.10781901063720048
# 10 	T = 0.108684	DT = 0.000865042	NI = 1	LI=3
Walltime = 18.090195655822754 Simulated time = 0.10868405222913861
# 11 	T = 0.109809	DT = 0.00112455	NI = 1	LI=3
Walltime = 18.137067556381226 Simulated time = 0.10980860629865818
# 12 	T = 0.111271	DT = 0.00146192	NI = 1	LI=2
Walltime = 18.199568033218384 Simulated time = 0.11127052658903364
# 13 	T = 0.113171	DT = 0.0019005	NI = 2	LI=4
Walltime = 18.293319940567017 Simulated time = 0.11317102296652172
# 14 	T = 0.115642	DT = 0.00247065	NI = 2	LI=6
Walltime = 18.37144160270691 Simulated time = 0.11564166825725622
# 15 	T = 0.118854	DT = 0.00321184	NI = 2	LI=7
Walltime = 18.48081946372986 Simulated time = 0.11885350713521108
# 16 	T = 0.123029	DT = 0.00417539	NI = 2	LI=6
Walltime = 18.574567079544067 Simulated time = 0.1230288976765524
# 17 	T = 0.128457	DT = 0.00542801	NI = 2	LI=6
Walltime = 18.66831946372986 Simulated time = 0.1284569053802961
# 18 	T = 0.135513	DT = 0.00705641	NI = 2	LI=6
Walltime = 18.762077808380127 Simulated time = 0.13551331539516293
# 19 	T = 0.144687	DT = 0.00917333	NI = 2	LI=6
Walltime = 18.87144446372986 Simulated time = 0.1446866484144898
# 20 	T = 0.156612	DT = 0.0119253	NI = 2	LI=6
Walltime = 18.96519422531128 Simulated time = 0.15661198133961474
Cut timestep to 0.0119253329
Walltime = 19.88706946372986 Simulated time = 0.15661198133961474
Stationary point detected!
Cut timestep to 0.0091733330
Walltime = 20.371444702148438 Simulated time = 0.15661198133961474
# 21 	T = 0.165785	DT = 0.00917333	NI = 2	LI=6
Walltime = 20.449567794799805 Simulated time = 0.16578531435894162
Cut timestep to 0.0091733330
Walltime = 21.340192556381226 Simulated time = 0.16578531435894162
Cut timestep to 0.0070564100
Walltime = 22.246443033218384 Simulated time = 0.16578531435894162
Cut timestep to 0.0054280077
Walltime = 23.15484094619751 Simulated time = 0.16578531435894162
Cut timestep to 0.0041753905
Walltime = 24.014214277267456 Simulated time = 0.16578531435894162
# 22 	T = 0.169961	DT = 0.00417539	NI = 18	LI=59
Walltime = 24.797553777694702 Simulated time = 0.16996070490028292
# 23 	T = 0.175389	DT = 0.00542801	NI = 2	LI=6
Walltime = 24.906929969787598 Simulated time = 0.17538871260402664
# 24 	T = 0.182445	DT = 0.00705641	NI = 2	LI=6
Walltime = 25.016303777694702 Simulated time = 0.18244512261889345
# 25 	T = 0.191618	DT = 0.00917333	NI = 2	LI=6
Walltime = 25.125677824020386 Simulated time = 0.19161845563822033
# 26 	T = 0.2	DT = 0.00838154	NI = 2	LI=6
TS = 86(57), NI = 181(941), LI = 475(2553)
