darts-linear-solvers built on vr 21-02-2025 13:26:34 by SRV554$@SRV554 from 9c7e762-dirty
darts-engines built on May  9 2025 14:18:48 by SRV554$@SRV554 from a44e934fd1650ca5baf30d1971a73abf3c937318
darts-discretizer built on May  9 2025 14:18:48 by SRV554$@SRV554 from a44e934fd1650ca5baf30d1971a73abf3c937318
num_of_elements: 22677
num_of_cells:    25000
active_cells:    18038
number_of_faces: 58351
bnd_faces_num:   4639
53712 connections:
Adjacency matrix:	6	[ms]
Find TPFA trans:	90	[ms]
Processing mesh: 18038 reservoir blocks, 32 well blocks, 53774 connections
Linear solver type is CPU_GMRES_CPR_AMG
2-phase 2-component non-isothermal flow with kinetic reaction and diffusion CPU engine
Sim params: 
	First ts: 	1e-05
	Max ts: 	10
	Mult ts: 	1.3
	Max i newton: 	20
	Max i linear: 	50
	Tol newton: 	0.001
	Tol linear: 	1e-05
	OpenMP threads: 	6

START SIMULATION
-------------------------------------------------------------------------------------------------------------
Well INJ initialized with phase 0 molar rate-control
	 #1 (8.7873e-14, 1.5818e+04): lin 2 (2.3e-09)
Local chop applied in 1 block(s)
	 #2 (1.0493e-09, 4.8406e+03): lin 2 (1.4e-12)
Composition correction applied in 28 block(s)
	 #3 (2.4058e-10, 4.7893e+02): lin 2 (2.7e-10)
Composition correction applied in 7 block(s)
	 #4 (3.1167e-11, 1.5801e+02): lin 2 (6.3e-11)
Composition correction applied in 1 block(s)
	 #5 (4.4865e-15, 3.7050e-01): lin 2 (1.9e-11)
-------------------------------------------------------------------------------------------------------------
 T = 1e-05, DT = 1e-05, NI = 5, LI = 10, RES = 8.2e-16 (5.4e-03), CFL=0.000 (ELAPSED 00:00:05 )
-------------------------------------------------------------------------------------------------------------
	 #1 (4.9673e-10, 7.8516e+00): lin 2 (4.2e-12)
	 #2 (4.9424e-15, 1.8563e-01): lin 1 (1.8e-06)
-------------------------------------------------------------------------------------------------------------
 T = 2.3e-05, DT = 1.3e-05, NI = 2, LI = 3, RES = 9.0e-16 (2.8e-07), CFL=0.000 (ELAPSED 00:00:06 )
-------------------------------------------------------------------------------------------------------------
	 #1 (6.8352e-10, 1.1242e+00): lin 1 (6.6e-06)
-------------------------------------------------------------------------------------------------------------
 T = 3.99e-05, DT = 1.69e-05, NI = 1, LI = 1, RES = 9.9e-16 (2.1e-02), CFL=0.000 (ELAPSED 00:00:07 )
-------------------------------------------------------------------------------------------------------------
	 #1 (8.9100e-10, 1.0890e+00): lin 1 (8.4e-06)
-------------------------------------------------------------------------------------------------------------
 T = 6.187e-05, DT = 2.197e-05, NI = 1, LI = 1, RES = 1.1e-15 (4.3e-02), CFL=0.000 (ELAPSED 00:00:08 )
-------------------------------------------------------------------------------------------------------------
	 #1 (1.1581e-09, 1.1696e+00): lin 2 (9.4e-12)
-------------------------------------------------------------------------------------------------------------
 T = 9.0431e-05, DT = 2.8561e-05, NI = 1, LI = 2, RES = 1.1e-15 (1.7e-02), CFL=0.000 (ELAPSED 00:00:08 )
-------------------------------------------------------------------------------------------------------------
	 #1 (1.5051e-09, 1.2745e+00): lin 2 (2.8e-11)
-------------------------------------------------------------------------------------------------------------
 T = 0.00012756, DT = 3.71293e-05, NI = 1, LI = 2, RES = 1.2e-15 (6.7e-02), CFL=0.000 (ELAPSED 00:00:08 )
-------------------------------------------------------------------------------------------------------------
	 #1 (1.9557e-09, 1.4111e+00): lin 2 (1.4e-10)
-------------------------------------------------------------------------------------------------------------
 T = 0.000175828, DT = 4.82681e-05, NI = 1, LI = 2, RES = 1.4e-15 (6.4e-02), CFL=0.000 (ELAPSED 00:00:08 )
-------------------------------------------------------------------------------------------------------------
	 #1 (2.5410e-09, 1.5595e+00): lin 2 (4.3e-10)
-------------------------------------------------------------------------------------------------------------
 T = 0.000238577, DT = 6.27485e-05, NI = 1, LI = 2, RES = 1.6e-15 (7.4e-02), CFL=0.000 (ELAPSED 00:00:08 )
-------------------------------------------------------------------------------------------------------------
	 #1 (3.3008e-09, 1.7114e+00): lin 2 (1.3e-09)
	 #2 (1.9698e-15, 1.1345e-01): lin 2 (6.7e-11)
-------------------------------------------------------------------------------------------------------------
 T = 0.00032015, DT = 8.15731e-05, NI = 2, LI = 4, RES = 1.2e-15 (1.7e-07), CFL=0.000 (ELAPSED 00:00:08 )
-------------------------------------------------------------------------------------------------------------
	 #1 (4.2870e-09, 1.8703e+00): lin 2 (4.5e-09)
	 #2 (2.9160e-15, 2.1527e-01): lin 2 (2.6e-09)
-------------------------------------------------------------------------------------------------------------
 T = 0.000426195, DT = 0.000106045, NI = 2, LI = 4, RES = 1.2e-15 (2.1e-07), CFL=0.000 (ELAPSED 00:00:08 )
-------------------------------------------------------------------------------------------------------------
	 #1 (5.5664e-09, 2.0337e+00): lin 2 (3.4e-08)
	 #2 (5.0131e-15, 3.4882e-01): lin 2 (2.1e-08)
-------------------------------------------------------------------------------------------------------------
 T = 0.000564053, DT = 0.000137858, NI = 2, LI = 4, RES = 1.2e-15 (3.6e-07), CFL=0.000 (ELAPSED 00:00:08 )
-------------------------------------------------------------------------------------------------------------
	 #1 (7.2252e-09, 2.1979e+00): lin 2 (4.4e-08)
	 #2 (9.7215e-15, 4.3646e-01): lin 2 (2.1e-08)
-------------------------------------------------------------------------------------------------------------
 T = 0.00074327, DT = 0.000179216, NI = 2, LI = 4, RES = 1.3e-15 (6.5e-07), CFL=0.000 (ELAPSED 00:00:08 )
-------------------------------------------------------------------------------------------------------------
	 #1 (9.3749e-09, 2.3602e+00): lin 2 (9.6e-09)
	 #2 (1.9449e-14, 6.1893e-01): lin 2 (4.9e-08)
-------------------------------------------------------------------------------------------------------------
 T = 0.00097625, DT = 0.000232981, NI = 2, LI = 4, RES = 1.4e-15 (1.8e-06), CFL=0.000 (ELAPSED 00:00:08 )
-------------------------------------------------------------------------------------------------------------
	 #1 (1.2159e-08, 2.5155e+00): lin 2 (5.8e-08)
	 #2 (3.8029e-14, 8.2534e-01): lin 2 (2.9e-07)
-------------------------------------------------------------------------------------------------------------
 T = 0.00127913, DT = 0.000302875, NI = 2, LI = 4, RES = 1.4e-15 (3.8e-06), CFL=0.000 (ELAPSED 00:00:09 )
-------------------------------------------------------------------------------------------------------------
	 #1 (1.5762e-08, 2.6545e+00): lin 2 (1.2e-07)
	 #2 (7.1047e-14, 7.9512e-01): lin 2 (9.6e-07)
-------------------------------------------------------------------------------------------------------------
 T = 0.00167286, DT = 0.000393738, NI = 2, LI = 4, RES = 1.6e-15 (5.6e-06), CFL=0.000 (ELAPSED 00:00:09 )
-------------------------------------------------------------------------------------------------------------
	 #1 (2.0422e-08, 2.7592e+00): lin 2 (5.1e-07)
	 #2 (1.2382e-13, 6.8579e+00): lin 2 (1.5e-06)
-------------------------------------------------------------------------------------------------------------
 T = 0.00218472, DT = 0.000511859, NI = 2, LI = 4, RES = 1.9e-15 (2.0e-05), CFL=0.000 (ELAPSED 00:00:09 )
-------------------------------------------------------------------------------------------------------------
	 #1 (2.6446e-08, 2.8052e+00): lin 2 (2.1e-07)
	 #2 (1.9805e-13, 5.6737e+00): lin 2 (9.4e-07)
-------------------------------------------------------------------------------------------------------------
 T = 0.00285014, DT = 0.000665417, NI = 2, LI = 4, RES = 2.2e-15 (3.3e-05), CFL=0.000 (ELAPSED 00:00:09 )
-------------------------------------------------------------------------------------------------------------
	 #1 (3.4233e-08, 2.7688e+00): lin 2 (4.3e-07)
	 #2 (2.8110e-13, 9.1745e+00): lin 2 (2.3e-06)
-------------------------------------------------------------------------------------------------------------
 T = 0.00371518, DT = 0.000865042, NI = 2, LI = 4, RES = 2.7e-15 (4.3e-05), CFL=0.000 (ELAPSED 00:00:09 )
-------------------------------------------------------------------------------------------------------------
	 #1 (4.4299e-08, 2.6432e+00): lin 2 (9.2e-07)
	 #2 (3.5633e-13, 1.2600e+00): lin 3 (7.2e-09)
-------------------------------------------------------------------------------------------------------------
 T = 0.00483973, DT = 0.00112455, NI = 2, LI = 5, RES = 3.4e-15 (2.1e-05), CFL=0.000 (ELAPSED 00:00:09 )
-------------------------------------------------------------------------------------------------------------
	 #1 (5.7322e-08, 2.4629e+00): lin 2 (1.7e-06)
	 #2 (4.2426e-13, 2.0305e+01): lin 2 (8.0e-06)
-------------------------------------------------------------------------------------------------------------
 T = 0.00630165, DT = 0.00146192, NI = 2, LI = 4, RES = 4.4e-15 (6.0e-05), CFL=0.000 (ELAPSED 00:00:09 )
-------------------------------------------------------------------------------------------------------------
	 #1 (7.4183e-08, 2.2857e+00): lin 2 (4.0e-06)
	 #2 (4.9224e-13, 4.3092e+01): lin 2 (8.9e-06)
-------------------------------------------------------------------------------------------------------------
 T = 0.00820215, DT = 0.0019005, NI = 2, LI = 4, RES = 5.7e-15 (1.7e-04), CFL=0.000 (ELAPSED 00:00:09 )
-------------------------------------------------------------------------------------------------------------
	 #1 (9.6041e-08, 2.1734e+00): lin 3 (2.2e-08)
	 #2 (8.6425e-13, 5.1071e+01): lin 2 (4.0e-06)
-------------------------------------------------------------------------------------------------------------
 T = 0.0106728, DT = 0.00247065, NI = 2, LI = 5, RES = 7.5e-15 (1.8e-04), CFL=0.000 (ELAPSED 00:00:09 )
-------------------------------------------------------------------------------------------------------------
	 #1 (1.2441e-07, 2.1961e+00): lin 3 (2.9e-08)
	 #2 (1.2132e-12, 8.8943e+01): lin 3 (9.5e-08)
-------------------------------------------------------------------------------------------------------------
 T = 0.0138846, DT = 0.00321184, NI = 2, LI = 6, RES = 9.8e-15 (4.5e-04), CFL=0.000 (ELAPSED 00:00:09 )
-------------------------------------------------------------------------------------------------------------
	 #1 (1.6125e-07, 2.3089e+00): lin 3 (3.6e-08)
	 #2 (1.6566e-12, 1.0446e+02): lin 3 (1.9e-08)
-------------------------------------------------------------------------------------------------------------
 T = 0.01806, DT = 0.00417539, NI = 2, LI = 6, RES = 1.3e-14 (4.1e-04), CFL=0.000 (ELAPSED 00:00:10 )
-------------------------------------------------------------------------------------------------------------
	 #1 (2.0912e-07, 2.3890e+00): lin 3 (9.0e-08)
	 #2 (2.2188e-12, 7.6137e+01): lin 3 (5.3e-08)
-------------------------------------------------------------------------------------------------------------
 T = 0.023488, DT = 0.00542801, NI = 2, LI = 6, RES = 1.7e-14 (2.1e-04), CFL=0.000 (ELAPSED 00:00:10 )
-------------------------------------------------------------------------------------------------------------
	 #1 (2.7133e-07, 2.3817e+00): lin 3 (2.0e-07)
	 #2 (2.8327e-12, 1.9687e+02): lin 3 (5.0e-08)
-------------------------------------------------------------------------------------------------------------
 T = 0.0305444, DT = 0.00705641, NI = 2, LI = 6, RES = 2.3e-14 (9.4e-04), CFL=0.000 (ELAPSED 00:00:10 )
-------------------------------------------------------------------------------------------------------------
	 #1 (3.5215e-07, 2.3006e+00): lin 3 (5.8e-07)
	 #2 (3.5973e-12, 2.4371e+02): lin 3 (4.3e-08)
-------------------------------------------------------------------------------------------------------------
 T = 0.0397178, DT = 0.00917333, NI = 2, LI = 6, RES = 3.1e-14 (1.2e-03), CFL=0.000 (ELAPSED 00:00:10 )
-------------------------------------------------------------------------------------------------------------
	 #1 (4.5715e-07, 2.1793e+00): lin 3 (1.2e-06)
	 #2 (4.3588e-12, 3.4858e+02): lin 3 (3.1e-06)
-------------------------------------------------------------------------------------------------------------
 T = 0.0516431, DT = 0.0119253, NI = 2, LI = 6, RES = 4.2e-14 (4.6e-04), CFL=0.000 (ELAPSED 00:00:10 )
-------------------------------------------------------------------------------------------------------------
	 #1 (5.9354e-07, 2.0129e+00): lin 3 (4.0e-06)
	 #2 (5.7391e-12, 2.9832e+02): lin 3 (9.0e-07)
-------------------------------------------------------------------------------------------------------------
 T = 0.067146, DT = 0.0155029, NI = 2, LI = 6, RES = 5.6e-14 (1.0e-03), CFL=0.000 (ELAPSED 00:00:10 )
-------------------------------------------------------------------------------------------------------------
	 #1 (7.7067e-07, 1.8876e+00): lin 3 (8.1e-06)
	 #2 (6.7956e-12, 1.5839e+00): lin 4 (4.2e-07)
-------------------------------------------------------------------------------------------------------------
 T = 0.0872999, DT = 0.0201538, NI = 2, LI = 7, RES = 7.3e-14 (3.5e-05), CFL=0.000 (ELAPSED 00:00:10 )
-------------------------------------------------------------------------------------------------------------
	 #1 (1.0007e-06, 1.7871e+00): lin 4 (4.4e-07)
	 #2 (8.7162e-12, 2.0177e+02): lin 3 (4.2e-06)
-------------------------------------------------------------------------------------------------------------
 T = 0.1135, DT = 0.0262, NI = 2, LI = 7, RES = 9.4e-14 (3.3e-04), CFL=0.001 (ELAPSED 00:00:10 )
-------------------------------------------------------------------------------------------------------------
	 #1 (1.2995e-06, 1.7049e+00): lin 4 (9.0e-07)
	 #2 (1.1029e-11, 5.4399e+02): lin 3 (4.7e-06)
-------------------------------------------------------------------------------------------------------------
 T = 0.14756, DT = 0.0340599, NI = 2, LI = 7, RES = 1.2e-13 (1.6e-03), CFL=0.001 (ELAPSED 00:00:10 )
-------------------------------------------------------------------------------------------------------------
	 #1 (1.6876e-06, 1.6332e+00): lin 4 (2.0e-06)
	 #2 (1.4225e-11, 1.4760e+00): lin 4 (3.9e-06)
-------------------------------------------------------------------------------------------------------------
 T = 0.191838, DT = 0.0442779, NI = 2, LI = 8, RES = 1.5e-13 (8.0e-05), CFL=0.002 (ELAPSED 00:00:10 )
-------------------------------------------------------------------------------------------------------------
	 #1 (2.1916e-06, 1.5641e+00): lin 4 (2.9e-06)
	 #2 (1.0908e-09, 1.8404e+00): lin 4 (5.7e-07)
-------------------------------------------------------------------------------------------------------------
 T = 0.249399, DT = 0.0575613, NI = 2, LI = 8, RES = 1.9e-13 (1.4e-04), CFL=0.003 (ELAPSED 00:00:11 )
-------------------------------------------------------------------------------------------------------------
	 #1 (2.8461e-06, 1.4893e+00): lin 4 (6.0e-06)
	 #2 (2.5301e-09, 1.5818e+03): lin 4 (1.1e-06)
-------------------------------------------------------------------------------------------------------------
 T = 0.324229, DT = 0.0748297, NI = 2, LI = 8, RES = 2.3e-13 (6.8e-03), CFL=0.004 (ELAPSED 00:00:11 )
-------------------------------------------------------------------------------------------------------------
	 #1 (3.6961e-06, 1.3988e+00): lin 4 (7.5e-06)
	 #2 (3.1105e-11, 1.1123e+03): lin 4 (4.9e-06)
-------------------------------------------------------------------------------------------------------------
 T = 0.421507, DT = 0.0972786, NI = 2, LI = 8, RES = 2.9e-13 (2.5e-03), CFL=0.007 (ELAPSED 00:00:11 )
-------------------------------------------------------------------------------------------------------------
	 #1 (4.7995e-06, 1.2837e+00): lin 5 (1.0e-06)
	 #2 (3.3772e-09, 2.3456e+00): lin 4 (1.7e-06)
-------------------------------------------------------------------------------------------------------------
 T = 0.547969, DT = 0.126462, NI = 2, LI = 9, RES = 3.2e-13 (9.5e-04), CFL=0.012 (ELAPSED 00:00:11 )
-------------------------------------------------------------------------------------------------------------
	 #1 (6.2315e-06, 1.1407e+00): lin 5 (1.8e-06)
	 #2 (5.4257e-09, 2.7308e+00): lin 4 (4.0e-06)
-------------------------------------------------------------------------------------------------------------
 T = 0.71237, DT = 0.164401, NI = 2, LI = 9, RES = 2.7e-13 (3.2e-03), CFL=0.020 (ELAPSED 00:00:11 )
-------------------------------------------------------------------------------------------------------------
	 #1 (8.0893e-06, 9.6927e-01): lin 5 (2.3e-06)
	 #2 (7.9614e-09, 1.7436e+03): lin 4 (5.8e-06)
-------------------------------------------------------------------------------------------------------------
 T = 0.926091, DT = 0.213721, NI = 2, LI = 9, RES = 2.6e-13 (8.3e-03), CFL=0.032 (ELAPSED 00:00:11 )
-------------------------------------------------------------------------------------------------------------
	 #1 (1.0498e-05, 7.7906e-01): lin 5 (2.6e-06)
	 #2 (1.1014e-08, 7.7330e+02): lin 4 (8.8e-06)
-------------------------------------------------------------------------------------------------------------
 T = 1.20393, DT = 0.277837, NI = 2, LI = 9, RES = 3.2e-13 (1.3e-02), CFL=0.052 (ELAPSED 00:00:11 )
-------------------------------------------------------------------------------------------------------------
	 #1 (1.3618e-05, 5.8798e-01): lin 5 (2.6e-06)
	 #2 (1.7621e-08, 6.5086e+00): lin 5 (1.7e-06)
-------------------------------------------------------------------------------------------------------------
 T = 1.56512, DT = 0.361189, NI = 2, LI = 10, RES = 4.5e-13 (3.8e-03), CFL=0.082 (ELAPSED 00:00:12 )
-------------------------------------------------------------------------------------------------------------
	 #1 (1.7657e-05, 4.4821e-01): lin 5 (2.0e-06)
	 #2 (2.8263e-08, 1.7251e+03): lin 5 (2.3e-06)
-------------------------------------------------------------------------------------------------------------
 T = 2.03466, DT = 0.469545, NI = 2, LI = 10, RES = 4.6e-13 (7.8e-03), CFL=0.122 (ELAPSED 00:00:12 )
-------------------------------------------------------------------------------------------------------------
	 #1 (2.2877e-05, 3.3460e-01): lin 5 (2.0e-06)
	 #2 (4.8368e-08, 7.3265e+00): lin 5 (3.8e-06)
-------------------------------------------------------------------------------------------------------------
 T = 2.64507, DT = 0.610409, NI = 2, LI = 10, RES = 5.6e-13 (1.9e-02), CFL=0.172 (ELAPSED 00:00:12 )
-------------------------------------------------------------------------------------------------------------
	 #1 (2.9612e-05, 2.7872e-01): lin 5 (2.7e-06)
	 #2 (7.9810e-08, 3.4063e+00): lin 5 (3.0e-06)
-------------------------------------------------------------------------------------------------------------
 T = 3.4386, DT = 0.793531, NI = 2, LI = 10, RES = 6.0e-13 (1.7e-02), CFL=0.228 (ELAPSED 00:00:13 )
-------------------------------------------------------------------------------------------------------------
	 #1 (3.8281e-05, 2.5109e-01): lin 5 (5.9e-06)
	 #2 (1.3101e-07, 1.5969e+01): lin 5 (7.2e-06)
-------------------------------------------------------------------------------------------------------------
 T = 4.47019, DT = 1.03159, NI = 2, LI = 10, RES = 7.4e-13 (6.3e-02), CFL=0.282 (ELAPSED 00:00:13 )
-------------------------------------------------------------------------------------------------------------
	 #1 (4.9408e-05, 3.0532e-01): lin 5 (7.5e-06)
	 #2 (1.1436e-06, 1.8639e+03): lin 6 (5.7e-06)
	 #3 (2.7103e-08, 8.4078e+04): lin 6 (6.0e-06)
	 #4 (5.3074e-12, 9.0748e+02): lin 5 (1.6e-06)
-------------------------------------------------------------------------------------------------------------
 T = 5.81126, DT = 1.34107, NI = 4, LI = 22, RES = 6.2e-13 (1.6e-03), CFL=0.365 (ELAPSED 00:00:13 )
-------------------------------------------------------------------------------------------------------------
	 #1 (6.3223e-05, 4.2793e+00): lin 7 (1.7e-06)
	 #2 (3.9048e-06, 4.5124e+05): lin 7 (2.6e-06)
	 #3 (4.4188e-08, 4.9590e+05): lin 6 (4.8e-06)
	 #4 (1.9762e-12, 5.8927e+01): lin 7 (3.6e-06)
-------------------------------------------------------------------------------------------------------------
 T = 7.55465, DT = 1.74339, NI = 4, LI = 27, RES = 6.3e-13 (1.8e-03), CFL=0.534 (ELAPSED 00:00:14 )
-------------------------------------------------------------------------------------------------------------
	 #1 (7.8895e-05, 2.0999e+01): lin 7 (1.8e-06)
	 #2 (2.0430e-06, 1.2046e+05): lin 7 (3.4e-06)
	 #3 (2.1344e-09, 7.6197e+00): lin 6 (7.1e-06)
-------------------------------------------------------------------------------------------------------------
 T = 9.82106, DT = 2.26641, NI = 3, LI = 20, RES = 6.3e-13 (1.8e-03), CFL=0.467 (ELAPSED 00:00:14 )
-------------------------------------------------------------------------------------------------------------
	 #1 (1.0227e-04, 3.3956e+00): lin 7 (3.3e-06)
	 #2 (2.8954e-06, 8.7547e+04): lin 7 (1.3e-06)
	 #3 (3.0656e-08, 2.5693e+01): lin 8 (1.7e-06)
-------------------------------------------------------------------------------------------------------------
 T = 12.7674, DT = 2.94633, NI = 3, LI = 22, RES = 2.0e-12 (2.9e-03), CFL=0.428 (ELAPSED 00:00:15 )
-------------------------------------------------------------------------------------------------------------
	 #1 (1.3183e-04, 1.5730e+00): lin 7 (2.6e-06)
	 #2 (1.3467e-05, 5.4536e+00): lin 8 (1.4e-06)
	 #3 (1.5962e-07, 9.6132e+04): lin 7 (2.8e-06)
	 #4 (2.3079e-11, 1.4451e+00): lin 7 (2.6e-06)
-------------------------------------------------------------------------------------------------------------
 T = 16.5976, DT = 3.83022, NI = 4, LI = 29, RES = 6.3e-13 (3.1e-03), CFL=0.625 (ELAPSED 00:00:15 )
-------------------------------------------------------------------------------------------------------------
	 #1 (1.4537e-04, 2.2282e+00): lin 6 (9.0e-06)
	 #2 (4.4054e-06, 3.3225e+05): lin 7 (6.7e-06)
	 #3 (4.3714e-08, 1.1445e+04): lin 7 (1.5e-06)
-------------------------------------------------------------------------------------------------------------
 T = 21.5769, DT = 4.97929, NI = 3, LI = 20, RES = 1.1e-12 (3.3e-02), CFL=0.663 (ELAPSED 00:00:16 )
-------------------------------------------------------------------------------------------------------------
	 #1 (1.5097e-04, 3.3203e+00): lin 7 (3.0e-06)
	 #2 (1.1540e-05, 3.3174e+05): lin 7 (3.3e-06)
	 #3 (1.3336e-08, 5.0052e+01): lin 7 (6.9e-06)
-------------------------------------------------------------------------------------------------------------
 T = 28.05, DT = 6.47308, NI = 3, LI = 21, RES = 1.4e-12 (2.9e-02), CFL=0.622 (ELAPSED 00:00:16 )
-------------------------------------------------------------------------------------------------------------
	 #1 (1.6381e-04, 2.6339e+00): lin 7 (3.9e-06)
	 #2 (1.5668e-05, 3.5523e+05): lin 7 (1.7e-06)
	 #3 (3.9120e-08, 9.9006e+03): lin 7 (9.2e-06)
-------------------------------------------------------------------------------------------------------------
 T = 36.465, DT = 8.415, NI = 3, LI = 21, RES = 1.2e-12 (3.8e-02), CFL=0.583 (ELAPSED 00:00:17 )
-------------------------------------------------------------------------------------------------------------
	 #1 (1.7474e-04, 1.6017e+00): lin 7 (3.4e-06)
	 #2 (1.5291e-05, 2.0142e+05): lin 6 (9.9e-06)
	 #3 (3.0564e-07, 1.9572e+04): lin 7 (2.0e-06)
-------------------------------------------------------------------------------------------------------------
 T = 46.465, DT = 10, NI = 3, LI = 20, RES = 4.6e-11 (7.0e-02), CFL=0.542 (ELAPSED 00:00:18 )
-------------------------------------------------------------------------------------------------------------
	 #1 (5.8577e-05, 2.4423e-01): lin 6 (6.9e-06)
	 #2 (1.9521e-06, 9.1940e+00): lin 6 (7.9e-06)
	 #3 (1.3037e-08, 1.4020e+04): lin 6 (1.9e-06)
-------------------------------------------------------------------------------------------------------------
 T = 50, DT = 3.53502, NI = 3, LI = 18, RES = 6.6e-13 (6.9e-02), CFL=0.201 (ELAPSED 00:00:18 )
-------------------------------------------------------------------------------------------------------------
	 #1 (1.6317e-04, 6.2039e-01): lin 7 (3.2e-06)
	 #2 (2.1073e-05, 2.4615e+01): lin 7 (2.6e-06)
	 #3 (2.2950e-07, 1.9963e+05): lin 7 (1.7e-06)
	 #4 (5.3362e-11, 3.3617e+00): lin 5 (5.8e-06)
-------------------------------------------------------------------------------------------------------------
 T = 60, DT = 10, NI = 4, LI = 26, RES = 6.3e-13 (1.9e-03), CFL=0.640 (ELAPSED 00:00:19 )
-------------------------------------------------------------------------------------------------------------
	 #1 (1.5875e-04, 8.7196e-01): lin 6 (3.5e-06)
	 #2 (7.2663e-06, 3.5562e+04): lin 7 (2.3e-06)
	 #3 (2.8038e-08, 9.8941e-01): lin 5 (8.3e-06)
-------------------------------------------------------------------------------------------------------------
 T = 70, DT = 10, NI = 3, LI = 18, RES = 1.1e-12 (1.7e-02), CFL=0.557 (ELAPSED 00:00:20 )
-------------------------------------------------------------------------------------------------------------
	 #1 (1.5767e-04, 1.5793e-01): lin 5 (7.5e-06)
	 #2 (2.8388e-05, 8.6530e+01): lin 6 (8.1e-06)
	 #3 (2.0634e-06, 1.7911e+00): lin 6 (2.3e-06)
-------------------------------------------------------------------------------------------------------------
 T = 80, DT = 10, NI = 3, LI = 17, RES = 8.4e-09 (1.6e-02), CFL=0.561 (ELAPSED 00:00:21 )
-------------------------------------------------------------------------------------------------------------
	 #1 (1.5626e-04, 2.2353e-02): lin 5 (7.7e-06)
	 #2 (1.2222e-05, 2.7771e+01): lin 7 (3.2e-06)
	 #3 (1.5727e-07, 7.7929e+03): lin 7 (1.6e-06)
-------------------------------------------------------------------------------------------------------------
 T = 90, DT = 10, NI = 3, LI = 19, RES = 2.4e-11 (1.4e-02), CFL=0.552 (ELAPSED 00:00:22 )
-------------------------------------------------------------------------------------------------------------
	 #1 (1.5125e-04, 1.1683e-01): lin 6 (3.7e-06)
	 #2 (6.8983e-06, 2.2576e+04): lin 7 (4.5e-06)
	 #3 (7.0513e-08, 6.1240e+00): lin 7 (1.9e-06)
-------------------------------------------------------------------------------------------------------------
 T = 100, DT = 10, NI = 3, LI = 20, RES = 9.0e-12 (1.4e-03), CFL=0.553 (ELAPSED 00:00:23 )
-------------------------------------------------------------------------------------------------------------
	 #1 (1.4243e-04, 1.8264e-01): lin 6 (6.4e-06)
	 #2 (3.0963e-06, 2.1182e+04): lin 7 (2.7e-06)
	 #3 (6.8617e-09, 1.2087e+00): lin 6 (5.7e-06)
-------------------------------------------------------------------------------------------------------------
 T = 110, DT = 10, NI = 3, LI = 19, RES = 6.4e-13 (1.6e-03), CFL=0.534 (ELAPSED 00:00:24 )
-------------------------------------------------------------------------------------------------------------
	 #1 (1.3424e-04, 1.8009e-01): lin 6 (5.7e-06)
	 #2 (3.0859e-06, 2.5062e+04): lin 6 (6.8e-06)
	 #3 (2.1925e-07, 1.4184e+00): lin 6 (4.0e-06)
-------------------------------------------------------------------------------------------------------------
 T = 120, DT = 10, NI = 3, LI = 18, RES = 1.3e-11 (4.0e-03), CFL=0.504 (ELAPSED 00:00:25 )
-------------------------------------------------------------------------------------------------------------
	 #1 (1.2787e-04, 1.4898e-01): lin 6 (8.5e-06)
	 #2 (2.7340e-06, 2.0928e+04): lin 6 (3.1e-06)
	 #3 (6.5746e-09, 1.5523e+00): lin 5 (6.7e-06)
-------------------------------------------------------------------------------------------------------------
 T = 130, DT = 10, NI = 3, LI = 17, RES = 6.4e-13 (1.2e-03), CFL=0.476 (ELAPSED 00:00:26 )
-------------------------------------------------------------------------------------------------------------
	 #1 (1.2335e-04, 9.8535e-02): lin 6 (6.1e-06)
	 #2 (2.6446e-06, 1.2133e+04): lin 6 (3.7e-06)
	 #3 (1.0476e-08, 5.8504e-01): lin 5 (9.3e-06)
-------------------------------------------------------------------------------------------------------------
 T = 140, DT = 10, NI = 3, LI = 17, RES = 8.1e-13 (1.1e-03), CFL=0.446 (ELAPSED 00:00:27 )
-------------------------------------------------------------------------------------------------------------
	 #1 (1.2013e-04, 8.3359e-02): lin 6 (5.9e-06)
	 #2 (2.0447e-06, 2.0100e+01): lin 6 (3.0e-06)
	 #3 (1.3512e-09, 1.3153e-01): lin 6 (2.9e-06)
-------------------------------------------------------------------------------------------------------------
 T = 150, DT = 10, NI = 3, LI = 18, RES = 6.4e-13 (1.0e-03), CFL=0.414 (ELAPSED 00:00:28 )
-------------------------------------------------------------------------------------------------------------
	 #1 (1.1769e-04, 7.0464e-02): lin 6 (5.5e-06)
	 #2 (2.3857e-06, 9.1393e+03): lin 6 (5.5e-06)
	 #3 (8.0209e-08, 7.1544e-01): lin 6 (2.6e-06)
-------------------------------------------------------------------------------------------------------------
 T = 160, DT = 10, NI = 3, LI = 18, RES = 5.3e-12 (1.8e-03), CFL=0.388 (ELAPSED 00:00:29 )
-------------------------------------------------------------------------------------------------------------
	 #1 (1.1561e-04, 4.9142e-02): lin 6 (5.2e-06)
	 #2 (3.7306e-06, 1.6783e+03): lin 6 (7.2e-06)
	 #3 (1.3337e-07, 1.7793e+03): lin 6 (3.1e-06)
-------------------------------------------------------------------------------------------------------------
 T = 170, DT = 10, NI = 3, LI = 18, RES = 1.1e-11 (5.2e-03), CFL=0.374 (ELAPSED 00:00:30 )
-------------------------------------------------------------------------------------------------------------
	 #1 (1.1396e-04, 2.3171e-02): lin 6 (5.4e-06)
	 #2 (5.5952e-06, 4.5798e+02): lin 6 (8.8e-06)
	 #3 (2.0184e-07, 6.1157e+03): lin 6 (3.9e-06)
-------------------------------------------------------------------------------------------------------------
 T = 180, DT = 10, NI = 3, LI = 18, RES = 2.2e-11 (2.1e-02), CFL=0.393 (ELAPSED 00:00:31 )
-------------------------------------------------------------------------------------------------------------
	 #1 (1.1414e-04, 2.6496e-02): lin 6 (4.5e-06)
	 #2 (6.1839e-06, 1.7065e+03): lin 7 (2.0e-06)
	 #3 (6.7269e-08, 3.5328e+03): lin 6 (3.2e-06)
-------------------------------------------------------------------------------------------------------------
 T = 190, DT = 10, NI = 3, LI = 19, RES = 3.1e-12 (6.3e-03), CFL=0.441 (ELAPSED 00:00:32 )
-------------------------------------------------------------------------------------------------------------
	 #1 (1.1679e-04, 4.9139e-02): lin 6 (3.4e-06)
	 #2 (3.6361e-06, 3.7270e+00): lin 6 (8.4e-06)
	 #3 (1.6850e-07, 1.0783e+00): lin 6 (2.9e-06)
-------------------------------------------------------------------------------------------------------------
 T = 200, DT = 10, NI = 3, LI = 18, RES = 2.2e-11 (2.4e-03), CFL=0.480 (ELAPSED 00:00:33 )
-------------------------------------------------------------------------------------------------------------
	 #1 (1.1968e-04, 3.8055e-02): lin 5 (9.2e-06)
	 #2 (4.6682e-06, 2.0540e+01): lin 6 (6.5e-06)
	 #3 (1.7567e-07, 7.4029e-01): lin 6 (2.6e-06)
-------------------------------------------------------------------------------------------------------------
 T = 210, DT = 10, NI = 3, LI = 17, RES = 2.3e-11 (2.7e-03), CFL=0.501 (ELAPSED 00:00:34 )
-------------------------------------------------------------------------------------------------------------
	 #1 (1.2182e-04, 1.6451e-02): lin 5 (9.4e-06)
	 #2 (3.7934e-06, 1.9583e+01): lin 6 (4.6e-06)
-------------------------------------------------------------------------------------------------------------
 T = 220, DT = 10, NI = 2, LI = 11, RES = 2.1e-08 (7.4e-02), CFL=0.512 (ELAPSED 00:00:35 )
-------------------------------------------------------------------------------------------------------------
	 #1 (1.2338e-04, 7.1472e-02): lin 6 (3.3e-06)
	 #2 (4.7054e-06, 1.0753e+00): lin 6 (6.3e-06)
	 #3 (2.2301e-08, 1.8239e-01): lin 6 (2.4e-06)
-------------------------------------------------------------------------------------------------------------
 T = 230, DT = 10, NI = 3, LI = 18, RES = 7.8e-13 (7.2e-04), CFL=0.518 (ELAPSED 00:00:36 )
-------------------------------------------------------------------------------------------------------------
	 #1 (1.2458e-04, 3.4995e-03): lin 5 (5.6e-06)
	 #2 (4.7925e-06, 8.7042e+00): lin 6 (3.8e-06)
-------------------------------------------------------------------------------------------------------------
 T = 240, DT = 10, NI = 2, LI = 11, RES = 1.0e-07 (2.3e-02), CFL=0.519 (ELAPSED 00:00:37 )
-------------------------------------------------------------------------------------------------------------
	 #1 (1.2541e-04, 2.3233e-02): lin 6 (2.9e-06)
	 #2 (3.3531e-06, 1.0493e+00): lin 6 (7.2e-06)
-------------------------------------------------------------------------------------------------------------
 T = 250, DT = 10, NI = 2, LI = 12, RES = 9.1e-08 (5.3e-02), CFL=0.519 (ELAPSED 00:00:38 )
-------------------------------------------------------------------------------------------------------------
