well_head_depth_pressure =  175.96349999999998
The string 'rate' is found as control!
Walltime = 0.0 Simulated time = 0.0
# 1 	T = 1e-05	DT = 1e-05	NI = 5	LI=10	DT_MULT=1.3	dX=[0.008 0.    0.   ]
Walltime = 5.8914124965667725 Simulated time = 1e-05
# 2 	T = 2.3e-05	DT = 1.3e-05	NI = 2	LI=3	DT_MULT=1.3	dX=[0.004 0.    0.   ]
Walltime = 6.708544731140137 Simulated time = 2.3000000000000003e-05
# 3 	T = 3.99e-05	DT = 1.69e-05	NI = 1	LI=1	DT_MULT=1.3	dX=[0.005 0.    0.   ]
Walltime = 7.128467798233032 Simulated time = 3.990000000000001e-05
# 4 	T = 6.187e-05	DT = 2.197e-05	NI = 1	LI=1	DT_MULT=1.3	dX=[0.006 0.    0.   ]
Walltime = 8.154240369796753 Simulated time = 6.187e-05
# 5 	T = 9.0431e-05	DT = 2.8561e-05	NI = 1	LI=2	DT_MULT=1.3	dX=[0.008 0.    0.   ]
Walltime = 8.225239038467407 Simulated time = 9.0431e-05
# 6 	T = 0.00012756	DT = 3.71293e-05	NI = 1	LI=2	DT_MULT=1.3	dX=[0.01 0.   0.  ]
Walltime = 8.304239273071289 Simulated time = 0.0001275603
# 7 	T = 0.000175828	DT = 4.82681e-05	NI = 1	LI=2	DT_MULT=1.3	dX=[0.013 0.    0.   ]
Walltime = 8.379241228103638 Simulated time = 0.00017582839
# 8 	T = 0.000238577	DT = 6.27485e-05	NI = 1	LI=2	DT_MULT=1.3	dX=[0.017 0.    0.   ]
Walltime = 8.458496809005737 Simulated time = 0.000238576907
# 9 	T = 0.00032015	DT = 8.15731e-05	NI = 2	LI=4	DT_MULT=1.3	dX=[0.022 0.    0.   ]
Walltime = 8.57860279083252 Simulated time = 0.0003201499791
# 10 	T = 0.000426195	DT = 0.000106045	NI = 2	LI=4	DT_MULT=1.3	dX=[0.027 0.    0.   ]
Walltime = 8.728631258010864 Simulated time = 0.00042619497283
# 11 	T = 0.000564053	DT = 0.000137858	NI = 2	LI=4	DT_MULT=1.3	dX=[0.035 0.    0.   ]
Walltime = 8.863057851791382 Simulated time = 0.000564053464679
# 12 	T = 0.00074327	DT = 0.000179216	NI = 2	LI=4	DT_MULT=1.3	dX=[0.044 0.    0.   ]
Walltime = 8.986545085906982 Simulated time = 0.0007432695040827001
# 13 	T = 0.00097625	DT = 0.000232981	NI = 2	LI=4	DT_MULT=1.3	dX=[0.055 0.    0.   ]
Walltime = 9.128648281097412 Simulated time = 0.0009762503553075102
# 14 	T = 0.00127913	DT = 0.000302875	NI = 2	LI=4	DT_MULT=1.3	dX=[0.069 0.    0.   ]
Walltime = 9.265079259872437 Simulated time = 0.0012791254618997633
# 15 	T = 0.00167286	DT = 0.000393738	NI = 2	LI=4	DT_MULT=1.3	dX=[0.084 0.    0.   ]
Walltime = 9.41727876663208 Simulated time = 0.0016728631004696924
# 16 	T = 0.00218472	DT = 0.000511859	NI = 2	LI=4	DT_MULT=1.3	dX=[0.102 0.    0.   ]
Walltime = 9.508355855941772 Simulated time = 0.0021847220306106
# 17 	T = 0.00285014	DT = 0.000665417	NI = 2	LI=4	DT_MULT=1.3	dX=[0.122 0.    0.   ]
Walltime = 9.600269794464111 Simulated time = 0.0028501386397937803
# 18 	T = 0.00371518	DT = 0.000865042	NI = 2	LI=4	DT_MULT=1.3	dX=[0.143 0.    0.   ]
Walltime = 9.711675643920898 Simulated time = 0.0037151802317319147
# 19 	T = 0.00483973	DT = 0.00112455	NI = 2	LI=5	DT_MULT=1.3	dX=[0.164 0.    0.   ]
Walltime = 9.81867527961731 Simulated time = 0.004839734301251489
# 20 	T = 0.00630165	DT = 0.00146192	NI = 2	LI=4	DT_MULT=1.3	dX=[0.183 0.    0.   ]
Walltime = 9.906559228897095 Simulated time = 0.006301654591626936
# 21 	T = 0.00820215	DT = 0.0019005	NI = 2	LI=4	DT_MULT=1.3	dX=[0.199 0.    0.   ]
Walltime = 10.01756238937378 Simulated time = 0.008202150969115017
# 22 	T = 0.0106728	DT = 0.00247065	NI = 2	LI=5	DT_MULT=1.3	dX=[0.21  0.    0.001]
Walltime = 10.11240267753601 Simulated time = 0.010672796259849522
# 23 	T = 0.0138846	DT = 0.00321184	NI = 2	LI=6	DT_MULT=1.3	dX=[0.215 0.    0.001]
Walltime = 10.22330379486084 Simulated time = 0.013884635137804378
# 24 	T = 0.01806	DT = 0.00417539	NI = 2	LI=6	DT_MULT=1.3	dX=[0.214 0.    0.001]
Walltime = 10.334301710128784 Simulated time = 0.01806002567914569
# 25 	T = 0.023488	DT = 0.00542801	NI = 2	LI=6	DT_MULT=1.3	dX=[0.208 0.    0.001]
Walltime = 10.438407182693481 Simulated time = 0.0234880333828894
# 26 	T = 0.0305444	DT = 0.00705641	NI = 2	LI=6	DT_MULT=1.3	dX=[0.198 0.    0.001]
Walltime = 10.55057144165039 Simulated time = 0.03054444339775622
# 27 	T = 0.0397178	DT = 0.00917333	NI = 2	LI=6	DT_MULT=1.3	dX=[0.188 0.    0.002]
Walltime = 10.655809164047241 Simulated time = 0.03971777641708309
# 28 	T = 0.0516431	DT = 0.0119253	NI = 2	LI=6	DT_MULT=1.3	dX=[0.177 0.    0.002]
Walltime = 10.770811080932617 Simulated time = 0.05164310934220802
# 29 	T = 0.067146	DT = 0.0155029	NI = 2	LI=6	DT_MULT=1.3	dX=[0.168 0.    0.003]
Walltime = 10.884963512420654 Simulated time = 0.06714604214487042
# 30 	T = 0.0872999	DT = 0.0201538	NI = 2	LI=7	DT_MULT=1.3	dX=[0.16  0.    0.004]
Walltime = 11.00696611404419 Simulated time = 0.08729985478833155
# 31 	T = 0.1135	DT = 0.0262	NI = 2	LI=7	DT_MULT=1.3	dX=[0.154 0.    0.004]
Walltime = 11.119554042816162 Simulated time = 0.11349981122483102
# 32 	T = 0.14756	DT = 0.0340599	NI = 2	LI=7	DT_MULT=1.3	dX=[0.148 0.    0.005]
Walltime = 11.229555368423462 Simulated time = 0.14755975459228032
# 33 	T = 0.191838	DT = 0.0442779	NI = 2	LI=8	DT_MULT=1.3	dX=[0.145 0.    0.006]
Walltime = 11.357300043106079 Simulated time = 0.19183768096996445
# 34 	T = 0.249399	DT = 0.0575613	NI = 2	LI=8	DT_MULT=1.3	dX=[0.141 0.    0.006]
Walltime = 11.50536298751831 Simulated time = 0.2493989852609538
# 35 	T = 0.324229	DT = 0.0748297	NI = 2	LI=8	DT_MULT=1.3	dX=[0.134 0.    0.007]
Walltime = 11.658024787902832 Simulated time = 0.32422868083923995
# 36 	T = 0.421507	DT = 0.0972786	NI = 2	LI=8	DT_MULT=1.3	dX=[0.125 0.    0.007]
Walltime = 11.77857756614685 Simulated time = 0.421507285091012
# 37 	T = 0.547969	DT = 0.126462	NI = 2	LI=9	DT_MULT=1.3	dX=[0.114 0.001 0.006]
Walltime = 11.970085382461548 Simulated time = 0.5479694706183156
# 38 	T = 0.71237	DT = 0.164401	NI = 2	LI=9	DT_MULT=1.3	dX=[0.099 0.001 0.006]
Walltime = 12.1393461227417 Simulated time = 0.7123703118038103
# 39 	T = 0.926091	DT = 0.213721	NI = 2	LI=9	DT_MULT=1.3	dX=[0.082 0.001 0.008]
Walltime = 12.32353663444519 Simulated time = 0.9260914053449534
# 40 	T = 1.20393	DT = 0.277837	NI = 2	LI=9	DT_MULT=1.3	dX=[0.062 0.001 0.011]
Walltime = 12.503309488296509 Simulated time = 1.2039288269484394
# 41 	T = 1.56512	DT = 0.361189	NI = 2	LI=10	DT_MULT=1.3	dX=[0.046 0.002 0.014]
Walltime = 12.720168590545654 Simulated time = 1.5651174750329715
# 42 	T = 2.03466	DT = 0.469545	NI = 2	LI=10	DT_MULT=1.3	dX=[0.035 0.002 0.017]
Walltime = 12.958236455917358 Simulated time = 2.0346627175428633
# 43 	T = 2.64507	DT = 0.610409	NI = 2	LI=10	DT_MULT=1.3	dX=[0.03  0.003 0.022]
Walltime = 13.2365403175354 Simulated time = 2.6450715328057224
# 44 	T = 3.4386	DT = 0.793531	NI = 2	LI=10	DT_MULT=1.3	dX=[0.029 0.003 0.027]
Walltime = 13.688018560409546 Simulated time = 3.4386029926474393
# 45 	T = 4.47019	DT = 1.03159	NI = 2	LI=10	DT_MULT=1.3	dX=[0.033 0.004 0.033]
Walltime = 13.970352172851562 Simulated time = 4.470193890441671
# 46 	T = 5.81126	DT = 1.34107	NI = 4	LI=22	DT_MULT=1.3	dX=[1.009 0.005 0.065]
Walltime = 14.389250993728638 Simulated time = 5.811262057574172
# 47 	T = 7.55465	DT = 1.74339	NI = 4	LI=27	DT_MULT=1.3	dX=[3.492 0.007 0.132]
Walltime = 14.947537183761597 Simulated time = 7.554650674846425
# 48 	T = 9.82106	DT = 2.26641	NI = 3	LI=20	DT_MULT=1.3	dX=[0.718 0.009 0.191]
Walltime = 15.30220890045166 Simulated time = 9.821055877300353
# 49 	T = 12.7674	DT = 2.94633	NI = 3	LI=22	DT_MULT=1.3	dX=[0.372 0.013 0.246]
Walltime = 15.688252210617065 Simulated time = 12.76738264049046
# 50 	T = 16.5976	DT = 3.83022	NI = 4	LI=29	DT_MULT=1.3	dX=[0.609 0.016 0.324]
Walltime = 16.25377869606018 Simulated time = 16.5976074326376
# 51 	T = 21.5769	DT = 4.97929	NI = 3	LI=20	DT_MULT=1.3	dX=[1.049 0.018 0.427]
Walltime = 16.791065454483032 Simulated time = 21.57689966242888
# 52 	T = 28.05	DT = 6.47308	NI = 3	LI=21	DT_MULT=1.3	dX=[0.998 0.02  0.554]
Walltime = 17.390669345855713 Simulated time = 28.049979561157542
# 53 	T = 36.465	DT = 8.415	NI = 3	LI=21	DT_MULT=1.3	dX=[0.793 0.023 0.713]
Walltime = 18.084462881088257 Simulated time = 36.464983429504805
# 54 	T = 46.465	DT = 10	NI = 3	LI=20	DT_MULT=1.3	dX=[0.51  0.024 0.842]
Walltime = 18.846755266189575 Simulated time = 46.464983429504805
# 55 	T =  50	DT = 3.53502	NI = 3	LI=18	DT_MULT=1.3	dX=[0.631 0.008 0.306]
TS = 55(0), NI = 120(0), LI = 482(0)
well_head_depth_pressure =  175.96349999999998
The string 'rate' is found as control!
Walltime = 0.0 Simulated time = 50.0
# 1 	T =  60	DT = 10	NI = 4	LI=26	DT_MULT=1.3	dX=[1.155 0.021 0.904]
Walltime = 1.026991367340088 Simulated time = 60.0
# 2 	T =  70	DT = 10	NI = 3	LI=18	DT_MULT=1.3	dX=[0.432 0.019 0.895]
Walltime = 2.0101749897003174 Simulated time = 70.0
# 3 	T =  80	DT = 10	NI = 3	LI=17	DT_MULT=1.3	dX=[0.097 0.018 0.886]
Walltime = 2.8738834857940674 Simulated time = 80.0
# 4 	T =  90	DT = 10	NI = 3	LI=19	DT_MULT=1.3	dX=[0.165 0.017 0.868]
Walltime = 3.81484055519104 Simulated time = 90.0
# 5 	T = 100	DT = 10	NI = 3	LI=20	DT_MULT=1.3	dX=[0.27  0.016 0.844]
TS = 60(0), NI = 136(0), LI = 582(0)
well_head_depth_pressure =  175.96349999999998
The string 'rate' is found as control!
Walltime = 0.0 Simulated time = 100.0
# 1 	T = 110	DT = 10	NI = 3	LI=19	DT_MULT=1.3	dX=[0.287 0.015 0.819]
Walltime = 0.9443893432617188 Simulated time = 110.0
# 2 	T = 120	DT = 10	NI = 3	LI=18	DT_MULT=1.3	dX=[0.252 0.014 0.795]
Walltime = 1.8703453540802002 Simulated time = 120.0
# 3 	T = 130	DT = 10	NI = 3	LI=17	DT_MULT=1.3	dX=[0.188 0.014 0.777]
Walltime = 2.827836751937866 Simulated time = 130.0
# 4 	T = 140	DT = 10	NI = 3	LI=17	DT_MULT=1.3	dX=[0.168 0.013 0.758]
Walltime = 3.7877790927886963 Simulated time = 140.0
# 5 	T = 150	DT = 10	NI = 3	LI=18	DT_MULT=1.3	dX=[0.151 0.013 0.74 ]
TS = 65(0), NI = 151(0), LI = 671(0)
well_head_depth_pressure =  175.96349999999998
The string 'rate' is found as control!
Walltime = 0.0 Simulated time = 150.0
# 1 	T = 160	DT = 10	NI = 3	LI=18	DT_MULT=1.3	dX=[0.114 0.013 0.723]
Walltime = 0.9795317649841309 Simulated time = 160.0
# 2 	T = 170	DT = 10	NI = 3	LI=18	DT_MULT=1.3	dX=[0.138 0.012 0.712]
Walltime = 1.932260274887085 Simulated time = 170.0
# 3 	T = 180	DT = 10	NI = 3	LI=18	DT_MULT=1.3	dX=[0.238 0.012 0.705]
Walltime = 2.999326467514038 Simulated time = 180.0
# 4 	T = 190	DT = 10	NI = 3	LI=19	DT_MULT=1.3	dX=[0.3   0.012 0.7  ]
Walltime = 4.045797109603882 Simulated time = 190.0
# 5 	T = 200	DT = 10	NI = 3	LI=18	DT_MULT=1.3	dX=[0.25  0.012 0.692]
TS = 70(0), NI = 166(0), LI = 762(0)
well_head_depth_pressure =  175.96349999999998
The string 'rate' is found as control!
Walltime = 0.0 Simulated time = 200.0
# 1 	T = 210	DT = 10	NI = 3	LI=17	DT_MULT=1.3	dX=[0.203 0.012 0.679]
Walltime = 1.0037791728973389 Simulated time = 210.0
# 2 	T = 220	DT = 10	NI = 2	LI=11	DT_MULT=1.3	dX=[0.141 0.011 0.665]
Walltime = 2.001631736755371 Simulated time = 220.0
# 3 	T = 230	DT = 10	NI = 3	LI=18	DT_MULT=1.3	dX=[0.147 0.011 0.65 ]
Walltime = 3.0313315391540527 Simulated time = 230.0
# 4 	T = 240	DT = 10	NI = 2	LI=11	DT_MULT=1.3	dX=[0.124 0.011 0.636]
Walltime = 4.023746490478516 Simulated time = 240.0
# 5 	T = 250	DT = 10	NI = 2	LI=12	DT_MULT=1.3	dX=[0.11  0.011 0.622]
TS = 75(0), NI = 178(0), LI = 831(0)
