darts-linear-solvers built on vr 21-02-2025 13:26:34 by SRV554$@SRV554 from 9c7e762-dirty
darts-engines built on May  9 2025 14:18:48 by SRV554$@SRV554 from a44e934fd1650ca5baf30d1971a73abf3c937318
darts-discretizer built on May  9 2025 14:18:48 by SRV554$@SRV554 from a44e934fd1650ca5baf30d1971a73abf3c937318
num_of_elements: 22677
num_of_cells:    25000
active_cells:    18038
number_of_faces: 58351
bnd_faces_num:   4639
53712 connections:
Adjacency matrix:	6	[ms]
Find TPFA trans:	98	[ms]
Processing mesh: 18038 reservoir blocks, 32 well blocks, 53774 connections
Linear solver type is CPU_GMRES_CPR_AMG
2-phase 2-component non-isothermal flow with kinetic reaction and diffusion CPU engine
Sim params: 
	First ts: 	1e-05
	Max ts: 	10
	Mult ts: 	1.3
	Max i newton: 	20
	Max i linear: 	50
	Tol newton: 	0.001
	Tol linear: 	1e-05
	OpenMP threads: 	6

START SIMULATION
-------------------------------------------------------------------------------------------------------------
Well INJ initialized with BHP-control
	 #1 (8.2037e-10, 1.0465e+05): lin 2 (1.2e-12)
Composition correction applied in 15 block(s)
	 #2 (1.0649e-09, 1.0014e+04): lin 2 (3.6e-13)
OBL axis correction: block 18069 variable 2 shoots under axis limit of 273.15 to 196.408
OBL axis correction applied 1 time(s) 
	 #3 (1.4912e-10, 1.4070e+04): lin 2 (2.4e-12)
Composition correction applied in 1 block(s)
	 #4 (5.8945e-12, 1.1303e+03): lin 2 (4.4e-11)
	 #5 (5.2763e-12, 6.3008e+02): lin 2 (3.1e-11)
	 #6 (6.1847e-13, 1.5247e+02): lin 2 (1.5e-11)
	 #7 (3.7983e-14, 1.8316e+01): lin 2 (7.8e-13)
	 #8 (1.0142e-15, 1.9735e-01): lin 2 (1.2e-12)
-------------------------------------------------------------------------------------------------------------
 T = 1e-05, DT = 1e-05, NI = 8, LI = 16, RES = 8.3e-16 (2.0e-05), CFL=0.000 (ELAPSED 00:00:02 )
-------------------------------------------------------------------------------------------------------------
	 #1 (2.1091e-09, 3.6017e+01): lin 2 (1.1e-12)
-------------------------------------------------------------------------------------------------------------
 T = 2.3e-05, DT = 1.3e-05, NI = 1, LI = 2, RES = 1.2e-15 (2.2e-02), CFL=0.000 (ELAPSED 00:00:02 )
-------------------------------------------------------------------------------------------------------------
	 #1 (2.7420e-09, 1.3374e+00): lin 2 (1.2e-12)
-------------------------------------------------------------------------------------------------------------
 T = 3.99e-05, DT = 1.69e-05, NI = 1, LI = 2, RES = 1.2e-15 (1.1e-02), CFL=0.000 (ELAPSED 00:00:02 )
-------------------------------------------------------------------------------------------------------------
	 #1 (3.5586e-09, 1.5673e+00): lin 2 (2.0e-12)
-------------------------------------------------------------------------------------------------------------
 T = 6.187e-05, DT = 2.197e-05, NI = 1, LI = 2, RES = 1.7e-15 (1.0e-02), CFL=0.000 (ELAPSED 00:00:02 )
-------------------------------------------------------------------------------------------------------------
	 #1 (4.6159e-09, 1.8646e+00): lin 2 (1.7e-12)
-------------------------------------------------------------------------------------------------------------
 T = 9.0431e-05, DT = 2.8561e-05, NI = 1, LI = 2, RES = 2.7e-15 (3.4e-02), CFL=0.000 (ELAPSED 00:00:03 )
-------------------------------------------------------------------------------------------------------------
	 #1 (5.9835e-09, 2.1788e+00): lin 2 (3.8e-12)
-------------------------------------------------------------------------------------------------------------
 T = 0.00012756, DT = 3.71293e-05, NI = 1, LI = 2, RES = 4.9e-15 (5.6e-02), CFL=0.000 (ELAPSED 00:00:03 )
-------------------------------------------------------------------------------------------------------------
	 #1 (7.7498e-09, 2.4888e+00): lin 2 (9.7e-12)
	 #2 (9.3719e-15, 1.0226e-01): lin 2 (5.0e-11)
-------------------------------------------------------------------------------------------------------------
 T = 0.000175828, DT = 4.82681e-05, NI = 2, LI = 4, RES = 1.2e-15 (9.0e-05), CFL=0.000 (ELAPSED 00:00:03 )
-------------------------------------------------------------------------------------------------------------
	 #1 (1.0027e-08, 2.7593e+00): lin 2 (4.2e-11)
	 #2 (1.7706e-14, 1.2958e-01): lin 2 (6.7e-11)
-------------------------------------------------------------------------------------------------------------
 T = 0.000238577, DT = 6.27485e-05, NI = 2, LI = 4, RES = 1.2e-15 (2.1e-07), CFL=0.000 (ELAPSED 00:00:03 )
-------------------------------------------------------------------------------------------------------------
	 #1 (1.2955e-08, 2.9589e+00): lin 2 (1.8e-10)
	 #2 (3.1978e-14, 2.5061e-01): lin 2 (4.1e-10)
-------------------------------------------------------------------------------------------------------------
 T = 0.00032015, DT = 8.15731e-05, NI = 2, LI = 4, RES = 1.2e-15 (5.2e-07), CFL=0.000 (ELAPSED 00:00:03 )
-------------------------------------------------------------------------------------------------------------
	 #1 (1.6710e-08, 3.0469e+00): lin 2 (2.3e-07)
	 #2 (5.5136e-14, 3.4436e-01): lin 2 (1.2e-06)
-------------------------------------------------------------------------------------------------------------
 T = 0.000426195, DT = 0.000106045, NI = 2, LI = 4, RES = 1.2e-15 (1.2e-06), CFL=0.000 (ELAPSED 00:00:03 )
-------------------------------------------------------------------------------------------------------------
	 #1 (2.1505e-08, 2.9916e+00): lin 2 (2.5e-07)
	 #2 (9.1167e-14, 4.7271e-01): lin 2 (1.5e-07)
-------------------------------------------------------------------------------------------------------------
 T = 0.000564053, DT = 0.000137858, NI = 2, LI = 4, RES = 1.3e-15 (2.5e-06), CFL=0.000 (ELAPSED 00:00:03 )
-------------------------------------------------------------------------------------------------------------
	 #1 (2.7601e-08, 2.7830e+00): lin 2 (9.5e-09)
	 #2 (1.4294e-13, 7.1236e-01): lin 2 (4.0e-08)
-------------------------------------------------------------------------------------------------------------
 T = 0.00074327, DT = 0.000179216, NI = 2, LI = 4, RES = 1.3e-15 (4.2e-06), CFL=0.000 (ELAPSED 00:00:04 )
-------------------------------------------------------------------------------------------------------------
	 #1 (3.5303e-08, 2.4415e+00): lin 2 (4.5e-06)
	 #2 (2.1108e-13, 8.8840e-01): lin 3 (4.5e-10)
-------------------------------------------------------------------------------------------------------------
 T = 0.00097625, DT = 0.000232981, NI = 2, LI = 5, RES = 1.4e-15 (7.4e-06), CFL=0.000 (ELAPSED 00:00:04 )
-------------------------------------------------------------------------------------------------------------
	 #1 (4.4962e-08, 2.0109e+00): lin 3 (4.1e-09)
	 #2 (3.2746e-13, 9.4419e-01): lin 3 (2.1e-10)
-------------------------------------------------------------------------------------------------------------
 T = 0.00127913, DT = 0.000302875, NI = 2, LI = 6, RES = 1.4e-15 (8.8e-06), CFL=0.000 (ELAPSED 00:00:04 )
-------------------------------------------------------------------------------------------------------------
	 #1 (5.6964e-08, 1.5327e+00): lin 2 (2.5e-07)
	 #2 (4.8813e-13, 7.5922e-01): lin 2 (1.6e-07)
-------------------------------------------------------------------------------------------------------------
 T = 0.00167286, DT = 0.000393738, NI = 2, LI = 4, RES = 1.6e-15 (5.1e-06), CFL=0.000 (ELAPSED 00:00:04 )
-------------------------------------------------------------------------------------------------------------
	 #1 (7.1719e-08, 1.0501e+00): lin 4 (1.9e-09)
	 #2 (7.2582e-13, 1.8661e-01): lin 3 (2.5e-07)
-------------------------------------------------------------------------------------------------------------
 T = 0.00218472, DT = 0.000511859, NI = 2, LI = 7, RES = 1.8e-15 (1.6e-06), CFL=0.000 (ELAPSED 00:00:04 )
-------------------------------------------------------------------------------------------------------------
	 #1 (8.9643e-08, 6.2821e-01): lin 3 (5.5e-08)
-------------------------------------------------------------------------------------------------------------
 T = 0.00285014, DT = 0.000665417, NI = 1, LI = 3, RES = 1.1e-12 (3.4e-02), CFL=0.000 (ELAPSED 00:00:04 )
-------------------------------------------------------------------------------------------------------------
	 #1 (1.1114e-07, 2.7462e-01): lin 3 (4.8e-07)
-------------------------------------------------------------------------------------------------------------
 T = 0.00371518, DT = 0.000865042, NI = 1, LI = 3, RES = 1.5e-12 (2.5e-02), CFL=0.000 (ELAPSED 00:00:04 )
-------------------------------------------------------------------------------------------------------------
	 #1 (1.3664e-07, 1.2578e-01): lin 3 (9.4e-07)
-------------------------------------------------------------------------------------------------------------
 T = 0.00483973, DT = 0.00112455, NI = 1, LI = 3, RES = 2.0e-12 (1.9e-02), CFL=0.000 (ELAPSED 00:00:04 )
-------------------------------------------------------------------------------------------------------------
	 #1 (1.6663e-07, 6.9112e-02): lin 3 (1.2e-08)
-------------------------------------------------------------------------------------------------------------
 T = 0.00630165, DT = 0.00146192, NI = 1, LI = 3, RES = 2.5e-12 (2.2e-02), CFL=0.000 (ELAPSED 00:00:04 )
-------------------------------------------------------------------------------------------------------------
	 #1 (2.0187e-07, 5.1493e-02): lin 3 (9.9e-09)
-------------------------------------------------------------------------------------------------------------
 T = 0.00820215, DT = 0.0019005, NI = 1, LI = 3, RES = 3.0e-12 (2.7e-02), CFL=0.000 (ELAPSED 00:00:04 )
-------------------------------------------------------------------------------------------------------------
	 #1 (2.4364e-07, 4.8786e-02): lin 4 (2.5e-08)
	 #2 (3.4577e-12, 2.1931e+00): lin 4 (1.6e-08)
-------------------------------------------------------------------------------------------------------------
 T = 0.0106728, DT = 0.00247065, NI = 2, LI = 8, RES = 8.0e-15 (4.5e-06), CFL=0.000 (ELAPSED 00:00:04 )
-------------------------------------------------------------------------------------------------------------
	 #1 (2.9407e-07, 4.6645e-02): lin 4 (5.1e-08)
-------------------------------------------------------------------------------------------------------------
 T = 0.0138846, DT = 0.00321184, NI = 1, LI = 4, RES = 3.7e-12 (2.9e-02), CFL=0.000 (ELAPSED 00:00:04 )
-------------------------------------------------------------------------------------------------------------
	 #1 (3.5647e-07, 4.2981e-02): lin 3 (2.9e-07)
-------------------------------------------------------------------------------------------------------------
 T = 0.01806, DT = 0.00417539, NI = 1, LI = 3, RES = 3.7e-12 (2.7e-02), CFL=0.000 (ELAPSED 00:00:04 )
-------------------------------------------------------------------------------------------------------------
	 #1 (4.3538e-07, 3.8297e-02): lin 3 (3.9e-07)
-------------------------------------------------------------------------------------------------------------
 T = 0.023488, DT = 0.00542801, NI = 1, LI = 3, RES = 3.5e-12 (2.0e-02), CFL=0.000 (ELAPSED 00:00:05 )
-------------------------------------------------------------------------------------------------------------
	 #1 (5.3650e-07, 3.4160e-02): lin 3 (8.1e-07)
-------------------------------------------------------------------------------------------------------------
 T = 0.0305444, DT = 0.00705641, NI = 1, LI = 3, RES = 3.2e-12 (4.7e-02), CFL=0.000 (ELAPSED 00:00:05 )
-------------------------------------------------------------------------------------------------------------
	 #1 (6.6655e-07, 7.6718e-02): lin 3 (1.9e-06)
	 #2 (2.9476e-12, 2.2787e-01): lin 3 (2.9e-06)
-------------------------------------------------------------------------------------------------------------
 T = 0.0397178, DT = 0.00917333, NI = 2, LI = 6, RES = 3.6e-14 (1.8e-05), CFL=0.000 (ELAPSED 00:00:05 )
-------------------------------------------------------------------------------------------------------------
	 #1 (8.3335e-07, 1.7596e-02): lin 3 (4.4e-06)
	 #2 (2.4524e-12, 6.1287e-01): lin 4 (1.1e-07)
-------------------------------------------------------------------------------------------------------------
 T = 0.0516431, DT = 0.0119253, NI = 2, LI = 7, RES = 4.6e-14 (1.9e-05), CFL=0.000 (ELAPSED 00:00:05 )
-------------------------------------------------------------------------------------------------------------
	 #1 (1.0464e-06, 1.4850e-02): lin 4 (1.3e-06)
-------------------------------------------------------------------------------------------------------------
 T = 0.067146, DT = 0.0155029, NI = 1, LI = 4, RES = 2.4e-12 (1.0e-01), CFL=0.001 (ELAPSED 00:00:05 )
-------------------------------------------------------------------------------------------------------------
	 #1 (1.3174e-06, 1.1953e-01): lin 4 (2.7e-06)
	 #2 (3.8356e-12, 3.4034e-01): lin 4 (8.5e-06)
-------------------------------------------------------------------------------------------------------------
 T = 0.0872999, DT = 0.0201538, NI = 2, LI = 8, RES = 7.2e-14 (6.6e-05), CFL=0.001 (ELAPSED 00:00:05 )
-------------------------------------------------------------------------------------------------------------
	 #1 (1.6617e-06, 1.1680e-02): lin 4 (7.4e-07)
	 #2 (7.8735e-12, 2.1611e-01): lin 4 (3.0e-06)
-------------------------------------------------------------------------------------------------------------
 T = 0.1135, DT = 0.0262, NI = 2, LI = 8, RES = 9.4e-14 (5.8e-05), CFL=0.002 (ELAPSED 00:00:05 )
-------------------------------------------------------------------------------------------------------------
	 #1 (2.0992e-06, 1.0669e-02): lin 4 (6.8e-06)
	 #2 (1.1932e-09, 9.9598e-01): lin 4 (1.6e-06)
-------------------------------------------------------------------------------------------------------------
 T = 0.14756, DT = 0.0340599, NI = 2, LI = 8, RES = 1.2e-13 (1.8e-04), CFL=0.003 (ELAPSED 00:00:05 )
-------------------------------------------------------------------------------------------------------------
	 #1 (2.6554e-06, 9.5901e-03): lin 5 (4.9e-07)
-------------------------------------------------------------------------------------------------------------
 T = 0.191838, DT = 0.0442779, NI = 1, LI = 5, RES = 2.4e-09 (7.2e-02), CFL=0.004 (ELAPSED 00:00:05 )
-------------------------------------------------------------------------------------------------------------
	 #1 (3.3636e-06, 9.9240e-02): lin 5 (7.7e-07)
	 #2 (3.5050e-11, 1.1610e-01): lin 5 (6.1e-06)
-------------------------------------------------------------------------------------------------------------
 T = 0.249399, DT = 0.0575613, NI = 2, LI = 10, RES = 1.9e-13 (1.3e-04), CFL=0.007 (ELAPSED 00:00:05 )
-------------------------------------------------------------------------------------------------------------
	 #1 (4.2671e-06, 8.2330e-03): lin 4 (9.2e-06)
	 #2 (1.5674e-09, 1.8749e+00): lin 4 (4.7e-06)
-------------------------------------------------------------------------------------------------------------
 T = 0.324229, DT = 0.0748297, NI = 2, LI = 8, RES = 2.3e-13 (1.3e-03), CFL=0.011 (ELAPSED 00:00:06 )
-------------------------------------------------------------------------------------------------------------
	 #1 (5.4225e-06, 5.9132e-03): lin 5 (9.5e-07)
	 #2 (5.9135e-09, 4.9151e-01): lin 4 (4.6e-06)
-------------------------------------------------------------------------------------------------------------
 T = 0.421507, DT = 0.0972786, NI = 2, LI = 9, RES = 2.9e-13 (6.2e-03), CFL=0.018 (ELAPSED 00:00:06 )
-------------------------------------------------------------------------------------------------------------
	 #1 (6.9041e-06, 1.3759e-02): lin 5 (1.4e-06)
	 #2 (4.3892e-09, 9.5442e-01): lin 4 (9.3e-06)
-------------------------------------------------------------------------------------------------------------
 T = 0.547969, DT = 0.126462, NI = 2, LI = 9, RES = 3.3e-13 (5.7e-03), CFL=0.028 (ELAPSED 00:00:06 )
-------------------------------------------------------------------------------------------------------------
	 #1 (8.8101e-06, 3.7214e-03): lin 5 (3.4e-06)
	 #2 (7.0326e-09, 1.1042e+00): lin 5 (2.7e-06)
-------------------------------------------------------------------------------------------------------------
 T = 0.71237, DT = 0.164401, NI = 2, LI = 10, RES = 2.9e-13 (1.8e-03), CFL=0.044 (ELAPSED 00:00:06 )
-------------------------------------------------------------------------------------------------------------
	 #1 (1.1269e-05, 6.3618e-03): lin 5 (3.7e-06)
	 #2 (1.3849e-08, 1.1963e+00): lin 5 (2.4e-06)
-------------------------------------------------------------------------------------------------------------
 T = 0.926091, DT = 0.213721, NI = 2, LI = 10, RES = 2.8e-13 (2.7e-03), CFL=0.067 (ELAPSED 00:00:06 )
-------------------------------------------------------------------------------------------------------------
	 #1 (1.4447e-05, 6.5494e-03): lin 5 (3.7e-06)
	 #2 (2.1474e-08, 6.1115e+00): lin 5 (2.4e-06)
-------------------------------------------------------------------------------------------------------------
 T = 1.20393, DT = 0.277837, NI = 2, LI = 10, RES = 3.6e-13 (7.9e-03), CFL=0.100 (ELAPSED 00:00:06 )
-------------------------------------------------------------------------------------------------------------
	 #1 (1.8558e-05, 1.2643e-02): lin 5 (4.8e-06)
	 #2 (2.8498e-08, 1.4098e+01): lin 5 (2.4e-06)
-------------------------------------------------------------------------------------------------------------
 T = 1.56512, DT = 0.361189, NI = 2, LI = 10, RES = 6.0e-12 (1.1e-02), CFL=0.143 (ELAPSED 00:00:07 )
-------------------------------------------------------------------------------------------------------------
	 #1 (2.3866e-05, 1.5640e-02): lin 4 (7.5e-06)
	 #2 (5.3650e-08, 2.7513e+01): lin 4 (3.5e-06)
-------------------------------------------------------------------------------------------------------------
 T = 2.03466, DT = 0.469545, NI = 2, LI = 8, RES = 4.9e-13 (3.1e-02), CFL=0.193 (ELAPSED 00:00:07 )
-------------------------------------------------------------------------------------------------------------
	 #1 (3.0700e-05, 3.8755e-02): lin 5 (4.2e-06)
	 #2 (7.7339e-08, 1.8310e+01): lin 5 (8.6e-06)
	 #3 (3.0145e-12, 1.1430e-01): lin 6 (7.8e-06)
-------------------------------------------------------------------------------------------------------------
 T = 2.64507, DT = 0.610409, NI = 3, LI = 16, RES = 5.7e-13 (1.0e-03), CFL=0.245 (ELAPSED 00:00:07 )
-------------------------------------------------------------------------------------------------------------
	 #1 (3.9450e-05, 1.8875e-03): lin 5 (4.9e-06)
	 #2 (1.2797e-07, 1.6256e+01): lin 5 (9.6e-06)
	 #3 (2.4274e-11, 1.4247e-01): lin 6 (6.5e-06)
-------------------------------------------------------------------------------------------------------------
 T = 3.4386, DT = 0.793531, NI = 3, LI = 16, RES = 6.0e-13 (6.8e-04), CFL=0.293 (ELAPSED 00:00:07 )
-------------------------------------------------------------------------------------------------------------
	 #1 (5.0584e-05, 1.6223e-03): lin 5 (4.4e-06)
	 #2 (1.4033e-06, 8.3761e+03): lin 6 (1.6e-06)
	 #3 (2.7055e-08, 6.4310e+00): lin 6 (5.8e-06)
-------------------------------------------------------------------------------------------------------------
 T = 4.47019, DT = 1.03159, NI = 3, LI = 17, RES = 6.2e-13 (1.0e-02), CFL=0.335 (ELAPSED 00:00:08 )
-------------------------------------------------------------------------------------------------------------
	 #1 (5.5248e-05, 3.3324e-02): lin 7 (5.9e-06)
	 #2 (3.5938e-07, 5.4495e+01): lin 5 (8.0e-06)
	 #3 (3.0448e-10, 1.4436e-01): lin 5 (6.3e-06)
-------------------------------------------------------------------------------------------------------------
 T = 5.81126, DT = 1.34107, NI = 3, LI = 17, RES = 6.2e-13 (1.3e-03), CFL=0.355 (ELAPSED 00:00:08 )
-------------------------------------------------------------------------------------------------------------
	 #1 (4.3791e-05, 6.1964e-02): lin 5 (5.1e-06)
	 #2 (6.3262e-07, 2.3085e+01): lin 6 (2.2e-06)
	 #3 (9.3746e-13, 1.3354e-01): lin 7 (1.2e-06)
-------------------------------------------------------------------------------------------------------------
 T = 7.55465, DT = 1.74339, NI = 3, LI = 18, RES = 6.3e-13 (1.8e-03), CFL=0.330 (ELAPSED 00:00:08 )
-------------------------------------------------------------------------------------------------------------
	 #1 (5.5542e-05, 3.2054e-03): lin 6 (2.4e-06)
	 #2 (9.8634e-07, 8.3898e+00): lin 6 (2.6e-06)
	 #3 (9.1990e-10, 1.9780e-01): lin 5 (5.9e-06)
-------------------------------------------------------------------------------------------------------------
 T = 9.82106, DT = 2.26641, NI = 3, LI = 17, RES = 6.3e-13 (1.9e-03), CFL=0.316 (ELAPSED 00:00:09 )
-------------------------------------------------------------------------------------------------------------
	 #1 (7.0798e-05, 2.9336e-03): lin 6 (3.4e-06)
	 #2 (1.5411e-06, 1.5230e+01): lin 6 (2.8e-06)
	 #3 (2.1525e-09, 3.7581e-01): lin 5 (6.4e-06)
-------------------------------------------------------------------------------------------------------------
 T = 12.7674, DT = 2.94633, NI = 3, LI = 17, RES = 6.3e-13 (2.2e-03), CFL=0.309 (ELAPSED 00:00:09 )
-------------------------------------------------------------------------------------------------------------
	 #1 (8.9692e-05, 3.4060e-03): lin 6 (4.4e-06)
	 #2 (5.6138e-06, 1.8279e+01): lin 6 (7.5e-06)
	 #3 (6.8309e-09, 4.6371e-01): lin 6 (3.3e-06)
-------------------------------------------------------------------------------------------------------------
 T = 16.5976, DT = 3.83022, NI = 3, LI = 18, RES = 6.4e-13 (2.7e-03), CFL=0.482 (ELAPSED 00:00:09 )
-------------------------------------------------------------------------------------------------------------
	 #1 (1.1027e-04, 3.6384e-03): lin 6 (2.7e-06)
	 #2 (3.0968e-06, 1.9260e+01): lin 6 (1.0e-05)
	 #3 (1.5002e-08, 2.7609e+00): lin 6 (6.4e-06)
-------------------------------------------------------------------------------------------------------------
 T = 21.5769, DT = 4.97929, NI = 3, LI = 18, RES = 6.5e-13 (5.1e-03), CFL=0.580 (ELAPSED 00:00:10 )
-------------------------------------------------------------------------------------------------------------
	 #1 (1.3078e-04, 1.0884e-02): lin 5 (6.4e-06)
	 #2 (2.4873e-06, 5.2775e+01): lin 7 (2.0e-06)
	 #3 (3.0925e-08, 1.1304e+00): lin 6 (8.0e-06)
-------------------------------------------------------------------------------------------------------------
 T = 28.05, DT = 6.47308, NI = 3, LI = 18, RES = 7.4e-13 (1.5e-02), CFL=0.650 (ELAPSED 00:00:10 )
-------------------------------------------------------------------------------------------------------------
	 #1 (1.5606e-04, 2.5153e-02): lin 6 (2.7e-06)
	 #2 (6.9492e-06, 5.1766e+01): lin 7 (1.9e-06)
	 #3 (4.7629e-08, 1.2626e+00): lin 6 (8.6e-06)
-------------------------------------------------------------------------------------------------------------
 T = 36.465, DT = 8.415, NI = 3, LI = 19, RES = 9.0e-13 (2.8e-02), CFL=0.675 (ELAPSED 00:00:11 )
-------------------------------------------------------------------------------------------------------------
	 #1 (1.7905e-04, 3.7893e-02): lin 6 (4.3e-06)
	 #2 (1.0944e-05, 9.0653e+01): lin 7 (2.4e-06)
	 #3 (6.2023e-08, 1.6482e+00): lin 6 (8.1e-06)
-------------------------------------------------------------------------------------------------------------
 T = 46.465, DT = 10, NI = 3, LI = 19, RES = 1.3e-12 (2.3e-02), CFL=0.647 (ELAPSED 00:00:12 )
-------------------------------------------------------------------------------------------------------------
	 #1 (1.8202e-04, 2.6327e-02): lin 6 (5.8e-06)
	 #2 (1.1824e-05, 9.9702e+01): lin 7 (2.5e-06)
	 #3 (3.8854e-07, 7.9546e+00): lin 6 (4.7e-06)
	 #4 (6.7763e-11, 2.3138e-01): lin 6 (2.8e-06)
-------------------------------------------------------------------------------------------------------------
 T = 56.465, DT = 10, NI = 4, LI = 25, RES = 6.4e-13 (2.4e-03), CFL=0.592 (ELAPSED 00:00:13 )
-------------------------------------------------------------------------------------------------------------
	 #1 (1.7180e-04, 2.4325e-03): lin 7 (1.8e-06)
	 #2 (1.4710e-05, 2.6442e+01): lin 6 (6.6e-06)
	 #3 (5.0520e-08, 8.2739e+00): lin 5 (9.6e-06)
-------------------------------------------------------------------------------------------------------------
 T = 66.465, DT = 10, NI = 3, LI = 18, RES = 2.5e-12 (8.3e-03), CFL=0.604 (ELAPSED 00:00:13 )
-------------------------------------------------------------------------------------------------------------
	 #1 (1.4701e-04, 6.3734e-03): lin 6 (3.0e-06)
	 #2 (7.2232e-06, 4.7794e+01): lin 6 (5.2e-06)
	 #3 (6.1600e-08, 1.6962e+00): lin 5 (5.8e-06)
-------------------------------------------------------------------------------------------------------------
 T = 76.465, DT = 10, NI = 3, LI = 17, RES = 9.0e-12 (9.5e-03), CFL=0.502 (ELAPSED 00:00:14 )
-------------------------------------------------------------------------------------------------------------
	 #1 (1.4614e-04, 9.5049e-03): lin 5 (8.6e-06)
	 #2 (2.5832e-05, 9.4849e+01): lin 7 (1.6e-06)
	 #3 (1.7991e-06, 1.8613e-01): lin 5 (4.1e-06)
-------------------------------------------------------------------------------------------------------------
 T = 86.465, DT = 10, NI = 3, LI = 17, RES = 3.1e-08 (3.8e-02), CFL=0.526 (ELAPSED 00:00:15 )
-------------------------------------------------------------------------------------------------------------
	 #1 (1.4575e-04, 3.7969e-02): lin 5 (2.0e-06)
	 #2 (9.8418e-06, 3.1910e+01): lin 7 (2.9e-06)
	 #3 (6.6635e-08, 1.5730e-01): lin 5 (9.8e-06)
-------------------------------------------------------------------------------------------------------------
 T = 96.465, DT = 10, NI = 3, LI = 17, RES = 3.7e-12 (2.9e-03), CFL=0.530 (ELAPSED 00:00:16 )
-------------------------------------------------------------------------------------------------------------
	 #1 (1.4382e-04, 2.6575e-03): lin 5 (9.6e-06)
	 #2 (5.9938e-06, 1.1061e+02): lin 7 (1.7e-06)
-------------------------------------------------------------------------------------------------------------
 T = 106.465, DT = 10, NI = 2, LI = 12, RES = 3.7e-08 (8.5e-02), CFL=0.541 (ELAPSED 00:00:17 )
-------------------------------------------------------------------------------------------------------------
	 #1 (1.4112e-04, 8.4561e-02): lin 6 (2.6e-06)
	 #2 (2.5417e-06, 1.3210e+01): lin 6 (5.0e-06)
	 #3 (6.3423e-09, 4.6984e-01): lin 6 (8.3e-06)
-------------------------------------------------------------------------------------------------------------
 T = 116.465, DT = 10, NI = 3, LI = 18, RES = 6.4e-13 (2.1e-03), CFL=0.562 (ELAPSED 00:00:18 )
-------------------------------------------------------------------------------------------------------------
	 #1 (1.3962e-04, 2.4668e-03): lin 6 (2.5e-06)
	 #2 (3.3486e-06, 1.0329e+01): lin 6 (6.5e-06)
	 #3 (3.1207e-08, 2.2377e+00): lin 6 (2.4e-06)
-------------------------------------------------------------------------------------------------------------
 T = 126.465, DT = 10, NI = 3, LI = 18, RES = 3.4e-12 (2.0e-03), CFL=0.573 (ELAPSED 00:00:19 )
-------------------------------------------------------------------------------------------------------------
	 #1 (1.3918e-04, 2.4270e-03): lin 5 (9.6e-06)
	 #2 (4.8787e-06, 7.5562e+01): lin 6 (4.7e-06)
	 #3 (1.7687e-08, 1.1244e+00): lin 4 (8.8e-06)
-------------------------------------------------------------------------------------------------------------
 T = 136.465, DT = 10, NI = 3, LI = 15, RES = 1.1e-12 (4.6e-03), CFL=0.578 (ELAPSED 00:00:19 )
-------------------------------------------------------------------------------------------------------------
	 #1 (1.3963e-04, 4.9145e-03): lin 5 (3.7e-06)
	 #2 (2.7760e-06, 2.2202e+01): lin 6 (2.6e-06)
	 #3 (2.3229e-08, 1.5753e-01): lin 5 (4.9e-06)
-------------------------------------------------------------------------------------------------------------
 T = 146.465, DT = 10, NI = 3, LI = 16, RES = 2.2e-12 (1.2e-03), CFL=0.578 (ELAPSED 00:00:21 )
-------------------------------------------------------------------------------------------------------------
	 #1 (1.4143e-04, 1.1326e-03): lin 5 (5.2e-06)
	 #2 (2.5108e-06, 2.7862e+01): lin 6 (4.3e-06)
	 #3 (1.5743e-08, 7.5102e-01): lin 6 (1.9e-06)
-------------------------------------------------------------------------------------------------------------
 T = 156.465, DT = 10, NI = 3, LI = 17, RES = 6.7e-13 (8.4e-04), CFL=0.575 (ELAPSED 00:00:22 )
-------------------------------------------------------------------------------------------------------------
	 #1 (1.4337e-04, 7.4670e-04): lin 5 (4.8e-06)
	 #2 (4.1763e-06, 2.8719e+01): lin 6 (7.5e-06)
	 #3 (3.6419e-08, 7.5914e-01): lin 6 (3.0e-06)
-------------------------------------------------------------------------------------------------------------
 T = 166.465, DT = 10, NI = 3, LI = 17, RES = 1.2e-12 (1.3e-03), CFL=0.573 (ELAPSED 00:00:23 )
-------------------------------------------------------------------------------------------------------------
	 #1 (1.4405e-04, 1.4366e-03): lin 6 (2.3e-06)
	 #2 (6.7252e-06, 1.3530e+01): lin 7 (5.5e-06)
	 #3 (1.8392e-07, 2.2212e-01): lin 7 (1.8e-06)
-------------------------------------------------------------------------------------------------------------
 T = 176.465, DT = 10, NI = 3, LI = 20, RES = 2.7e-11 (1.0e-03), CFL=0.590 (ELAPSED 00:00:24 )
-------------------------------------------------------------------------------------------------------------
	 #1 (1.4369e-04, 1.0190e-03): lin 7 (1.7e-06)
	 #2 (6.5885e-06, 2.3790e+00): lin 7 (4.6e-06)
	 #3 (3.4845e-08, 2.1625e-01): lin 6 (8.7e-06)
-------------------------------------------------------------------------------------------------------------
 T = 186.465, DT = 10, NI = 3, LI = 20, RES = 3.1e-12 (2.2e-03), CFL=0.625 (ELAPSED 00:00:25 )
-------------------------------------------------------------------------------------------------------------
	 #1 (1.4369e-04, 2.0361e-03): lin 6 (6.8e-06)
	 #2 (4.3563e-06, 7.2762e+00): lin 6 (6.5e-06)
	 #3 (8.0862e-09, 9.5902e-01): lin 5 (2.1e-06)
-------------------------------------------------------------------------------------------------------------
 T = 196.465, DT = 10, NI = 3, LI = 17, RES = 1.1e-11 (8.3e-04), CFL=0.653 (ELAPSED 00:00:26 )
-------------------------------------------------------------------------------------------------------------
	 #1 (1.4502e-04, 7.7226e-04): lin 6 (2.1e-06)
	 #2 (4.2392e-06, 1.2110e+01): lin 6 (4.9e-06)
	 #3 (1.9132e-08, 5.2059e-01): lin 6 (2.0e-06)
-------------------------------------------------------------------------------------------------------------
 T = 206.465, DT = 10, NI = 3, LI = 18, RES = 7.7e-13 (7.9e-04), CFL=0.668 (ELAPSED 00:00:27 )
-------------------------------------------------------------------------------------------------------------
	 #1 (1.4662e-04, 7.8815e-04): lin 5 (8.5e-06)
	 #2 (3.8514e-06, 3.7870e+01): lin 7 (2.2e-06)
-------------------------------------------------------------------------------------------------------------
 T = 216.465, DT = 10, NI = 2, LI = 12, RES = 2.8e-08 (3.4e-02), CFL=0.676 (ELAPSED 00:00:28 )
-------------------------------------------------------------------------------------------------------------
	 #1 (1.4851e-04, 3.4311e-02): lin 5 (8.7e-06)
	 #2 (3.6364e-06, 1.6186e+01): lin 6 (4.0e-06)
	 #3 (6.2503e-08, 1.9828e-01): lin 4 (2.5e-06)
-------------------------------------------------------------------------------------------------------------
 T = 226.465, DT = 10, NI = 3, LI = 15, RES = 4.1e-12 (8.7e-04), CFL=0.681 (ELAPSED 00:00:29 )
-------------------------------------------------------------------------------------------------------------
	 #1 (1.4982e-04, 8.7178e-04): lin 5 (8.0e-06)
	 #2 (4.2080e-06, 1.6638e+01): lin 6 (3.8e-06)
	 #3 (7.0798e-08, 1.9371e-01): lin 6 (3.3e-06)
-------------------------------------------------------------------------------------------------------------
 T = 236.465, DT = 10, NI = 3, LI = 17, RES = 4.8e-12 (1.3e-03), CFL=0.683 (ELAPSED 00:00:30 )
-------------------------------------------------------------------------------------------------------------
	 #1 (1.5103e-04, 1.3512e-03): lin 5 (9.0e-06)
	 #2 (4.6157e-06, 2.9533e+01): lin 6 (3.9e-06)
	 #3 (1.2103e-08, 1.7209e-01): lin 4 (6.5e-06)
-------------------------------------------------------------------------------------------------------------
 T = 246.465, DT = 10, NI = 3, LI = 15, RES = 6.9e-13 (8.7e-04), CFL=0.682 (ELAPSED 00:00:31 )
-------------------------------------------------------------------------------------------------------------
	 #1 (1.5183e-04, 8.5623e-04): lin 5 (5.8e-06)
	 #2 (3.8324e-06, 1.5354e+01): lin 6 (3.3e-06)
-------------------------------------------------------------------------------------------------------------
 T = 256.465, DT = 10, NI = 2, LI = 11, RES = 2.6e-08 (7.0e-02), CFL=0.678 (ELAPSED 00:00:32 )
-------------------------------------------------------------------------------------------------------------
	 #1 (1.5204e-04, 6.9640e-02): lin 4 (6.3e-06)
	 #2 (2.8440e-06, 1.9557e+01): lin 6 (6.1e-06)
	 #3 (2.4645e-08, 1.3923e-01): lin 6 (1.7e-06)
-------------------------------------------------------------------------------------------------------------
 T = 266.465, DT = 10, NI = 3, LI = 16, RES = 1.0e-12 (5.4e-04), CFL=0.670 (ELAPSED 00:00:33 )
-------------------------------------------------------------------------------------------------------------
	 #1 (1.5122e-04, 5.3832e-04): lin 5 (3.5e-06)
	 #2 (2.1650e-06, 1.4426e+01): lin 6 (8.4e-06)
	 #3 (7.0485e-09, 1.2850e-01): lin 5 (5.8e-06)
-------------------------------------------------------------------------------------------------------------
 T = 276.465, DT = 10, NI = 3, LI = 16, RES = 6.4e-13 (4.8e-04), CFL=0.658 (ELAPSED 00:00:34 )
-------------------------------------------------------------------------------------------------------------
	 #1 (1.4962e-04, 4.8853e-04): lin 5 (5.9e-06)
	 #2 (1.8455e-06, 1.4957e+01): lin 6 (5.4e-06)
-------------------------------------------------------------------------------------------------------------
 T = 286.465, DT = 10, NI = 2, LI = 11, RES = 2.9e-09 (7.8e-02), CFL=0.643 (ELAPSED 00:00:35 )
-------------------------------------------------------------------------------------------------------------
	 #1 (1.4753e-04, 7.7747e-02): lin 5 (6.0e-06)
	 #2 (1.9266e-06, 6.2236e+00): lin 6 (4.4e-06)
-------------------------------------------------------------------------------------------------------------
 T = 296.465, DT = 10, NI = 2, LI = 11, RES = 4.7e-09 (3.4e-02), CFL=0.625 (ELAPSED 00:00:36 )
-------------------------------------------------------------------------------------------------------------
	 #1 (1.4522e-04, 3.4375e-02): lin 5 (8.4e-06)
	 #2 (1.7016e-06, 1.2642e+01): lin 6 (3.3e-06)
-------------------------------------------------------------------------------------------------------------
 T = 306.465, DT = 10, NI = 2, LI = 11, RES = 4.2e-09 (4.7e-02), CFL=0.607 (ELAPSED 00:00:37 )
-------------------------------------------------------------------------------------------------------------
	 #1 (1.4285e-04, 4.6720e-02): lin 5 (9.7e-06)
	 #2 (1.8983e-06, 1.1342e+01): lin 6 (8.1e-06)
-------------------------------------------------------------------------------------------------------------
 T = 316.465, DT = 10, NI = 2, LI = 11, RES = 2.8e-09 (7.7e-02), CFL=0.589 (ELAPSED 00:00:38 )
-------------------------------------------------------------------------------------------------------------
	 #1 (1.4056e-04, 7.7083e-02): lin 6 (1.9e-06)
	 #2 (2.5643e-06, 2.1306e+00): lin 6 (3.3e-06)
-------------------------------------------------------------------------------------------------------------
 T = 326.465, DT = 10, NI = 2, LI = 12, RES = 3.8e-09 (2.1e-02), CFL=0.571 (ELAPSED 00:00:39 )
-------------------------------------------------------------------------------------------------------------
	 #1 (1.3849e-04, 2.0776e-02): lin 5 (3.7e-06)
	 #2 (3.3927e-06, 7.0615e+00): lin 6 (4.9e-06)
-------------------------------------------------------------------------------------------------------------
 T = 336.465, DT = 10, NI = 2, LI = 11, RES = 2.2e-08 (4.4e-02), CFL=0.555 (ELAPSED 00:00:40 )
-------------------------------------------------------------------------------------------------------------
	 #1 (1.3677e-04, 4.3902e-02): lin 5 (1.9e-06)
	 #2 (3.1581e-06, 4.1763e+00): lin 6 (3.7e-06)
-------------------------------------------------------------------------------------------------------------
 T = 346.465, DT = 10, NI = 2, LI = 11, RES = 8.2e-09 (9.0e-02), CFL=0.540 (ELAPSED 00:00:41 )
-------------------------------------------------------------------------------------------------------------
	 #1 (1.3535e-04, 8.9699e-02): lin 5 (4.8e-06)
	 #2 (2.8980e-06, 7.9854e+00): lin 7 (1.5e-06)
-------------------------------------------------------------------------------------------------------------
 T = 356.465, DT = 10, NI = 2, LI = 12, RES = 2.5e-08 (2.0e-02), CFL=0.526 (ELAPSED 00:00:42 )
-------------------------------------------------------------------------------------------------------------
	 #1 (1.1454e-04, 1.6993e-02): lin 5 (8.7e-06)
	 #2 (1.9335e-06, 4.2205e+00): lin 7 (4.0e-06)
-------------------------------------------------------------------------------------------------------------
 T = 365, DT = 8.53502, NI = 2, LI = 12, RES = 4.9e-08 (1.8e-02), CFL=0.440 (ELAPSED 00:00:43 )
-------------------------------------------------------------------------------------------------------------
	 #1 (1.3339e-04, 2.0904e-02): lin 6 (2.7e-06)
	 #2 (6.4941e-06, 1.9690e+00): lin 6 (4.6e-06)
-------------------------------------------------------------------------------------------------------------
 T = 375, DT = 10, NI = 2, LI = 12, RES = 5.9e-08 (2.8e-02), CFL=0.505 (ELAPSED 00:00:44 )
-------------------------------------------------------------------------------------------------------------
	 #1 (1.3251e-04, 2.7757e-02): lin 5 (6.1e-06)
	 #2 (3.7637e-06, 1.0424e+01): lin 7 (2.3e-06)
-------------------------------------------------------------------------------------------------------------
 T = 385, DT = 10, NI = 2, LI = 12, RES = 1.7e-08 (3.7e-02), CFL=0.498 (ELAPSED 00:00:45 )
-------------------------------------------------------------------------------------------------------------
	 #1 (1.3181e-04, 3.6513e-02): lin 6 (2.1e-06)
	 #2 (4.1128e-06, 2.0544e+00): lin 6 (7.1e-06)
-------------------------------------------------------------------------------------------------------------
 T = 395, DT = 10, NI = 2, LI = 12, RES = 1.0e-07 (6.1e-02), CFL=0.498 (ELAPSED 00:00:46 )
-------------------------------------------------------------------------------------------------------------
	 #1 (1.3164e-04, 6.0767e-02): lin 5 (5.7e-06)
	 #2 (3.4332e-06, 7.1628e+00): lin 6 (5.1e-06)
-------------------------------------------------------------------------------------------------------------
 T = 405, DT = 10, NI = 2, LI = 11, RES = 2.3e-08 (5.9e-02), CFL=0.498 (ELAPSED 00:00:47 )
-------------------------------------------------------------------------------------------------------------
	 #1 (1.3157e-04, 5.8612e-02): lin 5 (4.9e-06)
	 #2 (2.6913e-06, 8.3443e+00): lin 6 (5.3e-06)
-------------------------------------------------------------------------------------------------------------
 T = 415, DT = 10, NI = 2, LI = 11, RES = 8.0e-08 (3.1e-02), CFL=0.495 (ELAPSED 00:00:48 )
-------------------------------------------------------------------------------------------------------------
	 #1 (1.3120e-04, 3.1130e-02): lin 5 (4.7e-06)
	 #2 (3.2305e-06, 7.8868e+00): lin 7 (3.7e-06)
-------------------------------------------------------------------------------------------------------------
 T = 425, DT = 10, NI = 2, LI = 12, RES = 6.4e-08 (1.5e-02), CFL=0.493 (ELAPSED 00:00:49 )
-------------------------------------------------------------------------------------------------------------
	 #1 (1.3105e-04, 1.5350e-02): lin 6 (4.5e-06)
	 #2 (6.4925e-06, 7.9829e-01): lin 7 (2.1e-06)
-------------------------------------------------------------------------------------------------------------
 T = 435, DT = 10, NI = 2, LI = 13, RES = 3.6e-08 (6.1e-03), CFL=0.488 (ELAPSED 00:00:50 )
-------------------------------------------------------------------------------------------------------------
	 #1 (1.3064e-04, 6.0702e-03): lin 5 (8.7e-06)
	 #2 (2.6727e-06, 2.4737e+00): lin 6 (7.3e-06)
-------------------------------------------------------------------------------------------------------------
 T = 445, DT = 10, NI = 2, LI = 11, RES = 4.3e-08 (1.2e-02), CFL=0.481 (ELAPSED 00:00:51 )
-------------------------------------------------------------------------------------------------------------
	 #1 (1.3022e-04, 1.2246e-02): lin 5 (8.5e-06)
	 #2 (2.7742e-06, 2.1064e+00): lin 6 (8.1e-06)
-------------------------------------------------------------------------------------------------------------
 T = 455, DT = 10, NI = 2, LI = 11, RES = 6.8e-09 (1.9e-02), CFL=0.476 (ELAPSED 00:00:53 )
-------------------------------------------------------------------------------------------------------------
	 #1 (1.2986e-04, 1.8964e-02): lin 6 (1.8e-06)
	 #2 (2.4068e-06, 2.7498e-01): lin 6 (5.6e-06)
-------------------------------------------------------------------------------------------------------------
 T = 465, DT = 10, NI = 2, LI = 12, RES = 5.2e-08 (4.4e-03), CFL=0.469 (ELAPSED 00:00:54 )
-------------------------------------------------------------------------------------------------------------
	 #1 (1.2947e-04, 4.3837e-03): lin 5 (7.8e-06)
	 #2 (4.1210e-06, 8.4505e-01): lin 7 (2.3e-06)
-------------------------------------------------------------------------------------------------------------
 T = 475, DT = 10, NI = 2, LI = 12, RES = 1.3e-08 (5.5e-03), CFL=0.462 (ELAPSED 00:00:55 )
-------------------------------------------------------------------------------------------------------------
	 #1 (1.2900e-04, 5.4684e-03): lin 6 (3.2e-06)
	 #2 (2.5502e-06, 2.9559e-01): lin 6 (7.0e-06)
-------------------------------------------------------------------------------------------------------------
 T = 485, DT = 10, NI = 2, LI = 12, RES = 6.4e-09 (5.5e-03), CFL=0.455 (ELAPSED 00:00:56 )
-------------------------------------------------------------------------------------------------------------
	 #1 (1.2843e-04, 5.4792e-03): lin 5 (7.5e-06)
	 #2 (2.6133e-06, 1.4528e+00): lin 7 (2.5e-06)
-------------------------------------------------------------------------------------------------------------
 T = 495, DT = 10, NI = 2, LI = 12, RES = 6.8e-09 (7.3e-03), CFL=0.447 (ELAPSED 00:00:57 )
-------------------------------------------------------------------------------------------------------------
	 #1 (1.2766e-04, 7.3385e-03): lin 6 (2.3e-06)
	 #2 (2.1038e-06, 3.8325e-01): lin 7 (1.3e-06)
-------------------------------------------------------------------------------------------------------------
 T = 505, DT = 10, NI = 2, LI = 13, RES = 9.2e-09 (6.0e-04), CFL=0.438 (ELAPSED 00:00:58 )
-------------------------------------------------------------------------------------------------------------
	 #1 (1.2669e-04, 5.9648e-04): lin 6 (2.2e-06)
	 #2 (2.4825e-06, 3.0971e-01): lin 7 (1.5e-06)
-------------------------------------------------------------------------------------------------------------
 T = 515, DT = 10, NI = 2, LI = 13, RES = 6.8e-09 (1.4e-03), CFL=0.429 (ELAPSED 00:01:00 )
-------------------------------------------------------------------------------------------------------------
	 #1 (1.2555e-04, 1.4292e-03): lin 5 (8.4e-06)
	 #2 (2.3585e-06, 2.2619e+00): lin 7 (2.8e-06)
-------------------------------------------------------------------------------------------------------------
 T = 525, DT = 10, NI = 2, LI = 12, RES = 3.6e-09 (4.8e-03), CFL=0.419 (ELAPSED 00:01:01 )
-------------------------------------------------------------------------------------------------------------
	 #1 (1.2422e-04, 4.7997e-03): lin 5 (8.7e-06)
	 #2 (6.2490e-06, 3.5083e+00): lin 7 (1.6e-06)
-------------------------------------------------------------------------------------------------------------
 T = 535, DT = 10, NI = 2, LI = 12, RES = 3.6e-08 (3.0e-03), CFL=0.408 (ELAPSED 00:01:02 )
-------------------------------------------------------------------------------------------------------------
	 #1 (1.2274e-04, 2.9695e-03): lin 5 (7.7e-06)
	 #2 (2.0570e-06, 4.2352e+00): lin 6 (6.6e-06)
-------------------------------------------------------------------------------------------------------------
 T = 545, DT = 10, NI = 2, LI = 11, RES = 2.5e-08 (2.5e-02), CFL=0.397 (ELAPSED 00:01:03 )
-------------------------------------------------------------------------------------------------------------
	 #1 (1.2123e-04, 2.5253e-02): lin 5 (8.0e-06)
	 #2 (3.9670e-06, 3.7612e+00): lin 7 (1.9e-06)
-------------------------------------------------------------------------------------------------------------
 T = 555, DT = 10, NI = 2, LI = 12, RES = 1.7e-08 (4.0e-03), CFL=0.386 (ELAPSED 00:01:04 )
-------------------------------------------------------------------------------------------------------------
	 #1 (1.1974e-04, 4.0595e-03): lin 5 (4.3e-06)
	 #2 (1.8671e-06, 1.6614e+00): lin 6 (6.4e-06)
-------------------------------------------------------------------------------------------------------------
 T = 565, DT = 10, NI = 2, LI = 11, RES = 2.6e-09 (2.6e-02), CFL=0.375 (ELAPSED 00:01:05 )
-------------------------------------------------------------------------------------------------------------
	 #1 (1.1826e-04, 2.5539e-02): lin 5 (5.0e-06)
	 #2 (2.1505e-06, 2.7403e+00): lin 7 (1.8e-06)
-------------------------------------------------------------------------------------------------------------
 T = 575, DT = 10, NI = 2, LI = 12, RES = 3.6e-09 (2.4e-03), CFL=0.363 (ELAPSED 00:01:06 )
-------------------------------------------------------------------------------------------------------------
	 #1 (1.1679e-04, 2.4583e-03): lin 6 (1.8e-06)
	 #2 (1.7704e-06, 1.8514e-01): lin 7 (1.5e-06)
-------------------------------------------------------------------------------------------------------------
 T = 585, DT = 10, NI = 2, LI = 13, RES = 5.1e-09 (8.2e-04), CFL=0.352 (ELAPSED 00:01:07 )
-------------------------------------------------------------------------------------------------------------
	 #1 (1.1532e-04, 8.2875e-04): lin 5 (5.4e-06)
	 #2 (2.1557e-06, 1.8359e+00): lin 7 (1.9e-06)
-------------------------------------------------------------------------------------------------------------
 T = 595, DT = 10, NI = 2, LI = 12, RES = 3.2e-09 (2.7e-03), CFL=0.352 (ELAPSED 00:01:08 )
-------------------------------------------------------------------------------------------------------------
	 #1 (1.1386e-04, 2.7029e-03): lin 6 (1.8e-06)
	 #2 (3.7837e-06, 1.8810e-01): lin 6 (9.0e-06)
-------------------------------------------------------------------------------------------------------------
 T = 605, DT = 10, NI = 2, LI = 12, RES = 1.5e-08 (5.5e-03), CFL=0.367 (ELAPSED 00:01:09 )
-------------------------------------------------------------------------------------------------------------
	 #1 (1.1247e-04, 5.4837e-03): lin 5 (4.7e-06)
	 #2 (2.4582e-06, 8.5721e-01): lin 7 (4.4e-06)
-------------------------------------------------------------------------------------------------------------
 T = 615, DT = 10, NI = 2, LI = 12, RES = 1.5e-07 (1.7e-02), CFL=0.350 (ELAPSED 00:01:10 )
-------------------------------------------------------------------------------------------------------------
	 #1 (1.1122e-04, 1.6766e-02): lin 6 (4.8e-06)
	 #2 (1.0537e-05, 1.9436e+00): lin 7 (6.8e-06)
-------------------------------------------------------------------------------------------------------------
 T = 625, DT = 10, NI = 2, LI = 13, RES = 8.4e-08 (3.2e-02), CFL=0.338 (ELAPSED 00:01:11 )
-------------------------------------------------------------------------------------------------------------
	 #1 (1.1003e-04, 3.1497e-02): lin 6 (2.0e-06)
	 #2 (4.8975e-06, 2.8207e-01): lin 7 (1.7e-06)
-------------------------------------------------------------------------------------------------------------
 T = 635, DT = 10, NI = 2, LI = 13, RES = 2.9e-08 (1.6e-03), CFL=0.336 (ELAPSED 00:01:13 )
-------------------------------------------------------------------------------------------------------------
	 #1 (1.0905e-04, 1.5819e-03): lin 6 (5.2e-06)
	 #2 (2.3565e-06, 2.3138e-01): lin 7 (6.1e-06)
-------------------------------------------------------------------------------------------------------------
 T = 645, DT = 10, NI = 2, LI = 13, RES = 3.2e-09 (6.6e-03), CFL=0.333 (ELAPSED 00:01:14 )
-------------------------------------------------------------------------------------------------------------
	 #1 (1.0822e-04, 6.5705e-03): lin 6 (4.3e-06)
	 #2 (8.2353e-06, 4.5414e-01): lin 7 (4.6e-06)
-------------------------------------------------------------------------------------------------------------
 T = 655, DT = 10, NI = 2, LI = 13, RES = 2.2e-08 (3.2e-02), CFL=0.332 (ELAPSED 00:01:15 )
-------------------------------------------------------------------------------------------------------------
	 #1 (1.0742e-04, 3.1689e-02): lin 6 (9.4e-06)
	 #2 (2.5133e-06, 1.5241e+00): lin 7 (2.3e-06)
-------------------------------------------------------------------------------------------------------------
 T = 665, DT = 10, NI = 2, LI = 13, RES = 8.2e-08 (5.4e-03), CFL=0.328 (ELAPSED 00:01:16 )
-------------------------------------------------------------------------------------------------------------
	 #1 (1.0676e-04, 5.4284e-03): lin 6 (2.6e-06)
-------------------------------------------------------------------------------------------------------------
 T = 675, DT = 10, NI = 1, LI = 6, RES = 2.3e-06 (8.6e-02), CFL=0.326 (ELAPSED 00:01:17 )
-------------------------------------------------------------------------------------------------------------
	 #1 (1.0630e-04, 8.5948e-02): lin 5 (4.4e-06)
	 #2 (2.1971e-06, 1.3759e+00): lin 6 (3.4e-06)
-------------------------------------------------------------------------------------------------------------
 T = 685, DT = 10, NI = 2, LI = 11, RES = 6.2e-08 (2.8e-03), CFL=0.323 (ELAPSED 00:01:18 )
-------------------------------------------------------------------------------------------------------------
	 #1 (1.0601e-04, 2.8198e-03): lin 5 (4.4e-06)
	 #2 (2.5567e-05, 1.7245e+00): lin 7 (1.6e-06)
-------------------------------------------------------------------------------------------------------------
 T = 695, DT = 10, NI = 2, LI = 12, RES = 1.2e-07 (1.5e-03), CFL=0.320 (ELAPSED 00:01:19 )
-------------------------------------------------------------------------------------------------------------
	 #1 (1.0585e-04, 1.5325e-03): lin 5 (8.1e-06)
	 #2 (2.6078e-06, 2.3854e+00): lin 6 (5.9e-06)
-------------------------------------------------------------------------------------------------------------
 T = 705, DT = 10, NI = 2, LI = 11, RES = 5.0e-09 (2.8e-02), CFL=0.353 (ELAPSED 00:01:21 )
-------------------------------------------------------------------------------------------------------------
	 #1 (1.0569e-04, 2.7653e-02): lin 5 (7.0e-06)
	 #2 (3.4063e-06, 1.7523e+00): lin 6 (3.6e-06)
-------------------------------------------------------------------------------------------------------------
 T = 715, DT = 10, NI = 2, LI = 11, RES = 1.1e-08 (3.6e-03), CFL=0.386 (ELAPSED 00:01:22 )
-------------------------------------------------------------------------------------------------------------
	 #1 (1.0552e-04, 3.6396e-03): lin 5 (3.9e-06)
	 #2 (2.6351e-06, 1.1163e+00): lin 7 (2.7e-06)
-------------------------------------------------------------------------------------------------------------
 T = 725, DT = 10, NI = 2, LI = 12, RES = 7.5e-09 (1.2e-03), CFL=0.373 (ELAPSED 00:01:23 )
-------------------------------------------------------------------------------------------------------------
	 #1 (5.2701e-05, 6.2555e-04): lin 5 (9.4e-06)
	 #2 (9.2703e-07, 2.9926e+00): lin 7 (1.8e-06)
-------------------------------------------------------------------------------------------------------------
 T = 730, DT = 5, NI = 2, LI = 12, RES = 3.4e-08 (2.1e-04), CFL=0.182 (ELAPSED 00:01:24 )
-------------------------------------------------------------------------------------------------------------
