well_head_depth_pressure =  175.96349999999998
The string 'wbhp' is found as control!
Walltime = 0.0 Simulated time = 0.0
# 1 	T = 1e-05	DT = 1e-05	NI = 8	LI=16	DT_MULT=1.3	dX=[0.008 0.    0.   ]
Walltime = 2.3407323360443115 Simulated time = 1e-05
# 2 	T = 2.3e-05	DT = 1.3e-05	NI = 1	LI=2	DT_MULT=1.3	dX=[0.011 0.    0.   ]
Walltime = 2.583709716796875 Simulated time = 2.3000000000000003e-05
# 3 	T = 3.99e-05	DT = 1.69e-05	NI = 1	LI=2	DT_MULT=1.3	dX=[0.014 0.    0.   ]
Walltime = 2.8041155338287354 Simulated time = 3.990000000000001e-05
# 4 	T = 6.187e-05	DT = 2.197e-05	NI = 1	LI=2	DT_MULT=1.3	dX=[0.018 0.    0.   ]
Walltime = 3.1793248653411865 Simulated time = 6.187e-05
# 5 	T = 9.0431e-05	DT = 2.8561e-05	NI = 1	LI=2	DT_MULT=1.3	dX=[0.023 0.    0.   ]
Walltime = 3.4210102558135986 Simulated time = 9.0431e-05
# 6 	T = 0.00012756	DT = 3.71293e-05	NI = 1	LI=2	DT_MULT=1.3	dX=[0.029 0.    0.   ]
Walltime = 3.5430798530578613 Simulated time = 0.0001275603
# 7 	T = 0.000175828	DT = 4.82681e-05	NI = 2	LI=4	DT_MULT=1.3	dX=[0.038 0.    0.   ]
Walltime = 3.6765193939208984 Simulated time = 0.00017582839
# 8 	T = 0.000238577	DT = 6.27485e-05	NI = 2	LI=4	DT_MULT=1.3	dX=[0.048 0.    0.   ]
Walltime = 3.8555679321289062 Simulated time = 0.000238576907
# 9 	T = 0.00032015	DT = 8.15731e-05	NI = 2	LI=4	DT_MULT=1.3	dX=[0.062 0.    0.   ]
Walltime = 4.006565809249878 Simulated time = 0.0003201499791
# 10 	T = 0.000426195	DT = 0.000106045	NI = 2	LI=4	DT_MULT=1.3	dX=[0.079 0.    0.   ]
Walltime = 4.1554412841796875 Simulated time = 0.00042619497283
# 11 	T = 0.000564053	DT = 0.000137858	NI = 2	LI=4	DT_MULT=1.3	dX=[0.1 0.  0. ]
Walltime = 4.287115573883057 Simulated time = 0.000564053464679
# 12 	T = 0.00074327	DT = 0.000179216	NI = 2	LI=4	DT_MULT=1.3	dX=[0.125 0.    0.   ]
Walltime = 4.380613088607788 Simulated time = 0.0007432695040827001
# 13 	T = 0.00097625	DT = 0.000232981	NI = 2	LI=5	DT_MULT=1.3	dX=[0.155 0.    0.   ]
Walltime = 4.4850451946258545 Simulated time = 0.0009762503553075102
# 14 	T = 0.00127913	DT = 0.000302875	NI = 2	LI=6	DT_MULT=1.3	dX=[0.19 0.   0.  ]
Walltime = 4.61573338508606 Simulated time = 0.0012791254618997633
# 15 	T = 0.00167286	DT = 0.000393738	NI = 2	LI=4	DT_MULT=1.3	dX=[0.229 0.    0.   ]
Walltime = 4.707733631134033 Simulated time = 0.0016728631004696924
# 16 	T = 0.00218472	DT = 0.000511859	NI = 2	LI=7	DT_MULT=1.3	dX=[0.271 0.    0.   ]
Walltime = 4.841336727142334 Simulated time = 0.0021847220306106
# 17 	T = 0.00285014	DT = 0.000665417	NI = 1	LI=3	DT_MULT=1.3	dX=[0.312 0.    0.   ]
Walltime = 4.903418779373169 Simulated time = 0.0028501386397937803
# 18 	T = 0.00371518	DT = 0.000865042	NI = 1	LI=3	DT_MULT=1.3	dX=[0.348 0.    0.   ]
Walltime = 4.984497308731079 Simulated time = 0.0037151802317319147
# 19 	T = 0.00483973	DT = 0.00112455	NI = 1	LI=3	DT_MULT=1.3	dX=[0.374 0.    0.   ]
Walltime = 5.0508713722229 Simulated time = 0.004839734301251489
# 20 	T = 0.00630165	DT = 0.00146192	NI = 1	LI=3	DT_MULT=1.3	dX=[0.385 0.    0.   ]
Walltime = 5.116012096405029 Simulated time = 0.006301654591626936
# 21 	T = 0.00820215	DT = 0.0019005	NI = 1	LI=3	DT_MULT=1.3	dX=[0.376 0.    0.   ]
Walltime = 5.178494453430176 Simulated time = 0.008202150969115017
# 22 	T = 0.0106728	DT = 0.00247065	NI = 2	LI=8	DT_MULT=1.3	dX=[0.348 0.    0.001]
Walltime = 5.302619218826294 Simulated time = 0.010672796259849522
# 23 	T = 0.0138846	DT = 0.00321184	NI = 1	LI=4	DT_MULT=1.3	dX=[0.305 0.    0.001]
Walltime = 5.367693901062012 Simulated time = 0.013884635137804378
# 24 	T = 0.01806	DT = 0.00417539	NI = 1	LI=3	DT_MULT=1.3	dX=[0.254 0.    0.001]
Walltime = 5.446765184402466 Simulated time = 0.01806002567914569
# 25 	T = 0.023488	DT = 0.00542801	NI = 1	LI=3	DT_MULT=1.3	dX=[0.206 0.    0.001]
Walltime = 5.5156285762786865 Simulated time = 0.0234880333828894
# 26 	T = 0.0305444	DT = 0.00705641	NI = 1	LI=3	DT_MULT=1.3	dX=[0.194 0.    0.001]
Walltime = 5.578631639480591 Simulated time = 0.03054444339775622
# 27 	T = 0.0397178	DT = 0.00917333	NI = 2	LI=6	DT_MULT=1.3	dX=[0.196 0.    0.002]
Walltime = 5.693085432052612 Simulated time = 0.03971777641708309
# 28 	T = 0.0516431	DT = 0.0119253	NI = 2	LI=7	DT_MULT=1.3	dX=[0.194 0.    0.002]
Walltime = 5.798931837081909 Simulated time = 0.05164310934220802
# 29 	T = 0.067146	DT = 0.0155029	NI = 1	LI=4	DT_MULT=1.3	dX=[0.189 0.    0.003]
Walltime = 5.868618488311768 Simulated time = 0.06714604214487042
# 30 	T = 0.0872999	DT = 0.0201538	NI = 2	LI=8	DT_MULT=1.3	dX=[0.183 0.    0.004]
Walltime = 5.990945339202881 Simulated time = 0.08729985478833155
# 31 	T = 0.1135	DT = 0.0262	NI = 2	LI=8	DT_MULT=1.3	dX=[0.181 0.    0.004]
Walltime = 6.092618227005005 Simulated time = 0.11349981122483102
# 32 	T = 0.14756	DT = 0.0340599	NI = 2	LI=8	DT_MULT=1.3	dX=[0.175 0.    0.005]
Walltime = 6.24967622756958 Simulated time = 0.14755975459228032
# 33 	T = 0.191838	DT = 0.0442779	NI = 1	LI=5	DT_MULT=1.3	dX=[0.167 0.    0.006]
Walltime = 6.345743179321289 Simulated time = 0.19183768096996445
# 34 	T = 0.249399	DT = 0.0575613	NI = 2	LI=10	DT_MULT=1.3	dX=[0.156 0.    0.006]
Walltime = 6.468069076538086 Simulated time = 0.2493989852609538
# 35 	T = 0.324229	DT = 0.0748297	NI = 2	LI=8	DT_MULT=1.3	dX=[0.146 0.    0.007]
Walltime = 6.6072118282318115 Simulated time = 0.32422868083923995
# 36 	T = 0.421507	DT = 0.0972786	NI = 2	LI=9	DT_MULT=1.3	dX=[0.134 0.001 0.007]
Walltime = 6.758472204208374 Simulated time = 0.421507285091012
# 37 	T = 0.547969	DT = 0.126462	NI = 2	LI=9	DT_MULT=1.3	dX=[0.12  0.001 0.007]
Walltime = 6.927547931671143 Simulated time = 0.5479694706183156
# 38 	T = 0.71237	DT = 0.164401	NI = 2	LI=10	DT_MULT=1.3	dX=[0.102 0.001 0.009]
Walltime = 7.09594464302063 Simulated time = 0.7123703118038103
# 39 	T = 0.926091	DT = 0.213721	NI = 2	LI=10	DT_MULT=1.3	dX=[0.081 0.001 0.012]
Walltime = 7.283641815185547 Simulated time = 0.9260914053449534
# 40 	T = 1.20393	DT = 0.277837	NI = 2	LI=10	DT_MULT=1.3	dX=[0.059 0.002 0.015]
Walltime = 7.5089709758758545 Simulated time = 1.2039288269484394
# 41 	T = 1.56512	DT = 0.361189	NI = 2	LI=10	DT_MULT=1.3	dX=[0.038 0.002 0.019]
Walltime = 7.742968320846558 Simulated time = 1.5651174750329715
# 42 	T = 2.03466	DT = 0.469545	NI = 2	LI=8	DT_MULT=1.3	dX=[0.021 0.003 0.023]
Walltime = 7.985516786575317 Simulated time = 2.0346627175428633
# 43 	T = 2.64507	DT = 0.610409	NI = 3	LI=16	DT_MULT=1.3	dX=[0.014 0.003 0.029]
Walltime = 8.297047853469849 Simulated time = 2.6450715328057224
# 44 	T = 3.4386	DT = 0.793531	NI = 3	LI=16	DT_MULT=1.3	dX=[0.016 0.004 0.034]
Walltime = 8.603376865386963 Simulated time = 3.4386029926474393
# 45 	T = 4.47019	DT = 1.03159	NI = 3	LI=17	DT_MULT=1.3	dX=[0.701 0.005 0.057]
Walltime = 8.961301565170288 Simulated time = 4.470193890441671
# 46 	T = 5.81126	DT = 1.34107	NI = 3	LI=17	DT_MULT=1.3	dX=[0.821 0.004 0.081]
Walltime = 9.296555519104004 Simulated time = 5.811262057574172
# 47 	T = 7.55465	DT = 1.74339	NI = 3	LI=18	DT_MULT=1.3	dX=[0.034 0.005 0.104]
Walltime = 9.612370491027832 Simulated time = 7.554650674846425
# 48 	T = 9.82106	DT = 2.26641	NI = 3	LI=17	DT_MULT=1.3	dX=[0.061 0.007 0.132]
Walltime = 9.934561014175415 Simulated time = 9.821055877300353
# 49 	T = 12.7674	DT = 2.94633	NI = 3	LI=17	DT_MULT=1.3	dX=[0.083 0.009 0.168]
Walltime = 10.26766300201416 Simulated time = 12.76738264049046
# 50 	T = 16.5976	DT = 3.83022	NI = 3	LI=18	DT_MULT=1.3	dX=[0.074 0.012 0.226]
Walltime = 10.642443895339966 Simulated time = 16.5976074326376
# 51 	T = 21.5769	DT = 4.97929	NI = 3	LI=18	DT_MULT=1.3	dX=[0.129 0.016 0.321]
Walltime = 11.11261773109436 Simulated time = 21.57689966242888
# 52 	T = 28.05	DT = 6.47308	NI = 3	LI=18	DT_MULT=1.3	dX=[0.191 0.02  0.468]
Walltime = 11.684388399124146 Simulated time = 28.049979561157542
# 53 	T = 36.465	DT = 8.415	NI = 3	LI=19	DT_MULT=1.3	dX=[0.224 0.024 0.68 ]
Walltime = 12.289206504821777 Simulated time = 36.464983429504805
# 54 	T = 46.465	DT = 10	NI = 3	LI=19	DT_MULT=1.3	dX=[0.209 0.026 0.898]
Walltime = 12.977894306182861 Simulated time = 46.464983429504805
# 55 	T = 56.465	DT = 10	NI = 4	LI=25	DT_MULT=1.3	dX=[0.78  0.023 0.928]
Walltime = 13.88000750541687 Simulated time = 56.464983429504805
# 56 	T = 66.465	DT = 10	NI = 3	LI=18	DT_MULT=1.3	dX=[0.773 0.02  0.845]
Walltime = 14.737133741378784 Simulated time = 66.4649834295048
# 57 	T = 76.465	DT = 10	NI = 3	LI=17	DT_MULT=1.3	dX=[0.188 0.018 0.831]
Walltime = 15.565876722335815 Simulated time = 76.4649834295048
# 58 	T = 86.465	DT = 10	NI = 3	LI=17	DT_MULT=1.3	dX=[0.094 0.017 0.827]
Walltime = 16.394967794418335 Simulated time = 86.4649834295048
# 59 	T = 96.465	DT = 10	NI = 3	LI=17	DT_MULT=1.3	dX=[0.051 0.017 0.828]
Walltime = 17.255809545516968 Simulated time = 96.4649834295048
# 60 	T = 106.465	DT = 10	NI = 2	LI=12	DT_MULT=1.3	dX=[0.07  0.016 0.835]
Walltime = 18.09188675880432 Simulated time = 106.4649834295048
# 61 	T = 116.465	DT = 10	NI = 3	LI=18	DT_MULT=1.3	dX=[0.08  0.015 0.845]
Walltime = 18.987265825271606 Simulated time = 116.4649834295048
# 62 	T = 126.465	DT = 10	NI = 3	LI=18	DT_MULT=1.3	dX=[0.126 0.015 0.854]
Walltime = 19.95090651512146 Simulated time = 126.4649834295048
# 63 	T = 136.465	DT = 10	NI = 3	LI=15	DT_MULT=1.3	dX=[0.165 0.014 0.86 ]
Walltime = 20.89177441596985 Simulated time = 136.4649834295048
# 64 	T = 146.465	DT = 10	NI = 3	LI=16	DT_MULT=1.3	dX=[0.119 0.014 0.863]
Walltime = 21.991558074951172 Simulated time = 146.4649834295048
# 65 	T = 156.465	DT = 10	NI = 3	LI=17	DT_MULT=1.3	dX=[0.081 0.013 0.863]
Walltime = 23.018038988113403 Simulated time = 156.4649834295048
# 66 	T = 166.465	DT = 10	NI = 3	LI=17	DT_MULT=1.3	dX=[0.185 0.013 0.857]
Walltime = 24.07908606529236 Simulated time = 166.4649834295048
# 67 	T = 176.465	DT = 10	NI = 3	LI=20	DT_MULT=1.3	dX=[0.268 0.013 0.841]
Walltime = 25.13086462020874 Simulated time = 176.4649834295048
# 68 	T = 186.465	DT = 10	NI = 3	LI=20	DT_MULT=1.3	dX=[0.314 0.013 0.814]
Walltime = 26.20548987388611 Simulated time = 186.4649834295048
# 69 	T = 196.465	DT = 10	NI = 3	LI=17	DT_MULT=1.3	dX=[0.247 0.012 0.789]
Walltime = 27.239771604537964 Simulated time = 196.4649834295048
# 70 	T = 206.465	DT = 10	NI = 3	LI=18	DT_MULT=1.3	dX=[0.214 0.012 0.765]
Walltime = 28.29544234275818 Simulated time = 206.4649834295048
# 71 	T = 216.465	DT = 10	NI = 2	LI=12	DT_MULT=1.3	dX=[0.114 0.012 0.745]
Walltime = 29.30134654045105 Simulated time = 216.4649834295048
# 72 	T = 226.465	DT = 10	NI = 3	LI=15	DT_MULT=1.3	dX=[0.152 0.011 0.726]
Walltime = 30.371894121170044 Simulated time = 226.4649834295048
# 73 	T = 236.465	DT = 10	NI = 3	LI=17	DT_MULT=1.3	dX=[0.138 0.011 0.709]
Walltime = 31.417466402053833 Simulated time = 236.4649834295048
# 74 	T = 246.465	DT = 10	NI = 3	LI=15	DT_MULT=1.3	dX=[0.12  0.011 0.693]
Walltime = 32.48089528083801 Simulated time = 246.4649834295048
# 75 	T = 256.465	DT = 10	NI = 2	LI=11	DT_MULT=1.3	dX=[0.096 0.011 0.676]
Walltime = 33.49799180030823 Simulated time = 256.4649834295048
# 76 	T = 266.465	DT = 10	NI = 3	LI=16	DT_MULT=1.3	dX=[0.031 0.011 0.662]
Walltime = 34.56827187538147 Simulated time = 266.4649834295048
# 77 	T = 276.465	DT = 10	NI = 3	LI=16	DT_MULT=1.3	dX=[0.076 0.011 0.649]
Walltime = 35.665013551712036 Simulated time = 276.4649834295048
# 78 	T = 286.465	DT = 10	NI = 2	LI=11	DT_MULT=1.3	dX=[0.038 0.011 0.637]
Walltime = 36.68213200569153 Simulated time = 286.4649834295048
# 79 	T = 296.465	DT = 10	NI = 2	LI=11	DT_MULT=1.3	dX=[0.042 0.011 0.626]
Walltime = 37.69440245628357 Simulated time = 296.4649834295048
# 80 	T = 306.465	DT = 10	NI = 2	LI=11	DT_MULT=1.3	dX=[0.041 0.011 0.616]
Walltime = 38.74700665473938 Simulated time = 306.4649834295048
# 81 	T = 316.465	DT = 10	NI = 2	LI=11	DT_MULT=1.3	dX=[0.037 0.011 0.605]
Walltime = 39.78899526596069 Simulated time = 316.4649834295048
# 82 	T = 326.465	DT = 10	NI = 2	LI=12	DT_MULT=1.3	dX=[0.113 0.011 0.594]
Walltime = 40.82183003425598 Simulated time = 326.4649834295048
# 83 	T = 336.465	DT = 10	NI = 2	LI=11	DT_MULT=1.3	dX=[0.14  0.011 0.583]
Walltime = 41.849156618118286 Simulated time = 336.4649834295048
# 84 	T = 346.465	DT = 10	NI = 2	LI=11	DT_MULT=1.3	dX=[0.125 0.011 0.571]
Walltime = 42.8874671459198 Simulated time = 346.4649834295048
# 85 	T = 356.465	DT = 10	NI = 2	LI=12	DT_MULT=1.3	dX=[0.125 0.011 0.56 ]
Walltime = 43.93327307701111 Simulated time = 356.4649834295048
# 86 	T = 365	DT = 8.53502	NI = 2	LI=12	DT_MULT=1.3	dX=[0.076 0.009 0.469]
TS = 86(0), NI = 195(0), LI = 934(0)
well_head_depth_pressure =  175.96349999999998
The string 'wbhp' is found as control!
Walltime = 0.0 Simulated time = 365.0
# 1 	T = 375	DT = 10	NI = 2	LI=12	DT_MULT=1.3	dX=[0.122 0.011 0.537]
Walltime = 1.0594756603240967 Simulated time = 375.0
# 2 	T = 385	DT = 10	NI = 2	LI=12	DT_MULT=1.3	dX=[0.122 0.011 0.524]
Walltime = 2.122586488723755 Simulated time = 385.0
# 3 	T = 395	DT = 10	NI = 2	LI=12	DT_MULT=1.3	dX=[0.138 0.011 0.51 ]
Walltime = 3.1678991317749023 Simulated time = 395.0
# 4 	T = 405	DT = 10	NI = 2	LI=11	DT_MULT=1.3	dX=[0.128 0.011 0.496]
Walltime = 4.19812798500061 Simulated time = 405.0
# 5 	T = 415	DT = 10	NI = 2	LI=11	DT_MULT=1.3	dX=[0.091 0.011 0.482]
Walltime = 5.2122602462768555 Simulated time = 415.0
# 6 	T = 425	DT = 10	NI = 2	LI=12	DT_MULT=1.3	dX=[0.112 0.011 0.469]
Walltime = 6.269761085510254 Simulated time = 425.0
# 7 	T = 435	DT = 10	NI = 2	LI=13	DT_MULT=1.3	dX=[0.138 0.012 0.457]
Walltime = 7.2418084144592285 Simulated time = 435.0
# 8 	T = 445	DT = 10	NI = 2	LI=11	DT_MULT=1.3	dX=[0.072 0.012 0.445]
Walltime = 8.404391527175903 Simulated time = 445.0
# 9 	T = 455	DT = 10	NI = 2	LI=11	DT_MULT=1.3	dX=[0.13  0.012 0.434]
Walltime = 10.097829103469849 Simulated time = 455.0
# 10 	T = 465	DT = 10	NI = 2	LI=12	DT_MULT=1.3	dX=[0.086 0.012 0.423]
Walltime = 11.266283988952637 Simulated time = 465.0
# 11 	T = 475	DT = 10	NI = 2	LI=12	DT_MULT=1.3	dX=[0.105 0.012 0.412]
Walltime = 12.356246948242188 Simulated time = 475.0
# 12 	T = 485	DT = 10	NI = 2	LI=12	DT_MULT=1.3	dX=[0.103 0.012 0.402]
Walltime = 13.4552321434021 Simulated time = 485.0
# 13 	T = 495	DT = 10	NI = 2	LI=12	DT_MULT=1.3	dX=[0.088 0.012 0.393]
Walltime = 14.517117738723755 Simulated time = 495.0
# 14 	T = 505	DT = 10	NI = 2	LI=13	DT_MULT=1.3	dX=[0.043 0.012 0.384]
Walltime = 15.57522988319397 Simulated time = 505.0
# 15 	T = 515	DT = 10	NI = 2	LI=13	DT_MULT=1.3	dX=[0.07  0.012 0.375]
Walltime = 16.657933950424194 Simulated time = 515.0
# 16 	T = 525	DT = 10	NI = 2	LI=12	DT_MULT=1.3	dX=[0.065 0.012 0.367]
Walltime = 17.71289563179016 Simulated time = 525.0
# 17 	T = 535	DT = 10	NI = 2	LI=12	DT_MULT=1.3	dX=[0.082 0.012 0.359]
Walltime = 18.793715476989746 Simulated time = 535.0
# 18 	T = 545	DT = 10	NI = 2	LI=11	DT_MULT=1.3	dX=[0.101 0.012 0.352]
Walltime = 19.91657042503357 Simulated time = 545.0
# 19 	T = 555	DT = 10	NI = 2	LI=12	DT_MULT=1.3	dX=[0.1   0.012 0.344]
Walltime = 21.012757301330566 Simulated time = 555.0
# 20 	T = 565	DT = 10	NI = 2	LI=11	DT_MULT=1.3	dX=[0.045 0.012 0.337]
Walltime = 22.068922996520996 Simulated time = 565.0
# 21 	T = 575	DT = 10	NI = 2	LI=12	DT_MULT=1.3	dX=[0.096 0.012 0.331]
Walltime = 23.156946897506714 Simulated time = 575.0
# 22 	T = 585	DT = 10	NI = 2	LI=13	DT_MULT=1.3	dX=[0.094 0.013 0.324]
Walltime = 24.252167224884033 Simulated time = 585.0
# 23 	T = 595	DT = 10	NI = 2	LI=12	DT_MULT=1.3	dX=[0.067 0.013 0.317]
Walltime = 25.355782747268677 Simulated time = 595.0
# 24 	T = 605	DT = 10	NI = 2	LI=12	DT_MULT=1.3	dX=[0.095 0.013 0.311]
Walltime = 26.52356505393982 Simulated time = 605.0
# 25 	T = 615	DT = 10	NI = 2	LI=12	DT_MULT=1.3	dX=[0.084 0.013 0.305]
Walltime = 27.63796901702881 Simulated time = 615.0
# 26 	T = 625	DT = 10	NI = 2	LI=13	DT_MULT=1.3	dX=[0.101 0.013 0.298]
Walltime = 28.750336170196533 Simulated time = 625.0
# 27 	T = 635	DT = 10	NI = 2	LI=13	DT_MULT=1.3	dX=[0.062 0.013 0.292]
Walltime = 29.930721044540405 Simulated time = 635.0
# 28 	T = 645	DT = 10	NI = 2	LI=13	DT_MULT=1.3	dX=[0.076 0.013 0.286]
Walltime = 31.077046394348145 Simulated time = 645.0
# 29 	T = 655	DT = 10	NI = 2	LI=13	DT_MULT=1.3	dX=[0.109 0.013 0.28 ]
Walltime = 32.22559452056885 Simulated time = 655.0
# 30 	T = 665	DT = 10	NI = 2	LI=13	DT_MULT=1.3	dX=[0.102 0.013 0.273]
Walltime = 33.386324644088745 Simulated time = 665.0
# 31 	T = 675	DT = 10	NI = 1	LI=6	DT_MULT=1.3	dX=[0.095 0.013 0.267]
Walltime = 34.46066617965698 Simulated time = 675.0
# 32 	T = 685	DT = 10	NI = 2	LI=11	DT_MULT=1.3	dX=[0.08  0.014 0.261]
Walltime = 35.63839864730835 Simulated time = 685.0
# 33 	T = 695	DT = 10	NI = 2	LI=12	DT_MULT=1.3	dX=[0.063 0.015 0.255]
Walltime = 36.81793522834778 Simulated time = 695.0
# 34 	T = 705	DT = 10	NI = 2	LI=11	DT_MULT=1.3	dX=[0.086 0.015 0.248]
Walltime = 37.99193978309631 Simulated time = 705.0
# 35 	T = 715	DT = 10	NI = 2	LI=11	DT_MULT=1.3	dX=[0.1   0.016 0.243]
Walltime = 39.22020936012268 Simulated time = 715.0
# 36 	T = 725	DT = 10	NI = 2	LI=12	DT_MULT=1.3	dX=[0.072 0.016 0.237]
Walltime = 40.39569139480591 Simulated time = 725.0
# 37 	T = 730	DT =  5	NI = 2	LI=12	DT_MULT=1.3	dX=[0.078 0.008 0.117]
TS = 123(0), NI = 268(0), LI = 1372(0)
