darts-linear-solvers built on vr 21-02-2025 13:26:34 by SRV554$@SRV554 from 9c7e762-dirty
darts-engines built on May  9 2025 14:18:48 by SRV554$@SRV554 from a44e934fd1650ca5baf30d1971a73abf3c937318
darts-discretizer built on May  9 2025 14:18:48 by SRV554$@SRV554 from a44e934fd1650ca5baf30d1971a73abf3c937318
num_of_elements: 22677
num_of_cells:    25000
active_cells:    18038
number_of_faces: 58351
bnd_faces_num:   4639
53712 connections:
Adjacency matrix:	6	[ms]
Find TPFA trans:	74	[ms]
Processing mesh: 18038 reservoir blocks, 32 well blocks, 53774 connections
Linear solver type is CPU_GMRES_CPR_AMG
2-phase 2-component non-isothermal flow with kinetic reaction and diffusion CPU engine
Sim params: 
	First ts: 	1e-05
	Max ts: 	10
	Mult ts: 	1.3
	Max i newton: 	20
	Max i linear: 	50
	Tol newton: 	0.001
	Tol linear: 	1e-05
	OpenMP threads: 	6

START SIMULATION
-------------------------------------------------------------------------------------------------------------
Well INJ initialized with BHP-control
	 #1 (1.0816e-09, 8.0090e+04): lin 2 (6.3e-12)
Composition correction applied in 15 block(s)
OBL axis correction: block 18069 variable 2 shoots over axis limit of 373.15 to 399.482
OBL axis correction applied 1 time(s) 
	 #2 (5.5083e-10, 2.4589e+04): lin 1 (7.8e-06)
	 #3 (1.4701e-12, 3.5152e+03): lin 1 (1.4e-06)
	 #4 (1.6234e-13, 2.1415e+02): lin 1 (6.5e-06)
	 #5 (3.2121e-15, 5.2632e+00): lin 2 (5.9e-13)
-------------------------------------------------------------------------------------------------------------
 T = 1e-05, DT = 1e-05, NI = 5, LI = 7, RES = 8.2e-16 (8.3e-03), CFL=0.000 (ELAPSED 00:00:02 )
-------------------------------------------------------------------------------------------------------------
	 #1 (1.4850e-09, 3.4493e+01): lin 2 (3.2e-12)
-------------------------------------------------------------------------------------------------------------
 T = 2e-05, DT = 1e-05, NI = 1, LI = 2, RES = 1.0e-15 (2.0e-02), CFL=0.000 (ELAPSED 00:00:02 )
-------------------------------------------------------------------------------------------------------------
	 #1 (1.4852e-09, 7.5453e-01): lin 1 (5.5e-06)
-------------------------------------------------------------------------------------------------------------
 T = 3e-05, DT = 1e-05, NI = 1, LI = 1, RES = 2.6e-15 (1.7e-02), CFL=0.000 (ELAPSED 00:00:02 )
-------------------------------------------------------------------------------------------------------------
	 #1 (1.4833e-09, 6.5477e-01): lin 1 (6.1e-06)
-------------------------------------------------------------------------------------------------------------
 T = 4e-05, DT = 1e-05, NI = 1, LI = 1, RES = 2.9e-15 (1.8e-02), CFL=0.000 (ELAPSED 00:00:02 )
-------------------------------------------------------------------------------------------------------------
	 #1 (1.4815e-09, 6.1404e-01): lin 1 (6.6e-06)
-------------------------------------------------------------------------------------------------------------
 T = 5e-05, DT = 1e-05, NI = 1, LI = 1, RES = 3.2e-15 (1.4e-02), CFL=0.000 (ELAPSED 00:00:02 )
-------------------------------------------------------------------------------------------------------------
