well_head_depth_pressure =  175.96349999999998
The string 'rate' is found as control!
Walltime = 0.0 Simulated time = 0.0
# 1 	T = 1e-05	DT = 1e-05	NI = 5	LI=10	DT_MULT=1.3	dX=[0.008 0.    0.   ]
Walltime = 1.6302268505096436 Simulated time = 1e-05
# 2 	T = 2.3e-05	DT = 1.3e-05	NI = 2	LI=3	DT_MULT=1.3	dX=[0.004 0.    0.   ]
Walltime = 4.768428802490234 Simulated time = 2.3000000000000003e-05
# 3 	T = 3.99e-05	DT = 1.69e-05	NI = 1	LI=1	DT_MULT=1.3	dX=[0.005 0.    0.   ]
Walltime = 4.999977350234985 Simulated time = 3.990000000000001e-05
# 4 	T = 6.187e-05	DT = 2.197e-05	NI = 1	LI=1	DT_MULT=1.3	dX=[0.006 0.    0.   ]
Walltime = 5.089049816131592 Simulated time = 6.187e-05
# 5 	T = 9.0431e-05	DT = 2.8561e-05	NI = 1	LI=2	DT_MULT=1.3	dX=[0.008 0.    0.   ]
Walltime = 5.204049587249756 Simulated time = 9.0431e-05
# 6 	T = 0.00012756	DT = 3.71293e-05	NI = 1	LI=2	DT_MULT=1.3	dX=[0.01 0.   0.  ]
Walltime = 5.295048475265503 Simulated time = 0.0001275603
# 7 	T = 0.000175828	DT = 4.82681e-05	NI = 1	LI=2	DT_MULT=1.3	dX=[0.013 0.    0.   ]
Walltime = 5.388277769088745 Simulated time = 0.00017582839
# 8 	T = 0.000238577	DT = 6.27485e-05	NI = 1	LI=2	DT_MULT=1.3	dX=[0.017 0.    0.   ]
Walltime = 5.465277433395386 Simulated time = 0.000238576907
# 9 	T = 0.00032015	DT = 8.15731e-05	NI = 2	LI=4	DT_MULT=1.3	dX=[0.022 0.    0.   ]
Walltime = 5.59916353225708 Simulated time = 0.0003201499791
# 10 	T = 0.000426195	DT = 0.000106045	NI = 2	LI=4	DT_MULT=1.3	dX=[0.027 0.    0.   ]
Walltime = 5.721473932266235 Simulated time = 0.00042619497283
# 11 	T = 0.000564053	DT = 0.000137858	NI = 2	LI=4	DT_MULT=1.3	dX=[0.035 0.    0.   ]
Walltime = 5.850646018981934 Simulated time = 0.000564053464679
# 12 	T = 0.00074327	DT = 0.000179216	NI = 2	LI=4	DT_MULT=1.3	dX=[0.044 0.    0.   ]
Walltime = 5.970717906951904 Simulated time = 0.0007432695040827001
# 13 	T = 0.00097625	DT = 0.000232981	NI = 2	LI=4	DT_MULT=1.3	dX=[0.055 0.    0.   ]
Walltime = 6.072324275970459 Simulated time = 0.0009762503553075102
# 14 	T = 0.00127913	DT = 0.000302875	NI = 2	LI=4	DT_MULT=1.3	dX=[0.069 0.    0.   ]
Walltime = 6.22601842880249 Simulated time = 0.0012791254618997633
# 15 	T = 0.00167286	DT = 0.000393738	NI = 2	LI=4	DT_MULT=1.3	dX=[0.084 0.    0.   ]
Walltime = 6.3310182094573975 Simulated time = 0.0016728631004696924
# 16 	T = 0.00218472	DT = 0.000511859	NI = 2	LI=4	DT_MULT=1.3	dX=[0.102 0.    0.   ]
Walltime = 6.420796871185303 Simulated time = 0.0021847220306106
# 17 	T = 0.00285014	DT = 0.000665417	NI = 2	LI=4	DT_MULT=1.3	dX=[0.122 0.    0.   ]
Walltime = 6.511469125747681 Simulated time = 0.0028501386397937803
# 18 	T = 0.00371518	DT = 0.000865042	NI = 2	LI=4	DT_MULT=1.3	dX=[0.143 0.    0.   ]
Walltime = 6.620471715927124 Simulated time = 0.0037151802317319147
# 19 	T = 0.00483973	DT = 0.00112455	NI = 2	LI=5	DT_MULT=1.3	dX=[0.164 0.    0.   ]
Walltime = 6.712875843048096 Simulated time = 0.004839734301251489
# 20 	T = 0.00630165	DT = 0.00146192	NI = 2	LI=4	DT_MULT=1.3	dX=[0.183 0.    0.   ]
Walltime = 6.800397157669067 Simulated time = 0.006301654591626936
# 21 	T = 0.00820215	DT = 0.0019005	NI = 2	LI=4	DT_MULT=1.3	dX=[0.199 0.    0.   ]
Walltime = 6.910399675369263 Simulated time = 0.008202150969115017
# 22 	T = 0.0106728	DT = 0.00247065	NI = 2	LI=5	DT_MULT=1.3	dX=[0.21  0.    0.001]
Walltime = 7.005314111709595 Simulated time = 0.010672796259849522
# 23 	T = 0.0138846	DT = 0.00321184	NI = 2	LI=6	DT_MULT=1.3	dX=[0.215 0.    0.001]
Walltime = 7.102382659912109 Simulated time = 0.013884635137804378
# 24 	T = 0.01806	DT = 0.00417539	NI = 2	LI=6	DT_MULT=1.3	dX=[0.214 0.    0.001]
Walltime = 7.236135959625244 Simulated time = 0.01806002567914569
# 25 	T = 0.023488	DT = 0.00542801	NI = 2	LI=6	DT_MULT=1.3	dX=[0.208 0.    0.001]
Walltime = 7.333263635635376 Simulated time = 0.0234880333828894
# 26 	T = 0.0305444	DT = 0.00705641	NI = 2	LI=6	DT_MULT=1.3	dX=[0.198 0.    0.001]
Walltime = 7.433128595352173 Simulated time = 0.03054444339775622
# 27 	T = 0.0397178	DT = 0.00917333	NI = 2	LI=6	DT_MULT=1.3	dX=[0.188 0.    0.002]
Walltime = 7.552215814590454 Simulated time = 0.03971777641708309
# 28 	T = 0.0516431	DT = 0.0119253	NI = 2	LI=6	DT_MULT=1.3	dX=[0.177 0.    0.002]
Walltime = 7.663213729858398 Simulated time = 0.05164310934220802
# 29 	T = 0.067146	DT = 0.0155029	NI = 2	LI=6	DT_MULT=1.3	dX=[0.168 0.    0.003]
Walltime = 7.774380683898926 Simulated time = 0.06714604214487042
# 30 	T = 0.0872999	DT = 0.0201538	NI = 2	LI=7	DT_MULT=1.3	dX=[0.16  0.    0.004]
Walltime = 7.899384498596191 Simulated time = 0.08729985478833155
# 31 	T = 0.1135	DT = 0.0262	NI = 2	LI=7	DT_MULT=1.3	dX=[0.154 0.    0.004]
Walltime = 8.006730079650879 Simulated time = 0.11349981122483102
# 32 	T = 0.14756	DT = 0.0340599	NI = 2	LI=7	DT_MULT=1.3	dX=[0.148 0.    0.005]
Walltime = 8.10563063621521 Simulated time = 0.14755975459228032
# 33 	T = 0.191838	DT = 0.0442779	NI = 2	LI=8	DT_MULT=1.3	dX=[0.145 0.    0.006]
Walltime = 8.224278211593628 Simulated time = 0.19183768096996445
# 34 	T = 0.249399	DT = 0.0575613	NI = 2	LI=8	DT_MULT=1.3	dX=[0.141 0.    0.006]
Walltime = 8.370275497436523 Simulated time = 0.2493989852609538
# 35 	T = 0.324229	DT = 0.0748297	NI = 2	LI=8	DT_MULT=1.3	dX=[0.134 0.    0.007]
Walltime = 8.522275447845459 Simulated time = 0.32422868083923995
# 36 	T = 0.421507	DT = 0.0972786	NI = 2	LI=8	DT_MULT=1.3	dX=[0.125 0.    0.007]
Walltime = 8.639796733856201 Simulated time = 0.421507285091012
# 37 	T = 0.547969	DT = 0.126462	NI = 2	LI=9	DT_MULT=1.3	dX=[0.114 0.001 0.006]
Walltime = 8.789394855499268 Simulated time = 0.5479694706183156
# 38 	T = 0.71237	DT = 0.164401	NI = 2	LI=9	DT_MULT=1.3	dX=[0.099 0.001 0.006]
Walltime = 8.943394660949707 Simulated time = 0.7123703118038103
# 39 	T = 0.926091	DT = 0.213721	NI = 2	LI=9	DT_MULT=1.3	dX=[0.082 0.001 0.008]
Walltime = 9.122110366821289 Simulated time = 0.9260914053449534
# 40 	T = 1.20393	DT = 0.277837	NI = 2	LI=9	DT_MULT=1.3	dX=[0.062 0.001 0.011]
Walltime = 9.311591863632202 Simulated time = 1.2039288269484394
# 41 	T = 1.56512	DT = 0.361189	NI = 2	LI=10	DT_MULT=1.3	dX=[0.046 0.002 0.014]
Walltime = 9.511443376541138 Simulated time = 1.5651174750329715
# 42 	T = 2.03466	DT = 0.469545	NI = 2	LI=10	DT_MULT=1.3	dX=[0.035 0.002 0.017]
Walltime = 9.75260615348816 Simulated time = 2.0346627175428633
# 43 	T = 2.64507	DT = 0.610409	NI = 2	LI=10	DT_MULT=1.3	dX=[0.03  0.003 0.022]
Walltime = 10.005765914916992 Simulated time = 2.6450715328057224
# 44 	T = 3.4386	DT = 0.793531	NI = 2	LI=10	DT_MULT=1.3	dX=[0.029 0.003 0.027]
Walltime = 10.281611442565918 Simulated time = 3.4386029926474393
# 45 	T = 4.47019	DT = 1.03159	NI = 2	LI=10	DT_MULT=1.3	dX=[0.033 0.004 0.033]
Walltime = 10.545178651809692 Simulated time = 4.470193890441671
# 46 	T = 5.81126	DT = 1.34107	NI = 4	LI=22	DT_MULT=1.3	dX=[1.009 0.005 0.065]
Walltime = 10.95619249343872 Simulated time = 5.811262057574172
# 47 	T = 7.55465	DT = 1.74339	NI = 4	LI=27	DT_MULT=1.3	dX=[3.492 0.007 0.132]
Walltime = 11.510192632675171 Simulated time = 7.554650674846425
# 48 	T = 9.82106	DT = 2.26641	NI = 3	LI=20	DT_MULT=1.3	dX=[0.718 0.009 0.191]
Walltime = 11.860841512680054 Simulated time = 9.821055877300353
# 49 	T = 12.7674	DT = 2.94633	NI = 3	LI=22	DT_MULT=1.3	dX=[0.372 0.013 0.246]
Walltime = 12.217017412185669 Simulated time = 12.76738264049046
# 50 	T = 16.5976	DT = 3.83022	NI = 4	LI=29	DT_MULT=1.3	dX=[0.609 0.016 0.324]
Walltime = 12.769979000091553 Simulated time = 16.5976074326376
# 51 	T = 21.5769	DT = 4.97929	NI = 3	LI=20	DT_MULT=1.3	dX=[1.049 0.018 0.427]
Walltime = 13.301062107086182 Simulated time = 21.57689966242888
# 52 	T = 28.05	DT = 6.47308	NI = 3	LI=21	DT_MULT=1.3	dX=[0.998 0.02  0.554]
Walltime = 13.899397373199463 Simulated time = 28.049979561157542
# 53 	T = 36.465	DT = 8.415	NI = 3	LI=21	DT_MULT=1.3	dX=[0.793 0.023 0.713]
Walltime = 14.589096784591675 Simulated time = 36.464983429504805
# 54 	T = 46.465	DT = 10	NI = 3	LI=20	DT_MULT=1.3	dX=[0.51  0.024 0.842]
Walltime = 15.353085279464722 Simulated time = 46.464983429504805
# 55 	T =  50	DT = 3.53502	NI = 3	LI=18	DT_MULT=1.3	dX=[0.631 0.008 0.306]
TS = 55(0), NI = 120(0), LI = 482(0)
well_head_depth_pressure =  175.96349999999998
The string 'rate' is found as control!
Walltime = 0.0 Simulated time = 50.0
# 1 	T =  60	DT = 10	NI = 4	LI=26	DT_MULT=1.3	dX=[1.155 0.021 0.904]
Walltime = 1.0527958869934082 Simulated time = 60.0
# 2 	T =  70	DT = 10	NI = 3	LI=18	DT_MULT=1.3	dX=[0.432 0.019 0.895]
Walltime = 1.8800945281982422 Simulated time = 70.0
# 3 	T =  80	DT = 10	NI = 3	LI=17	DT_MULT=1.3	dX=[0.097 0.018 0.886]
Walltime = 2.718921422958374 Simulated time = 80.0
# 4 	T =  90	DT = 10	NI = 3	LI=19	DT_MULT=1.3	dX=[0.165 0.017 0.868]
Walltime = 3.6227190494537354 Simulated time = 90.0
# 5 	T = 100	DT = 10	NI = 3	LI=20	DT_MULT=1.3	dX=[0.27  0.016 0.844]
TS = 60(0), NI = 136(0), LI = 582(0)
well_head_depth_pressure =  175.96349999999998
The string 'rate' is found as control!
Walltime = 0.0 Simulated time = 100.0
# 1 	T = 110	DT = 10	NI = 3	LI=19	DT_MULT=1.3	dX=[0.287 0.015 0.819]
Walltime = 0.9467802047729492 Simulated time = 110.0
# 2 	T = 120	DT = 10	NI = 3	LI=18	DT_MULT=1.3	dX=[0.252 0.014 0.795]
Walltime = 1.8933627605438232 Simulated time = 120.0
# 3 	T = 130	DT = 10	NI = 3	LI=17	DT_MULT=1.3	dX=[0.188 0.014 0.777]
Walltime = 2.857222080230713 Simulated time = 130.0
# 4 	T = 140	DT = 10	NI = 3	LI=17	DT_MULT=1.3	dX=[0.168 0.013 0.758]
Walltime = 3.8372929096221924 Simulated time = 140.0
# 5 	T = 150	DT = 10	NI = 3	LI=18	DT_MULT=1.3	dX=[0.151 0.013 0.74 ]
TS = 65(0), NI = 151(0), LI = 671(0)
well_head_depth_pressure =  175.96349999999998
The string 'rate' is found as control!
Walltime = 0.0 Simulated time = 150.0
# 1 	T = 160	DT = 10	NI = 3	LI=18	DT_MULT=1.3	dX=[0.114 0.013 0.723]
Walltime = 0.9973902702331543 Simulated time = 160.0
# 2 	T = 170	DT = 10	NI = 3	LI=18	DT_MULT=1.3	dX=[0.138 0.012 0.712]
Walltime = 1.9667773246765137 Simulated time = 170.0
# 3 	T = 180	DT = 10	NI = 3	LI=18	DT_MULT=1.3	dX=[0.238 0.012 0.705]
Walltime = 3.02105712890625 Simulated time = 180.0
# 4 	T = 190	DT = 10	NI = 3	LI=19	DT_MULT=1.3	dX=[0.3   0.012 0.7  ]
Walltime = 4.081076145172119 Simulated time = 190.0
# 5 	T = 200	DT = 10	NI = 3	LI=18	DT_MULT=1.3	dX=[0.25  0.012 0.692]
TS = 70(0), NI = 166(0), LI = 762(0)
well_head_depth_pressure =  175.96349999999998
The string 'rate' is found as control!
Walltime = 0.0 Simulated time = 200.0
# 1 	T = 210	DT = 10	NI = 3	LI=17	DT_MULT=1.3	dX=[0.203 0.012 0.679]
Walltime = 1.026259183883667 Simulated time = 210.0
# 2 	T = 220	DT = 10	NI = 2	LI=11	DT_MULT=1.3	dX=[0.141 0.011 0.665]
Walltime = 2.004708766937256 Simulated time = 220.0
# 3 	T = 230	DT = 10	NI = 3	LI=18	DT_MULT=1.3	dX=[0.147 0.011 0.65 ]
Walltime = 3.0520107746124268 Simulated time = 230.0
# 4 	T = 240	DT = 10	NI = 2	LI=11	DT_MULT=1.3	dX=[0.124 0.011 0.636]
Walltime = 4.075143337249756 Simulated time = 240.0
# 5 	T = 250	DT = 10	NI = 2	LI=12	DT_MULT=1.3	dX=[0.11  0.011 0.622]
TS = 75(0), NI = 178(0), LI = 831(0)
