well_head_depth_pressure =  175.96349999999998
The string 'wbhp' is found as control!
Walltime = 0.0 Simulated time = 0.0
# 1 	T = 1e-05	DT = 1e-05	NI = 5	LI=7
Walltime = 2.061887264251709 Simulated time = 1e-05
# 2 	T = 2.3e-05	DT = 1.3e-05	NI = 1	LI=2
Walltime = 2.36041522026062 Simulated time = 2.3000000000000003e-05
# 3 	T = 3.99e-05	DT = 1.69e-05	NI = 1	LI=2
Walltime = 2.4735872745513916 Simulated time = 3.990000000000001e-05
# 4 	T = 6.187e-05	DT = 2.197e-05	NI = 1	LI=2
Walltime = 2.6569883823394775 Simulated time = 6.187e-05
# 5 	T = 9.0431e-05	DT = 2.8561e-05	NI = 2	LI=3
Walltime = 2.7825889587402344 Simulated time = 9.0431e-05
# 6 	T = 0.00012756	DT = 3.71293e-05	NI = 2	LI=4
Walltime = 2.908587694168091 Simulated time = 0.0001275603
# 7 	T = 0.000175828	DT = 4.82681e-05	NI = 2	LI=4
Walltime = 3.05260968208313 Simulated time = 0.00017582839
# 8 	T = 0.000238577	DT = 6.27485e-05	NI = 1	LI=2
Walltime = 3.1111295223236084 Simulated time = 0.000238576907
# 9 	T = 0.00032015	DT = 8.15731e-05	NI = 2	LI=4
Walltime = 3.222128391265869 Simulated time = 0.0003201499791
# 10 	T = 0.000426195	DT = 0.000106045	NI = 2	LI=4
Walltime = 3.3066067695617676 Simulated time = 0.00042619497283
# 11 	T = 0.000564053	DT = 0.000137858	NI = 2	LI=4
Walltime = 3.443693161010742 Simulated time = 0.000564053464679
# 12 	T = 0.00074327	DT = 0.000179216	NI = 2	LI=4
Walltime = 3.6026270389556885 Simulated time = 0.0007432695040827001
# 13 	T = 0.00097625	DT = 0.000232981	NI = 2	LI=6
Walltime = 3.758626699447632 Simulated time = 0.0009762503553075102
# 14 	T = 0.00127913	DT = 0.000302875	NI = 2	LI=6
Walltime = 3.8641152381896973 Simulated time = 0.0012791254618997633
# 15 	T = 0.00167286	DT = 0.000393738	NI = 2	LI=4
Walltime = 3.955115556716919 Simulated time = 0.0016728631004696924
# 16 	T = 0.00218472	DT = 0.000511859	NI = 2	LI=8
Walltime = 4.075115442276001 Simulated time = 0.0021847220306106
# 17 	T = 0.00285014	DT = 0.000665417	NI = 2	LI=6
Walltime = 4.185200452804565 Simulated time = 0.0028501386397937803
# 18 	T = 0.00371518	DT = 0.000865042	NI = 2	LI=6
Walltime = 4.2849555015563965 Simulated time = 0.0037151802317319147
# 19 	T = 0.00483973	DT = 0.00112455	NI = 2	LI=6
Walltime = 4.381952285766602 Simulated time = 0.004839734301251489
# 20 	T = 0.00630165	DT = 0.00146192	NI = 1	LI=3
Walltime = 4.45995569229126 Simulated time = 0.006301654591626936
# 21 	T = 0.00820215	DT = 0.0019005	NI = 1	LI=3
Walltime = 4.5236496925354 Simulated time = 0.008202150969115017
# 22 	T = 0.0106728	DT = 0.00247065	NI = 1	LI=4
Walltime = 4.5908591747283936 Simulated time = 0.010672796259849522
# 23 	T = 0.0138846	DT = 0.00321184	NI = 1	LI=4
Walltime = 4.684291124343872 Simulated time = 0.013884635137804378
# 24 	T = 0.01806	DT = 0.00417539	NI = 1	LI=3
Walltime = 4.746295213699341 Simulated time = 0.01806002567914569
# 25 	T = 0.023488	DT = 0.00542801	NI = 1	LI=3
Walltime = 4.814985275268555 Simulated time = 0.0234880333828894
# 26 	T = 0.0305444	DT = 0.00705641	NI = 1	LI=3
Walltime = 4.885087490081787 Simulated time = 0.03054444339775622
Stationary point detected!
Cut timestep to 0.0070564100
Walltime = 5.407694578170776 Simulated time = 0.03054444339775622
Stationary point detected!
Cut timestep to 0.0054280077
Walltime = 5.845876693725586 Simulated time = 0.03054444339775622
# 27 	T = 0.0359725	DT = 0.00542801	NI = 7	LI=17
Walltime = 6.19578742980957 Simulated time = 0.03597245110149993
# 28 	T = 0.0430289	DT = 0.00705641	NI = 3	LI=8
Walltime = 6.345105886459351 Simulated time = 0.04302886111636675
Cut timestep to 0.0070564100
Walltime = 7.500760078430176 Simulated time = 0.04302886111636675
Cut timestep to 0.0054280077
Walltime = 8.605925798416138 Simulated time = 0.04302886111636675
Cut timestep to 0.0041753905
Walltime = 9.673673868179321 Simulated time = 0.04302886111636675
Cut timestep to 0.0032118389
Walltime = 10.689681768417358 Simulated time = 0.04302886111636675
Cut timestep to 0.0024706453
Walltime = 11.736526489257812 Simulated time = 0.04302886111636675
# 29 	T = 0.0454995	DT = 0.00247065	NI = 6	LI=20
Walltime = 12.03006386756897 Simulated time = 0.04549950640710126
Cut timestep to 0.0024706453
Walltime = 13.110694885253906 Simulated time = 0.04549950640710126
Cut timestep to 0.0019004964
Walltime = 14.14207935333252 Simulated time = 0.04549950640710126
Cut timestep to 0.0014619203
Walltime = 15.046675443649292 Simulated time = 0.04549950640710126
Cut timestep to 0.0011245541
Walltime = 15.907687902450562 Simulated time = 0.04549950640710126
Cut timestep to 0.0008650416
Walltime = 16.781421661376953 Simulated time = 0.04549950640710126
Cut timestep to 0.0006654166
Walltime = 17.618900299072266 Simulated time = 0.04549950640710126
Stationary point detected!
Cut timestep to 0.0005118589
Walltime = 18.290420055389404 Simulated time = 0.04549950640710126
Stationary point detected!
Cut timestep to 0.0003937376
Walltime = 18.86815643310547 Simulated time = 0.04549950640710126
Stationary point detected!
Cut timestep to 0.0003028751
Walltime = 19.319064617156982 Simulated time = 0.04549950640710126
Stationary point detected!
Cut timestep to 0.0002329809
Walltime = 19.785334587097168 Simulated time = 0.04549950640710126
Stationary point detected!
Cut timestep to 0.0001792160
Walltime = 20.187174797058105 Simulated time = 0.04549950640710126
Stationary point detected!
Cut timestep to 0.0001378585
Walltime = 20.519368410110474 Simulated time = 0.04549950640710126
Stationary point detected!
Cut timestep to 0.0001060450
Walltime = 20.81035351753235 Simulated time = 0.04549950640710126
Stationary point detected!
Cut timestep to 0.0000815731
Walltime = 21.12546181678772 Simulated time = 0.04549950640710126
Stationary point detected!
Cut timestep to 0.0000627485
Walltime = 21.47434973716736 Simulated time = 0.04549950640710126
Stationary point detected!
Cut timestep to 0.0000482681
Walltime = 21.85113787651062 Simulated time = 0.04549950640710126
# 30 	T = 0.0455478	DT = 4.82681e-05	NI = 2	LI=3
Walltime = 21.932910919189453 Simulated time = 0.045547774497101255
# 31 	T = 0.0456105	DT = 6.27485e-05	NI = 1	LI=1
Walltime = 21.981056213378906 Simulated time = 0.045610523014101255
Stationary point detected!
Cut timestep to 0.0000627485
Walltime = 22.47382616996765 Simulated time = 0.045610523014101255
Stationary point detected!
Cut timestep to 0.0000482681
Walltime = 22.98076295852661 Simulated time = 0.045610523014101255
# 32 	T = 0.0456588	DT = 4.82681e-05	NI = 1	LI=1
Walltime = 23.028834342956543 Simulated time = 0.04565879110410125
# 33 	T = 0.0457215	DT = 6.27485e-05	NI = 1	LI=1
Walltime = 23.076830625534058 Simulated time = 0.04572153962110125
Stationary point detected!
Cut timestep to 0.0000627485
Walltime = 23.57900381088257 Simulated time = 0.04572153962110125
Stationary point detected!
Cut timestep to 0.0000482681
Walltime = 24.069992065429688 Simulated time = 0.04572153962110125
# 34 	T = 0.0457698	DT = 4.82681e-05	NI = 1	LI=1
Walltime = 24.12207818031311 Simulated time = 0.04576980771110125
# 35 	T = 0.0458326	DT = 6.27485e-05	NI = 1	LI=1
Walltime = 24.16841697692871 Simulated time = 0.04583255622810125
Stationary point detected!
Cut timestep to 0.0000627485
Walltime = 24.67223024368286 Simulated time = 0.04583255622810125
Stationary point detected!
Cut timestep to 0.0000482681
Walltime = 25.17656898498535 Simulated time = 0.04583255622810125
# 36 	T = 0.0458808	DT = 4.82681e-05	NI = 1	LI=1
Walltime = 25.22663378715515 Simulated time = 0.04588082431810125
# 37 	T = 0.0459436	DT = 6.27485e-05	NI = 1	LI=1
Walltime = 25.274210691452026 Simulated time = 0.04594357283510125
Stationary point detected!
Cut timestep to 0.0000627485
Walltime = 25.782439947128296 Simulated time = 0.04594357283510125
Stationary point detected!
Cut timestep to 0.0000482681
Walltime = 26.261187314987183 Simulated time = 0.04594357283510125
# 38 	T = 0.0459918	DT = 4.82681e-05	NI = 2	LI=3
Walltime = 26.341406106948853 Simulated time = 0.045991840925101245
# 39 	T = 0.0460546	DT = 6.27485e-05	NI = 1	LI=1
Walltime = 26.388766765594482 Simulated time = 0.046054589442101244
# 40 	T = 0.0461362	DT = 8.15731e-05	NI = 1	LI=1
Walltime = 26.43676733970642 Simulated time = 0.046136162514201245
# 41 	T = 0.0462422	DT = 0.000106045	NI = 1	LI=1
Walltime = 26.495662450790405 Simulated time = 0.046242207507931246
# 42 	T = 0.0463801	DT = 0.000137858	NI = 1	LI=2
Walltime = 26.572753190994263 Simulated time = 0.04638006599978024
# 43 	T = 0.0465593	DT = 0.000179216	NI = 1	LI=1
Walltime = 26.621280431747437 Simulated time = 0.04655928203918394
# 44 	T = 0.0467923	DT = 0.000232981	NI = 1	LI=2
Walltime = 26.676284551620483 Simulated time = 0.04679226289040875
# 45 	T = 0.0470951	DT = 0.000302875	NI = 1	LI=2
Walltime = 26.74459981918335 Simulated time = 0.047095137997001
# 46 	T = 0.0474889	DT = 0.000393738	NI = 1	LI=2
Walltime = 26.808725118637085 Simulated time = 0.04748887563557093
# 47 	T = 0.0480007	DT = 0.000511859	NI = 1	LI=3
Walltime = 26.867067098617554 Simulated time = 0.048000734565711835
# 48 	T = 0.0486662	DT = 0.000665417	NI = 1	LI=2
Walltime = 26.91906714439392 Simulated time = 0.04866615117489501
# 49 	T = 0.0495312	DT = 0.000865042	NI = 1	LI=3
Walltime = 26.998026132583618 Simulated time = 0.04953119276683315
# 50 	T = 0.0506557	DT = 0.00112455	NI = 2	LI=6
Walltime = 27.109025716781616 Simulated time = 0.050655746836352725
# 51 	T = 0.0521177	DT = 0.00146192	NI = 2	LI=4
Walltime = 27.201294660568237 Simulated time = 0.05211766712672817
# 52 	T = 0.0540182	DT = 0.0019005	NI = 2	LI=4
Walltime = 27.310980319976807 Simulated time = 0.05401816350421625
# 53 	T = 0.0564888	DT = 0.00247065	NI = 2	LI=6
Walltime = 27.423978805541992 Simulated time = 0.05648880879495076
# 54 	T = 0.0597006	DT = 0.00321184	NI = 2	LI=7
Walltime = 27.54106831550598 Simulated time = 0.059700647672905616
# 55 	T = 0.063876	DT = 0.00417539	NI = 2	LI=6
Walltime = 27.66630244255066 Simulated time = 0.06387603821424694
# 56 	T = 0.069304	DT = 0.00542801	NI = 3	LI=9
Walltime = 27.81070351600647 Simulated time = 0.06930404591799065
# 57 	T = 0.0763605	DT = 0.00705641	NI = 3	LI=9
Walltime = 27.970386266708374 Simulated time = 0.07636045593285747
# 58 	T = 0.0855338	DT = 0.00917333	NI = 3	LI=9
Walltime = 28.12736201286316 Simulated time = 0.08553378895218433
# 59 	T = 0.0974591	DT = 0.0119253	NI = 4	LI=15
Walltime = 28.33636164665222 Simulated time = 0.09745912187730926
Cut timestep to 0.0119253329
Walltime = 29.485153913497925 Simulated time = 0.09745912187730926
Cut timestep to 0.0091733330
Walltime = 30.71654438972473 Simulated time = 0.09745912187730926
Cut timestep to 0.0070564100
Walltime = 31.828860759735107 Simulated time = 0.09745912187730926
Stationary point detected!
Cut timestep to 0.0054280077
Walltime = 32.05353808403015 Simulated time = 0.09745912187730926
# 60 	T = 0.102887	DT = 0.00542801	NI = 3	LI=10
Walltime = 32.19372892379761 Simulated time = 0.10288712958105298
Cut timestep to 0.0054280077
Walltime = 33.24944996833801 Simulated time = 0.10288712958105298
Cut timestep to 0.0041753905
Walltime = 34.18587589263916 Simulated time = 0.10288712958105298
Cut timestep to 0.0032118389
Walltime = 35.194907903671265 Simulated time = 0.10288712958105298
Cut timestep to 0.0024706453
Walltime = 36.11759567260742 Simulated time = 0.10288712958105298
Stationary point detected!
Cut timestep to 0.0019004964
Walltime = 36.32772493362427 Simulated time = 0.10288712958105298
# 61 	T = 0.104788	DT = 0.0019005	NI = 3	LI=8
Walltime = 36.46281862258911 Simulated time = 0.10478762595854106
Cut timestep to 0.0019004964
Walltime = 37.401910066604614 Simulated time = 0.10478762595854106
Cut timestep to 0.0014619203
Walltime = 38.22333645820618 Simulated time = 0.10478762595854106
Cut timestep to 0.0011245541
Walltime = 39.04547929763794 Simulated time = 0.10478762595854106
Cut timestep to 0.0008650416
Walltime = 39.88932681083679 Simulated time = 0.10478762595854106
Cut timestep to 0.0006654166
Walltime = 40.709956884384155 Simulated time = 0.10478762595854106
# 62 	T = 0.105453	DT = 0.000665417	NI = 4	LI=11
Walltime = 40.87346816062927 Simulated time = 0.10545304256772424
Cut timestep to 0.0006654166
Walltime = 41.73604726791382 Simulated time = 0.10545304256772424
Stationary point detected!
Cut timestep to 0.0005118589
Walltime = 42.428043842315674 Simulated time = 0.10545304256772424
Stationary point detected!
Cut timestep to 0.0003937376
Walltime = 43.16645336151123 Simulated time = 0.10545304256772424
Stationary point detected!
Cut timestep to 0.0003028751
Walltime = 43.698864459991455 Simulated time = 0.10545304256772424
Stationary point detected!
Cut timestep to 0.0002329809
Walltime = 44.41504406929016 Simulated time = 0.10545304256772424
Cut timestep to 0.0001792160
Walltime = 45.16680598258972 Simulated time = 0.10545304256772424
Stationary point detected!
Cut timestep to 0.0001378585
Walltime = 45.55641436576843 Simulated time = 0.10545304256772424
# 63 	T = 0.105591	DT = 0.000137858	NI = 7	LI=17
Walltime = 45.83805465698242 Simulated time = 0.10559090105957324
# 64 	T = 0.10577	DT = 0.000179216	NI = 6	LI=9
Walltime = 46.057146310806274 Simulated time = 0.10577011709897693
# 65 	T = 0.106003	DT = 0.000232981	NI = 2	LI=5
Walltime = 46.14500379562378 Simulated time = 0.10600309795020174
# 66 	T = 0.106306	DT = 0.000302875	NI = 2	LI=5
Walltime = 46.23364233970642 Simulated time = 0.106305973056794
# 67 	T = 0.1067	DT = 0.000393738	NI = 1	LI=2
Walltime = 46.30235481262207 Simulated time = 0.10669971069536392
# 68 	T = 0.107212	DT = 0.000511859	NI = 1	LI=3
Walltime = 46.3644278049469 Simulated time = 0.10721156962550484
# 69 	T = 0.107877	DT = 0.000665417	NI = 1	LI=2
Walltime = 46.41642451286316 Simulated time = 0.10787698623468801
# 70 	T = 0.108742	DT = 0.000865042	NI = 1	LI=3
Walltime = 46.47054743766785 Simulated time = 0.10874202782662615
# 71 	T = 0.109867	DT = 0.00112455	NI = 1	LI=3
Walltime = 46.542980432510376 Simulated time = 0.10986658189614572
# 72 	T = 0.111329	DT = 0.00146192	NI = 1	LI=2
Walltime = 46.60528612136841 Simulated time = 0.11132850218652117
# 73 	T = 0.113229	DT = 0.0019005	NI = 2	LI=4
Walltime = 46.69325137138367 Simulated time = 0.11322899856400925
# 74 	T = 0.1157	DT = 0.00247065	NI = 2	LI=6
Walltime = 46.81089162826538 Simulated time = 0.11569964385474375
# 75 	T = 0.118911	DT = 0.00321184	NI = 2	LI=7
Walltime = 46.90601110458374 Simulated time = 0.11891148273269861
# 76 	T = 0.123087	DT = 0.00417539	NI = 2	LI=6
Walltime = 47.00008177757263 Simulated time = 0.12308687327403993
# 77 	T = 0.128515	DT = 0.00542801	NI = 2	LI=6
Walltime = 47.11814999580383 Simulated time = 0.12851488097778363
# 78 	T = 0.135571	DT = 0.00705641	NI = 2	LI=6
Walltime = 47.21433115005493 Simulated time = 0.13557129099265045
# 79 	T = 0.144745	DT = 0.00917333	NI = 2	LI=6
Walltime = 47.311328172683716 Simulated time = 0.14474462401197732
# 80 	T = 0.15667	DT = 0.0119253	NI = 2	LI=6
Walltime = 47.42806696891785 Simulated time = 0.15666995693710226
Cut timestep to 0.0119253329
Walltime = 48.39579248428345 Simulated time = 0.15666995693710226
Stationary point detected!
Cut timestep to 0.0091733330
Walltime = 48.90471577644348 Simulated time = 0.15666995693710226
# 81 	T = 0.165843	DT = 0.00917333	NI = 2	LI=6
Walltime = 49.00186347961426 Simulated time = 0.16584328995642914
Cut timestep to 0.0091733330
Walltime = 49.92014813423157 Simulated time = 0.16584328995642914
Cut timestep to 0.0070564100
Walltime = 50.87594795227051 Simulated time = 0.16584328995642914
Cut timestep to 0.0054280077
Walltime = 51.84087777137756 Simulated time = 0.16584328995642914
Cut timestep to 0.0041753905
Walltime = 53.909531116485596 Simulated time = 0.16584328995642914
# 82 	T = 0.170019	DT = 0.00417539	NI = 19	LI=61
Walltime = 54.872166872024536 Simulated time = 0.17001868049777044
# 83 	T = 0.175447	DT = 0.00542801	NI = 2	LI=6
Walltime = 54.97623872756958 Simulated time = 0.17544668820151416
# 84 	T = 0.182503	DT = 0.00705641	NI = 2	LI=6
Walltime = 55.11286997795105 Simulated time = 0.18250309821638097
# 85 	T = 0.191676	DT = 0.00917333	NI = 2	LI=6
Walltime = 55.22886919975281 Simulated time = 0.19167643123570785
# 86 	T = 0.203602	DT = 0.0119253	NI = 3	LI=9
Walltime = 55.40344476699829 Simulated time = 0.20360176416083278
Cut timestep to 0.0119253329
Walltime = 56.47097182273865 Simulated time = 0.20360176416083278
Cut timestep to 0.0091733330
Walltime = 57.41537427902222 Simulated time = 0.20360176416083278
Cut timestep to 0.0070564100
Walltime = 58.299519777297974 Simulated time = 0.20360176416083278
# 87 	T = 0.210658	DT = 0.00705641	NI = 7	LI=25
Walltime = 58.643747091293335 Simulated time = 0.2106581741756996
Cut timestep to 0.0070564100
Walltime = 59.56845235824585 Simulated time = 0.2106581741756996
Cut timestep to 0.0054280077
Walltime = 60.40022087097168 Simulated time = 0.2106581741756996
Cut timestep to 0.0041753905
Walltime = 61.192423582077026 Simulated time = 0.2106581741756996
Cut timestep to 0.0032118389
Walltime = 61.99906611442566 Simulated time = 0.2106581741756996
Cut timestep to 0.0024706453
Walltime = 62.78752660751343 Simulated time = 0.2106581741756996
Cut timestep to 0.0019004964
Walltime = 63.59067988395691 Simulated time = 0.2106581741756996
# 88 	T = 0.212559	DT = 0.0019005	NI = 18	LI=38
Walltime = 64.25640487670898 Simulated time = 0.21255867055318767
Cut timestep to 0.0019004964
Walltime = 65.06727838516235 Simulated time = 0.21255867055318767
Cut timestep to 0.0014619203
Walltime = 65.83249831199646 Simulated time = 0.21255867055318767
Cut timestep to 0.0011245541
Walltime = 66.66959428787231 Simulated time = 0.21255867055318767
# 89 	T = 0.213683	DT = 0.00112455	NI = 8	LI=25
Walltime = 67.00871872901917 Simulated time = 0.21368322462270725
# 90 	T = 0.215145	DT = 0.00146192	NI = 2	LI=4
Walltime = 67.09380292892456 Simulated time = 0.2151451449130827
# 91 	T = 0.217046	DT = 0.0019005	NI = 2	LI=4
Walltime = 67.18160057067871 Simulated time = 0.21704564129057077
# 92 	T = 0.219516	DT = 0.00247065	NI = 2	LI=6
Walltime = 67.2965407371521 Simulated time = 0.2195162865813053
# 93 	T = 0.222728	DT = 0.00321184	NI = 2	LI=5
Walltime = 67.39497566223145 Simulated time = 0.22272812545926016
# 94 	T = 0.226904	DT = 0.00417539	NI = 3	LI=9
Walltime = 67.55014157295227 Simulated time = 0.22690351600060146
# 95 	T = 0.232332	DT = 0.00542801	NI = 3	LI=7
Walltime = 67.68825364112854 Simulated time = 0.23233152370434518
# 96 	T = 0.239388	DT = 0.00705641	NI = 2	LI=5
Walltime = 67.80982971191406 Simulated time = 0.239387933719212
# 97 	T = 0.248561	DT = 0.00917333	NI = 2	LI=6
Walltime = 67.93135714530945 Simulated time = 0.24856126673853887
# 98 	T = 0.260487	DT = 0.0119253	NI = 2	LI=6
Walltime = 68.0570011138916 Simulated time = 0.2604865996636638
# 99 	T = 0.27599	DT = 0.0155029	NI = 3	LI=12
Walltime = 68.21849060058594 Simulated time = 0.2759895324663262
# 100 	T = 0.296143	DT = 0.0201538	NI = 3	LI=11
Walltime = 68.38915181159973 Simulated time = 0.2961433451097873
Cut timestep to 0.0201538126
Walltime = 69.50959873199463 Simulated time = 0.2961433451097873
Cut timestep to 0.0155029328
Walltime = 71.01647281646729 Simulated time = 0.2961433451097873
Stationary point detected!
Cut timestep to 0.0119253329
Walltime = 71.36040663719177 Simulated time = 0.2961433451097873
# 101 	T = 0.308069	DT = 0.0119253	NI = 4	LI=15
Walltime = 71.56064939498901 Simulated time = 0.3080686780349122
Cut timestep to 0.0119253329
Walltime = 72.57983446121216 Simulated time = 0.3080686780349122
Cut timestep to 0.0091733330
Walltime = 74.01287364959717 Simulated time = 0.3080686780349122
Stationary point detected!
Cut timestep to 0.0070564100
Walltime = 74.36033987998962 Simulated time = 0.3080686780349122
Stationary point detected!
Cut timestep to 0.0054280077
Walltime = 74.71328139305115 Simulated time = 0.3080686780349122
Stationary point detected!
Cut timestep to 0.0041753905
Walltime = 75.01964831352234 Simulated time = 0.3080686780349122
# 102 	T = 0.312244	DT = 0.00417539	NI = 4	LI=14
Walltime = 75.1937096118927 Simulated time = 0.31224406857625353
Cut timestep to 0.0041753905
Walltime = 76.13552594184875 Simulated time = 0.31224406857625353
Cut timestep to 0.0032118389
Walltime = 77.02718949317932 Simulated time = 0.31224406857625353
Cut timestep to 0.0024706453
Walltime = 77.99246978759766 Simulated time = 0.31224406857625353
Cut timestep to 0.0019004964
Walltime = 78.89512848854065 Simulated time = 0.31224406857625353
Cut timestep to 0.0014619203
Walltime = 79.73076820373535 Simulated time = 0.31224406857625353
Cut timestep to 0.0011245541
Walltime = 80.55655145645142 Simulated time = 0.31224406857625353
Cut timestep to 0.0008650416
Walltime = 81.3620195388794 Simulated time = 0.31224406857625353
# 103 	T = 0.313109	DT = 0.000865042	NI = 4	LI=15
Walltime = 81.54008507728577 Simulated time = 0.31310911016819165
# 104 	T = 0.314234	DT = 0.00112455	NI = 5	LI=19
Walltime = 81.77085757255554 Simulated time = 0.3142336642377112
# 105 	T = 0.315696	DT = 0.00146192	NI = 2	LI=5
Walltime = 81.85832929611206 Simulated time = 0.31569558452808666
# 106 	T = 0.317596	DT = 0.0019005	NI = 2	LI=5
Walltime = 81.94933271408081 Simulated time = 0.31759608090557473
# 107 	T = 0.320067	DT = 0.00247065	NI = 2	LI=6
Walltime = 82.06312990188599 Simulated time = 0.3200667261963092
# 108 	T = 0.323279	DT = 0.00321184	NI = 2	LI=7
Walltime = 82.1611328125 Simulated time = 0.32327856507426406
# 109 	T = 0.327454	DT = 0.00417539	NI = 2	LI=6
Walltime = 82.25398182868958 Simulated time = 0.32745395561560536
# 110 	T = 0.332882	DT = 0.00542801	NI = 2	LI=6
Walltime = 82.37427186965942 Simulated time = 0.33288196331934905
# 111 	T = 0.339938	DT = 0.00705641	NI = 2	LI=6
Walltime = 82.47333669662476 Simulated time = 0.3399383733342159
# 112 	T = 0.349112	DT = 0.00917333	NI = 1	LI=3
Walltime = 82.53188061714172 Simulated time = 0.3491117063535428
# 113 	T = 0.361037	DT = 0.0119253	NI = 2	LI=6
Walltime = 82.6538918018341 Simulated time = 0.3610370392786677
# 114 	T = 0.37654	DT = 0.0155029	NI = 2	LI=7
Walltime = 82.75589537620544 Simulated time = 0.3765399720813301
# 115 	T = 0.396694	DT = 0.0201538	NI = 2	LI=8
Walltime = 82.87449193000793 Simulated time = 0.3966937847247912
# 116 	T = 0.422894	DT = 0.0262	NI = 2	LI=7
Walltime = 82.98462224006653 Simulated time = 0.4228937411612907
# 117 	T = 0.456954	DT = 0.0340599	NI = 2	LI=8
Walltime = 83.11229085922241 Simulated time = 0.45695368452874
# 118 	T = 0.501232	DT = 0.0442779	NI = 2	LI=8
Walltime = 83.2343053817749 Simulated time = 0.5012316109064241
# 119 	T = 0.558793	DT = 0.0575613	NI = 2	LI=8
Walltime = 83.36278939247131 Simulated time = 0.5587929151974135
# 120 	T = 0.633623	DT = 0.0748297	NI = 2	LI=8
Walltime = 83.49278926849365 Simulated time = 0.6336226107756996
# 121 	T = 0.730901	DT = 0.0972786	NI = 2	LI=8
Walltime = 83.63472294807434 Simulated time = 0.7309012150274716
# 122 	T = 0.857363	DT = 0.126462	NI = 4	LI=19
Walltime = 83.8803973197937 Simulated time = 0.8573634005547752
# 123 	T = 1.02176	DT = 0.164401	NI = 4	LI=20
Walltime = 84.16390800476074 Simulated time = 1.02176424174027
# 124 	T = 1.23549	DT = 0.213721	NI = 4	LI=20
Walltime = 84.42787981033325 Simulated time = 1.235485335281413
Cut timestep to 0.2137210935
Walltime = 92.44144296646118 Simulated time = 1.235485335281413
Stationary point detected!
Cut timestep to 0.1644008412
Walltime = 92.90250492095947 Simulated time = 1.235485335281413
Stationary point detected!
Cut timestep to 0.1264621855
Walltime = 93.19494557380676 Simulated time = 1.235485335281413
Cut timestep to 0.0972786043
Walltime = 94.11849212646484 Simulated time = 1.235485335281413
Stationary point detected!
Cut timestep to 0.0748296956
Walltime = 94.5694785118103 Simulated time = 1.235485335281413
Stationary point detected!
Cut timestep to 0.0575613043
Walltime = 95.10744094848633 Simulated time = 1.235485335281413
Stationary point detected!
Cut timestep to 0.0442779264
Walltime = 95.47711658477783 Simulated time = 1.235485335281413
Stationary point detected!
Cut timestep to 0.0340599434
Walltime = 95.83614492416382 Simulated time = 1.235485335281413
Stationary point detected!
Cut timestep to 0.0261999564
Walltime = 96.24354076385498 Simulated time = 1.235485335281413
# 125 	T = 1.26169	DT = 0.0262	NI = 2	LI=7
Walltime = 96.34660506248474 Simulated time = 1.2616852917179124
Stationary point detected!
Cut timestep to 0.0261999564
Walltime = 96.71493864059448 Simulated time = 1.2616852917179124
Stationary point detected!
Cut timestep to 0.0201538126
Walltime = 97.06167459487915 Simulated time = 1.2616852917179124
Stationary point detected!
Cut timestep to 0.0155029328
Walltime = 97.4131407737732 Simulated time = 1.2616852917179124
Stationary point detected!
Cut timestep to 0.0119253329
Walltime = 97.76449775695801 Simulated time = 1.2616852917179124
Stationary point detected!
Cut timestep to 0.0091733330
Walltime = 98.12334871292114 Simulated time = 1.2616852917179124
Stationary point detected!
Cut timestep to 0.0070564100
Walltime = 98.46211385726929 Simulated time = 1.2616852917179124
# 126 	T = 1.26874	DT = 0.00705641	NI = 5	LI=19
Walltime = 98.6965446472168 Simulated time = 1.2687417017327793
# 127 	T = 1.27792	DT = 0.00917333	NI = 5	LI=18
Walltime = 98.93042969703674 Simulated time = 1.2779150347521062
# 128 	T = 1.28984	DT = 0.0119253	NI = 5	LI=18
Walltime = 99.15543413162231 Simulated time = 1.2898403676772312
Stationary point detected!
Cut timestep to 0.0119253329
Walltime = 99.51074075698853 Simulated time = 1.2898403676772312
Stationary point detected!
Cut timestep to 0.0091733330
Walltime = 99.84985256195068 Simulated time = 1.2898403676772312
Stationary point detected!
Cut timestep to 0.0070564100
Walltime = 100.22694134712219 Simulated time = 1.2898403676772312
Stationary point detected!
Cut timestep to 0.0054280077
Walltime = 100.61048626899719 Simulated time = 1.2898403676772312
Stationary point detected!
Cut timestep to 0.0041753905
Walltime = 100.92617464065552 Simulated time = 1.2898403676772312
Stationary point detected!
Cut timestep to 0.0032118389
Walltime = 101.28962874412537 Simulated time = 1.2898403676772312
Stationary point detected!
Cut timestep to 0.0024706453
Walltime = 101.65314531326294 Simulated time = 1.2898403676772312
Stationary point detected!
Cut timestep to 0.0019004964
Walltime = 102.16842794418335 Simulated time = 1.2898403676772312
Stationary point detected!
Cut timestep to 0.0014619203
Walltime = 102.60922431945801 Simulated time = 1.2898403676772312
Stationary point detected!
Cut timestep to 0.0011245541
Walltime = 103.10210943222046 Simulated time = 1.2898403676772312
Stationary point detected!
Cut timestep to 0.0008650416
Walltime = 103.48557138442993 Simulated time = 1.2898403676772312
# 129 	T = 1.29071	DT = 0.000865042	NI = 12	LI=38
Walltime = 104.02372360229492 Simulated time = 1.2907054092691694
# 130 	T = 1.29183	DT = 0.00112455	NI = 1	LI=1
Walltime = 104.08105254173279 Simulated time = 1.291829963338689
# 131 	T = 1.29329	DT = 0.00146192	NI = 1	LI=1
Walltime = 104.13605213165283 Simulated time = 1.2932918836290643
# 132 	T = 1.29519	DT = 0.0019005	NI = 1	LI=2
Walltime = 104.19162344932556 Simulated time = 1.2951923800065523
# 133 	T = 1.29766	DT = 0.00247065	NI = 1	LI=3
Walltime = 104.27662372589111 Simulated time = 1.297663025297287
# 134 	T = 1.30087	DT = 0.00321184	NI = 1	LI=3
Walltime = 104.34435176849365 Simulated time = 1.300874864175242
# 135 	T = 1.30505	DT = 0.00417539	NI = 1	LI=2
Walltime = 104.40335178375244 Simulated time = 1.3050502547165832
# 136 	T = 1.31048	DT = 0.00542801	NI = 1	LI=2
Walltime = 104.45856475830078 Simulated time = 1.3104782624203268
# 137 	T = 1.31753	DT = 0.00705641	NI = 1	LI=3
Walltime = 104.53914523124695 Simulated time = 1.3175346724351937
# 138 	T = 1.32671	DT = 0.00917333	NI = 1	LI=3
Walltime = 104.60903835296631 Simulated time = 1.3267080054545206
# 139 	T = 1.33863	DT = 0.0119253	NI = 1	LI=3
Walltime = 104.66403794288635 Simulated time = 1.3386333383796456
# 140 	T = 1.35414	DT = 0.0155029	NI = 2	LI=6
Walltime = 104.78510355949402 Simulated time = 1.354136271182308
# 141 	T = 1.37429	DT = 0.0201538	NI = 2	LI=7
Walltime = 104.89782118797302 Simulated time = 1.374290083825769
# 142 	T = 1.40049	DT = 0.0262	NI = 2	LI=7
Walltime = 105.02074265480042 Simulated time = 1.4004900402622684
# 143 	T = 1.43455	DT = 0.0340599	NI = 2	LI=7
Walltime = 105.13174247741699 Simulated time = 1.4345499836297178
# 144 	T = 1.47883	DT = 0.0442779	NI = 9	LI=42
Walltime = 105.61621928215027 Simulated time = 1.4788279100074018
# 145 	T = 1.53639	DT = 0.0575613	NI = 3	LI=14
Walltime = 105.76312565803528 Simulated time = 1.536389214298391
# 146 	T = 1.61122	DT = 0.0748297	NI = 2	LI=8
Walltime = 105.88938856124878 Simulated time = 1.6112189098766772
# 147 	T = 1.7085	DT = 0.0972786	NI = 2	LI=8
Walltime = 106.01489114761353 Simulated time = 1.708497514128449
# 148 	T = 1.83496	DT = 0.126462	NI = 4	LI=14
Walltime = 106.24321866035461 Simulated time = 1.8349596996557527
Stationary point detected!
Cut timestep to 0.1264621855
Walltime = 107.08054852485657 Simulated time = 1.8349596996557527
# 149 	T = 1.96142	DT = 0.126462	NI = 2	LI=9
Walltime = 107.18602013587952 Simulated time = 1.9614218851830563
Stationary point detected!
Cut timestep to 0.1264621855
Walltime = 107.7560932636261 Simulated time = 1.9614218851830563
# 150 	T = 2.08788	DT = 0.126462	NI = 3	LI=14
Walltime = 107.90254259109497 Simulated time = 2.08788407071036
# 151 	T = 2.25228	DT = 0.164401	NI = 2	LI=9
Walltime = 108.05071425437927 Simulated time = 2.252284911895855
# 152 	T = 2.46601	DT = 0.213721	NI = 3	LI=14
Walltime = 108.26812863349915 Simulated time = 2.466006005436998
# 153 	T = 2.74384	DT = 0.277837	NI = 2	LI=11
Walltime = 108.4464750289917 Simulated time = 2.7438434270404843
# 154 	T = 3.10503	DT = 0.361189	NI = 4	LI=26
Walltime = 108.76043319702148 Simulated time = 3.1050320751250164
# 155 	T = 3.57458	DT = 0.469545	NI = 5	LI=26
Walltime = 109.10971331596375 Simulated time = 3.5745773176349083
# 156 	T = 4.18499	DT = 0.610409	NI = 5	LI=31
Walltime = 109.51266646385193 Simulated time = 4.184986132897768
Cut timestep to 0.6104088153
Walltime = 110.73803400993347 Simulated time = 4.184986132897768
Cut timestep to 0.4695452425
Walltime = 111.87096500396729 Simulated time = 4.184986132897768
Cut timestep to 0.3611886481
Walltime = 112.89735150337219 Simulated time = 4.184986132897768
# 157 	T = 4.54617	DT = 0.361189	NI = 5	LI=27
Walltime = 113.15583825111389 Simulated time = 4.5461747809823
# 158 	T = 5.01572	DT = 0.469545	NI = 4	LI=21
Walltime = 113.35284328460693 Simulated time = 5.015720023492191
# 159 	T = 5.62613	DT = 0.610409	NI = 8	LI=34
Walltime = 113.85388040542603 Simulated time = 5.626128838755051
Stationary point detected!
Cut timestep to 0.6104088153
Walltime = 114.80615544319153 Simulated time = 5.626128838755051
# 160 	T = 6.23654	DT = 0.610409	NI = 11	LI=41
Walltime = 115.29200744628906 Simulated time = 6.23653765401791
# 161 	T = 7.03007	DT = 0.793531	NI = 7	LI=29
Walltime = 115.7029972076416 Simulated time = 7.030069113859627
# 162 	T = 8.06166	DT = 1.03159	NI = 7	LI=26
Walltime = 116.15818452835083 Simulated time = 8.061660011653858
# 163 	T = 9.40273	DT = 1.34107	NI = 4	LI=22
Walltime = 116.51956224441528 Simulated time = 9.40272817878636
# 164 	T =  10	DT = 0.597272	NI = 3	LI=16
TS = 164(117), NI = 449(1733), LI = 1470(5486)
well_head_depth_pressure =  175.96349999999998
The string 'wbhp' is found as control!
Walltime = 0.0 Simulated time = 10.0
# 1 	T = 11.7434	DT = 1.74339	NI = 4	LI=22
Walltime = 0.3653578758239746 Simulated time = 11.743388617272252
# 2 	T = 14.0098	DT = 2.26641	NI = 4	LI=22
Walltime = 0.7540788650512695 Simulated time = 14.00979381972618
# 3 	T = 16.9561	DT = 2.94633	NI = 5	LI=24
Walltime = 1.1946783065795898 Simulated time = 16.956120582916288
Cut timestep to 2.3414457054
Walltime = 2.643233299255371 Simulated time = 16.956120582916288
Cut timestep to 1.8011120811
Walltime = 3.8152318000793457 Simulated time = 16.956120582916288
Cut timestep to 1.3854708316
Walltime = 5.017545223236084 Simulated time = 16.956120582916288
Cut timestep to 1.0657467936
Walltime = 6.222589492797852 Simulated time = 16.956120582916288
Cut timestep to 0.8198052258
Walltime = 7.46313738822937 Simulated time = 16.956120582916288
Cut timestep to 0.6306194045
Walltime = 8.523367404937744 Simulated time = 16.956120582916288
Cut timestep to 0.4850918496
Walltime = 9.661396265029907 Simulated time = 16.956120582916288
Cut timestep to 0.3731475766
Walltime = 10.792087078094482 Simulated time = 16.956120582916288
Cut timestep to 0.2870365974
Walltime = 11.870745420455933 Simulated time = 16.956120582916288
Cut timestep to 0.2207973826
Walltime = 12.947169065475464 Simulated time = 16.956120582916288
Cut timestep to 0.1698441405
Walltime = 13.979714155197144 Simulated time = 16.956120582916288
Cut timestep to 0.1306493388
Walltime = 14.965547561645508 Simulated time = 16.956120582916288
Cut timestep to 0.1004994914
Walltime = 15.920640707015991 Simulated time = 16.956120582916288
Cut timestep to 0.0773073011
Walltime = 16.844775676727295 Simulated time = 16.956120582916288
Cut timestep to 0.0594671547
Walltime = 17.803303241729736 Simulated time = 16.956120582916288
Cut timestep to 0.0457439651
Walltime = 18.71327304840088 Simulated time = 16.956120582916288
Cut timestep to 0.0351876655
Walltime = 19.6344895362854 Simulated time = 16.956120582916288
Cut timestep to 0.0270674350
Walltime = 20.560601711273193 Simulated time = 16.956120582916288
Cut timestep to 0.0208211038
Walltime = 21.45017981529236 Simulated time = 16.956120582916288
# 4 	T = 16.9769	DT = 0.0208211	NI = 4	LI=12
Walltime = 21.625746250152588 Simulated time = 16.97694168675569
Cut timestep to 0.0208211038
Walltime = 22.551806449890137 Simulated time = 16.97694168675569
Cut timestep to 0.0160162337
Walltime = 23.440448760986328 Simulated time = 16.97694168675569
# 5 	T = 16.993	DT = 0.0160162	NI = 3	LI=6
Walltime = 23.566579818725586 Simulated time = 16.992957920478307
Cut timestep to 0.0160162337
Walltime = 24.450066804885864 Simulated time = 16.992957920478307
# 6 	T = 17.009	DT = 0.0160162	NI = 2	LI=4
Walltime = 24.542031288146973 Simulated time = 17.008974154200924
# 7 	T = 17.0298	DT = 0.0208211	NI = 2	LI=4
Walltime = 24.642029285430908 Simulated time = 17.029795258040327
# 8 	T = 17.0569	DT = 0.0270674	NI = 2	LI=4
Walltime = 24.765150785446167 Simulated time = 17.05686269303155
# 9 	T = 17.0921	DT = 0.0351877	NI = 3	LI=7
Walltime = 24.900370597839355 Simulated time = 17.09205035852014
# 10 	T = 17.1378	DT = 0.045744	NI = 3	LI=8
Walltime = 25.060367822647095 Simulated time = 17.137794323655307
# 11 	T = 17.1973	DT = 0.0594672	NI = 3	LI=8
Walltime = 25.20208430290222 Simulated time = 17.197261478331026
# 12 	T = 17.2746	DT = 0.0773073	NI = 3	LI=8
Walltime = 25.35810112953186 Simulated time = 17.27456877940946
# 13 	T = 17.3751	DT = 0.100499	NI = 3	LI=10
Walltime = 25.510279655456543 Simulated time = 17.375068270811425
# 14 	T = 17.5057	DT = 0.130649	NI = 3	LI=10
Walltime = 25.673688888549805 Simulated time = 17.50571760963398
# 15 	T = 17.6756	DT = 0.169844	NI = 3	LI=11
Walltime = 25.828970670700073 Simulated time = 17.6755617501033
# 16 	T = 17.8964	DT = 0.220797	NI = 3	LI=13
Walltime = 26.004014253616333 Simulated time = 17.896359132713414
Cut timestep to 0.2207973826
Walltime = 26.96727681159973 Simulated time = 17.896359132713414
Cut timestep to 0.1698441405
Walltime = 27.948795318603516 Simulated time = 17.896359132713414
# 17 	T = 18.0662	DT = 0.169844	NI = 7	LI=33
Walltime = 28.284214735031128 Simulated time = 18.066203273182733
# 18 	T = 18.287	DT = 0.220797	NI = 4	LI=15
Walltime = 28.46934747695923 Simulated time = 18.28700065579285
# 19 	T = 18.574	DT = 0.287037	NI = 4	LI=18
Walltime = 28.676708936691284 Simulated time = 18.574037253186
# 20 	T = 18.9472	DT = 0.373148	NI = 5	LI=21
Walltime = 28.91921043395996 Simulated time = 18.947184829797095
# 21 	T = 19.4323	DT = 0.485092	NI = 2	LI=11
Walltime = 29.029207229614258 Simulated time = 19.432276679391517
# 22 	T =  20	DT = 0.567723	NI = 3	LI=12
TS = 186(141), NI = 524(2213), LI = 1753(7301)
well_head_depth_pressure =  175.96349999999998
The string 'wbhp' is found as control!
Walltime = 0.0 Simulated time = 20.0
# 1 	T = 20.6306	DT = 0.630619	NI = 2	LI=10
Walltime = 0.19400286674499512 Simulated time = 20.63061940447275
# 2 	T = 21.4504	DT = 0.819805	NI = 2	LI=9
Walltime = 0.43869519233703613 Simulated time = 21.450424630287326
# 3 	T = 22.5162	DT = 1.06575	NI = 3	LI=19
Walltime = 0.7605068683624268 Simulated time = 22.516171423846274
# 4 	T = 23.9016	DT = 1.38547	NI = 3	LI=18
Walltime = 1.0817584991455078 Simulated time = 23.901642255472908
# 5 	T = 25.7028	DT = 1.80111	NI = 3	LI=15
Walltime = 1.4087769985198975 Simulated time = 25.70275433658753
# 6 	T = 28.0442	DT = 2.34145	NI = 3	LI=20
Walltime = 1.7654261589050293 Simulated time = 28.04420004203654
# 7 	T =  30	DT = 1.9558	NI = 2	LI=11
TS = 193(141), NI = 542(2213), LI = 1855(7301)
well_head_depth_pressure =  175.96349999999998
The string 'wbhp' is found as control!
Walltime = 0.0 Simulated time = 30.0
# 1 	T = 33.0439	DT = 3.04388	NI = 3	LI=20
Walltime = 0.3844635486602783 Simulated time = 33.043879417083716
# 2 	T = 37.0009	DT = 3.95704	NI = 3	LI=19
Walltime = 0.7933924198150635 Simulated time = 37.00092265929254
# 3 	T =  40	DT = 2.99908	NI = 3	LI=24
TS = 196(141), NI = 551(2213), LI = 1918(7301)
well_head_depth_pressure =  175.96349999999998
The string 'wbhp' is found as control!
Walltime = 0.0 Simulated time = 40.0
Cut timestep to 3.9570432422
Walltime = 1.3817439079284668 Simulated time = 40.0
# 1 	T = 43.957	DT = 3.95704	NI = 3	LI=18
Walltime = 1.6952667236328125 Simulated time = 43.957043242208826
# 2 	T = 49.1012	DT = 5.14416	NI = 3	LI=20
Walltime = 2.11281418800354 Simulated time = 49.1011994570803
# 3 	T =  50	DT = 0.898801	NI = 3	LI=15
TS = 199(142), NI = 560(2233), LI = 1971(7374)
well_head_depth_pressure =  175.96349999999998
The string 'wbhp' is found as control!
Walltime = 0.0 Simulated time = 50.0
# 1 	T = 56.6874	DT = 6.6874	NI = 3	LI=19
Walltime = 0.4906027317047119 Simulated time = 56.68740307933292
# 2 	T =  60	DT = 3.3126	NI = 3	LI=18
TS = 201(142), NI = 566(2233), LI = 2008(7374)
